PASS tests/date-range-warning.test.ts
  Date-Range Warning Modal (Phase 4)
    Î“ÃªÃœ modal shows for date range > 365 days (89 ms)
    Î“ÃªÃœ clicking "Adjust Range" returns false (cancels load) (7 ms)
    Î“ÃªÃœ clicking "Continue Anyway" returns true (proceeds with load) (7 ms)
    Î“ÃªÃœ modal does not show for date range <= 365 days (2 ms)
    Î“ÃªÃœ modal displays correct day count (7 ms)
    Î“ÃªÃœ modal can be shown multiple times (6 ms)

PASS tests/local-mode-integration.test.ts (6.03 s)
  Local Mode Integration
    UI State Changes
      Î“ÃªÃœ hides download button in local mode (51 ms)
      Î“ÃªÃœ displays "Local Dashboard" in header (46 ms)
    Dataset Loading
      Î“ÃªÃœ requests dataset from configured DATASET_PATH (5 ms)
      Î“ÃªÃœ uses default path when DATASET_PATH not set (4 ms)
    Error Handling
      Î“ÃªÃœ shows error state when dataset-manifest.json missing (7 ms)
    Mode Detection
      Î“ÃªÃœ isLocalMode returns true when LOCAL_DASHBOARD_MODE is true (2 ms)
      Î“ÃªÃœ isLocalMode returns false for non-boolean truthy values (1 ms)
      Î“ÃªÃœ getLocalDatasetPath returns DATASET_PATH or default (2 ms)

PASS tests/error-codes.test.ts (6.074 s)
  Error Codes
    ErrorCodes object
      Î“ÃªÃœ defines all required error types (17 ms)
      Î“ÃªÃœ each error has required fields (13 ms)
      Î“ÃªÃœ defines predictions-specific errors (1 ms)
      Î“ÃªÃœ defines AI insights-specific errors (1 ms)
    getErrorByCode
      Î“ÃªÃœ finds error by code string
      Î“ÃªÃœ returns null for unknown code
      Î“ÃªÃœ finds predictions error codes (1 ms)
    createErrorMessage
      Î“ÃªÃœ creates message from error key (30 ms)
      Î“ÃªÃœ includes optional details in message
      Î“ÃªÃœ falls back to UNKNOWN for invalid key

PASS tests/sdk-bundling.test.ts
  SDK Bundling Integrity
    VSS.SDK.min.js
      Î“ÃªÃœ exists in extension/ui folder (2 ms)
      Î“ÃªÃœ is non-empty (1 ms)
      Î“ÃªÃœ contains VSS namespace definition
    index.html
      Î“ÃªÃœ references local SDK file
      Î“ÃªÃœ does not reference versioned CDN URL (1 ms)
      Î“ÃªÃœ loads SDK before other scripts
    settings.html
      Î“ÃªÃœ references local SDK file (2 ms)
      Î“ÃªÃœ does not reference versioned CDN URL
      Î“ÃªÃœ loads SDK before settings.js (1 ms)
    package.json
      Î“ÃªÃœ includes vss-web-extension-sdk dependency

PASS tests/metrics.test.ts
  Metrics Collector (Phase 4)
    Î“ÃªÃœ Production mode ignores __DASHBOARD_DEBUG__ (1 ms)
    Î“ÃªÃœ Production mode ignores ?debug param (1 ms)
    Î“ÃªÃœ Debug mode enables metrics with __DASHBOARD_DEBUG__
    Î“ÃªÃœ Debug mode enables metrics with ?debug param (1 ms)
    Î“ÃªÃœ Metrics collector mark() creates performance mark (2 ms)
    Î“ÃªÃœ Metrics collector measure() creates performance measure (2 ms)
    Î“ÃªÃœ Metrics collector reset() clears all metrics (1 ms)

  console.warn
    Advisory: innerHTML patterns that may need review: [
      'E:\\projects\\ado-git-repo-insights\\extension\\ui\\dashboard.ts:1260: innerHTML with arrow - consider using escapeHtml()',
      'E:\\projects\\ado-git-repo-insights\\extension\\ui\\dashboard.ts:1260: innerHTML with sign - consider using escapeHtml()',
      'E:\\projects\\ado-git-repo-insights\\extension\\ui\\dashboard.ts:1260: innerHTML with absChange.toFixed(0) - consider using escapeHtml()',
      'E:\\projects\\ado-git-repo-insights\\extension\\ui\\dashboard.ts:1701: innerHTML with svgContent - consider using escapeHtml()',
      'E:\\projects\\ado-git-repo-insights\\extension\\ui\\dashboard.ts:1701: innerHTML with legendHtml - consider using escapeHtml()'
    ]

    [0m [90m 148 |[39m     [90m// The violations list helps identify areas that may need additional review[39m
     [90m 149 |[39m     [36mif[39m (violations[33m.[39mlength [33m>[39m [35m0[39m) {
    [31m[1m>[22m[39m[90m 150 |[39m       console[33m.[39mwarn(
     [90m     |[39m               [31m[1m^[22m[39m
     [90m 151 |[39m         [32m"Advisory: innerHTML patterns that may need review:"[39m[33m,[39m
     [90m 152 |[39m         violations[33m.[39mslice([35m0[39m[33m,[39m [35m5[39m)[33m,[39m
     [90m 153 |[39m       )[33m;[39m[0m

      at Object.<anonymous> (tests/security-invariants.test.ts:150:15)

PASS tests/security-invariants.test.ts (6.417 s)
  Security Invariants
    Î“ÃªÃœ No shell: true in extension source code (20 ms)
    Î“ÃªÃœ No innerHTML with template literals containing variables in UI source (63 ms)
    Î“ÃªÃœ Python executable allowlist is enforced (1 ms)
    Î“ÃªÃœ Path traversal protection utility exists (1 ms)

PASS tests/ado-sdk.test.ts
  ADO SDK Mocks
    createSdkMock
      Î“ÃªÃœ creates mock with default values (2 ms)
      Î“ÃªÃœ allows custom access token
      Î“ÃªÃœ allows custom web context (1 ms)
      Î“ÃªÃœ provides required SDK methods (1 ms)
    createBuildApiMock
      Î“ÃªÃœ returns successful runs and artifacts for SUCCESS scenario (1 ms)
      Î“ÃªÃœ returns empty runs for NO_RUNS scenario (1 ms)
      Î“ÃªÃœ returns empty artifacts for NO_ARTIFACTS scenario (1 ms)
      Î“ÃªÃœ throws 403 for PERMISSION_DENIED scenario (1 ms)
      Î“ÃªÃœ throws 404 for NOT_FOUND scenario
      Î“ÃªÃœ throws 503 for TRANSIENT_ERROR scenario (1 ms)
      Î“ÃªÃœ generates artifact content URLs
    installSdkMocks
      Î“ÃªÃœ installs SDK on global object (1 ms)
      Î“ÃªÃœ returns the created SDK
    BuildApiScenarios
      Î“ÃªÃœ defines all required scenarios

PASS tests/vsix-packaging.test.ts
  VSIX Packaging Contract (Tier A)
    Addressable Files Configuration
      Î“ÃªÃœ must package dist/ui (compiled), not ui (source) (3 ms)
      Î“ÃªÃœ dist/ui directory must exist at test time (1 ms)
    Contribution URI Validation (ALL entrypoints)
      Î“ÃªÃœ every contribution with a URI must reference an existing file (1 ms)
      Î“ÃªÃœ all hub contributions must reference dist/ui/ (2 ms)
      Î“ÃªÃœ no contribution URI should reference old ui/ path (1 ms)
    dist/ui Contains Required Assets
      Î“ÃªÃœ must contain dashboard.js (1 ms)
      Î“ÃªÃœ must contain settings.js
      Î“ÃªÃœ must contain index.html (1 ms)
      Î“ÃªÃœ must contain settings.html (31 ms)
      Î“ÃªÃœ must contain styles.css (1 ms)
      Î“ÃªÃœ must contain VSS.SDK.min.js
      Î“ÃªÃœ must contain error-types.js (1 ms)
      Î“ÃªÃœ must contain artifact-client.js
      Î“ÃªÃœ must contain dataset-loader.js
    No TypeScript Source in dist/ui
      Î“ÃªÃœ must NOT contain any source .ts files (excluding .d.ts declarations)
    IIFE Format Invariant (Critical - Prevents tsc Overwrite)
      Î“ÃªÃœ dashboard.js must be IIFE format (no import/export) (2 ms)
      Î“ÃªÃœ settings.js must be IIFE format (no import/export) (2 ms)
      Î“ÃªÃœ dataset-loader.js must be IIFE format (no import/export) (1 ms)
      Î“ÃªÃœ artifact-client.js must be IIFE format (no import/export) (3 ms)
      Î“ÃªÃœ error-types.js must be IIFE format (no import/export) (1 ms)
      Î“ÃªÃœ dashboard.js must expose expected global (1 ms)
      Î“ÃªÃœ settings.js must expose expected global (1 ms)
    HTML References Correct JS Files
      Î“ÃªÃœ index.html must reference .js files (not .ts) (1 ms)
      Î“ÃªÃœ settings.html must reference .js files (not .ts) (1 ms)

PASS tests/api-patterns.test.ts
  Build API Call Patterns
    getDefinitions queryOrder requirement
      Î“ÃªÃœ should verify ALL getDefinitions calls in dashboard.ts have queryOrder at position 5 (23 ms)
      Î“ÃªÃœ should verify ALL getDefinitions calls in settings.ts have queryOrder at position 5 (16 ms)
      Î“ÃªÃœ should have at least 3 getDefinitions calls in dashboard.ts with correct pattern (1 ms)
      Î“ÃªÃœ should document the API parameter signature for reference (1 ms)
    DefinitionQueryOrder enum values
      Î“ÃªÃœ should have definitionNameAscending = 2 (1 ms)
      Î“ÃªÃœ should use definitionNameAscending (2) as the standard queryOrder value

PASS tests/pipeline-artifact-url.test.ts
  Artifact File Access
    downloadUrl Construction
      Î“ÃªÃœ replaces format=zip with format=file (17 ms)
      Î“ÃªÃœ adds format=file if not present (1 ms)
      Î“ÃªÃœ adds subPath parameter with URL-encoded path (4 ms)
      Î“ÃªÃœ normalizes path to have leading slash
      Î“ÃªÃœ handles nested paths correctly (1 ms)
    Artifact File Paths
      Î“ÃªÃœ manifest is at artifact ROOT, not in aggregates subfolder
      Î“ÃªÃœ dimensions.json is inside aggregates subfolder (1 ms)
      Î“ÃªÃœ weekly rollup paths from manifest include aggregates prefix
      Î“ÃªÃœ distribution paths from manifest include aggregates prefix (1 ms)
    Regression Prevention
      Î“ÃªÃœ Build API does NOT support $format=file
      Î“ÃªÃœ downloadUrl is the correct approach for Pipeline Artifacts
      Î“ÃªÃœ subPath must have leading slash for root-level files (1 ms)

  console.warn
    Could not clear stale setting: Error: Storage error
        at Object.<anonymous> (E:\projects\ado-git-repo-insights\extension\tests\production-issues.test.ts:393:47)
        at Promise.then.completed (E:\projects\ado-git-repo-insights\extension\node_modules\jest-circus\build\utils.js:298:28)
        at new Promise (<anonymous>)
        at callAsyncCircusFn (E:\projects\ado-git-repo-insights\extension\node_modules\jest-circus\build\utils.js:231:10)
        at _callCircusTest (E:\projects\ado-git-repo-insights\extension\node_modules\jest-circus\build\run.js:316:40)
        at processTicksAndRejections (node:internal/process/task_queues:103:5)
        at _runTest (E:\projects\ado-git-repo-insights\extension\node_modules\jest-circus\build\run.js:252:3)
        at _runTestsForDescribeBlock (E:\projects\ado-git-repo-insights\extension\node_modules\jest-circus\build\run.js:126:9)
        at _runTestsForDescribeBlock (E:\projects\ado-git-repo-insights\extension\node_modules\jest-circus\build\run.js:121:9)
        at _runTestsForDescribeBlock (E:\projects\ado-git-repo-insights\extension\node_modules\jest-circus\build\run.js:121:9)
        at run (E:\projects\ado-git-repo-insights\extension\node_modules\jest-circus\build\run.js:71:3)
        at runAndTransformResultsToJestFormat (E:\projects\ado-git-repo-insights\extension\node_modules\jest-circus\build\legacy-code-todo-rewrite\jestAdapterInit.js:122:21)
        at jestAdapter (E:\projects\ado-git-repo-insights\extension\node_modules\jest-circus\build\legacy-code-todo-rewrite\jestAdapter.js:79:19)
        at runTestInternal (E:\projects\ado-git-repo-insights\extension\node_modules\jest-runner\build\runTest.js:367:16)
        at runTest (E:\projects\ado-git-repo-insights\extension\node_modules\jest-runner\build\runTest.js:444:34)
        at Object.worker (E:\projects\ado-git-repo-insights\extension\node_modules\jest-runner\build\testWorker.js:106:12)

    [0m [90m 400 |[39m           })[33m;[39m
     [90m 401 |[39m         } [36mcatch[39m (e) {
    [31m[1m>[22m[39m[90m 402 |[39m           console[33m.[39mwarn([32m"Could not clear stale setting:"[39m[33m,[39m e)[33m;[39m
     [90m     |[39m                   [31m[1m^[22m[39m
     [90m 403 |[39m           [90m// Don't rethrow - this is best-effort cleanup[39m
     [90m 404 |[39m         }
     [90m 405 |[39m       }[33m;[39m[0m

      at clearStalePipelineSetting (tests/production-issues.test.ts:402:19)
      at Object.<anonymous> (tests/production-issues.test.ts:408:7)

PASS tests/cross-project-settings.test.ts (6.89 s)
  Cross-Project Settings
    dashboard.ts configuration
      Î“ÃªÃœ should have SETTINGS_KEY_PROJECT constant (13 ms)
      Î“ÃªÃœ should have SETTINGS_KEY_PIPELINE constant (1 ms)
      Î“ÃªÃœ should have getSourceConfig function that returns both projectId and pipelineId (9 ms)
      Î“ÃªÃœ should read project setting with SETTINGS_KEY_PROJECT (1 ms)
      Î“ÃªÃœ should log source project origin (14 ms)
      Î“ÃªÃœ should use targetProjectId for ArtifactClient initialization (2 ms)
      Î“ÃªÃœ should pass targetProjectId to resolveFromPipelineId (13 ms)
      Î“ÃªÃœ should pass targetProjectId to discoverAndResolve (2 ms)
    settings.ts configuration
      Î“ÃªÃœ should have SETTINGS_KEY_PROJECT constant matching dashboard (1 ms)
      Î“ÃªÃœ should have SETTINGS_KEY_PIPELINE constant matching dashboard
      Î“ÃªÃœ should have tryLoadProjectDropdown for graceful degradation (1 ms)
      Î“ÃªÃœ should have getOrganizationProjects for dropdown population (20 ms)
      Î“ÃªÃœ should have projectDropdownAvailable flag
      Î“ÃªÃœ should save project ID separately from pipeline ID
    settings keys consistency
      Î“ÃªÃœ should use the same settings keys in both files (1 ms)
    vss-extension.json manifest
      Î“ÃªÃœ should have vso.project scope for listing projects
      Î“ÃªÃœ should have vso.build scope for accessing artifacts
      Î“ÃªÃœ should have vso.settings scope for extension data

PASS tests/production-issues.test.ts (6.925 s)
  Issue 1: PartiallySucceeded Builds Acceptance
    resultFilter bitmask
      Î“ÃªÃœ should use resultFilter=6 to include both Succeeded and PartiallySucceeded (40 ms)
      Î“ÃªÃœ resultFilter=2 excludes PartiallySucceeded builds (1 ms)
      Î“ÃªÃœ resultFilter=6 includes PartiallySucceeded builds
      Î“ÃªÃœ resultFilter=6 includes Succeeded builds
      Î“ÃªÃœ resultFilter=6 excludes Failed builds (31 ms)
    Build filtering logic
      Î“ÃªÃœ old resultFilter=2 would miss first-run PartiallySucceeded builds (2 ms)
      Î“ÃªÃœ new resultFilter=6 includes first-run PartiallySucceeded builds (1 ms)
      Î“ÃªÃœ new resultFilter=6 still excludes Failed and Canceled builds (1 ms)
    First-run scenario simulation
      Î“ÃªÃœ first run build should be detected with new resultFilter (1 ms)
      Î“ÃªÃœ subsequent successful runs should still be detected
    Error message clarity
      Î“ÃªÃœ error message mentions PartiallySucceeded as acceptable (1 ms)
      Î“ÃªÃœ error message explains why first runs may be partial (1 ms)
  Issue 2: Stale Settings and Auto-Discovery Fallback
    Settings persistence behavior
      Î“ÃªÃœ Extension Data Service settings persist across reinstalls
    Configuration resolution with fallback
      Î“ÃªÃœ uses saved pipelineId when valid (4 ms)
      Î“ÃªÃœ falls back to discovery when saved pipelineId is invalid (1 ms)
      Î“ÃªÃœ clears stale setting automatically on fallback (1 ms)
      Î“ÃªÃœ does NOT fall back when query pipelineId fails (explicit override) (60 ms)
      Î“ÃªÃœ uses discovery when no settings exist (1 ms)
    clearStalePipelineSetting behavior
      Î“ÃªÃœ sets pipeline setting to null (1 ms)
      Î“ÃªÃœ handles errors gracefully without throwing (105 ms)
    Settings page validation
      Î“ÃªÃœ returns valid=true for existing pipeline with builds (1 ms)
      Î“ÃªÃœ returns valid=false when pipeline definition not found (deleted) (2 ms)
      Î“ÃªÃœ returns valid=false when no successful builds exist (1 ms)
    Re-discover pipelines functionality
      Î“ÃªÃœ discovers pipelines with aggregates artifact (1 ms)
      Î“ÃªÃœ returns empty when no pipelines have aggregates
      Î“ÃªÃœ skips pipelines with no successful builds (1 ms)
    End-to-end scenario: Extension reinstall
      Î“ÃªÃœ automatically discovers new pipeline after reinstall (1 ms)
      Î“ÃªÃœ next load uses discovery directly after stale setting cleared (1 ms)
  Combined: First-run PartiallySucceeded + Auto-discovery
    Î“ÃªÃœ discovers first-run PartiallySucceeded build after reinstall (1 ms)
    Î“ÃªÃœ old resultFilter would have missed first-run after reinstall
  Regression Prevention
    resultFilter value must be 6
      Î“ÃªÃœ resolveFromPipelineId should use resultFilter=6
      Î“ÃªÃœ discoverInsightsPipelines should use resultFilter=6
    Fallback behavior must be preserved
      Î“ÃªÃœ saved pipeline errors should trigger discovery fallback
      Î“ÃªÃœ query param errors should NOT trigger discovery fallback (1 ms)
    Settings clearing must be automatic
      Î“ÃªÃœ stale settings should be cleared on fallback (1 ms)
  Phase 5 Feature Flag (Predictions & AI Insights)
    Feature flag behavior
      Î“ÃªÃœ ENABLE_PHASE5_FEATURES should be true (Phase 5 enabled) (20 ms)
      Î“ÃªÃœ Phase 5 tabs should be hidden when feature flag is false (2 ms)
      Î“ÃªÃœ Phase 5 tabs should be visible when feature flag is true (1 ms)
    initializePhase5Features function
      Î“ÃªÃœ does not modify tabs when flag is false (4 ms)
      Î“ÃªÃœ shows tabs when flag is true (2 ms)
    Coming Soon state
      Î“ÃªÃœ Phase 5 tabs have "hidden" class by default in HTML (116 ms)
      Î“ÃªÃœ Phase 5 tabs have "phase5-tab" marker class (9 ms)
      Î“ÃªÃœ Phase 5 content shows "Coming Soon" message (15 ms)
      Î“ÃªÃœ Phase 5 content has "coming-soon" CSS class (22 ms)
    Regression prevention
      Î“ÃªÃœ Phase 5 feature flag constant must exist (3 ms)
      Î“ÃªÃœ When Phase 5 is enabled, tabs should become visible (25 ms)

FAIL tests/synthetic-fixtures.test.ts
  Î“Ã¹Ã… Test suite failed to run

    tests/synthetic-fixtures.test.ts:157:37 - error TS2339: Property 'users' does not exist on type 'DimensionsData'.

    157     expect(Array.isArray(dimensions.users)).toBe(true);
                                            ~~~~~

PASS tests/dataset-loader-nested.test.ts (7.077 s)
  DatasetLoader Nested Layout Resolution
    DATASET_CANDIDATE_PATHS
      Î“ÃªÃœ includes only supported candidate paths in priority order (13 ms)
    resolveDatasetRoot
      Î“ÃªÃœ finds manifest at root (base URL) (4 ms)
      Î“ÃªÃœ finds manifest in aggregates/ subdirectory (2 ms)
      Î“ÃªÃœ deprecated aggregates/aggregates layout is NOT supported (1 ms)
      Î“ÃªÃœ returns null when manifest not found in any candidate (1 ms)
      Î“ÃªÃœ handles network errors gracefully and continues probing (1 ms)
      Î“ÃªÃœ caches result and returns same value on subsequent calls (1 ms)
      Î“ÃªÃœ works with empty base URL (1 ms)
    loadManifest with nested layouts
      Î“ÃªÃœ auto-resolves dataset root before loading manifest (2 ms)
      Î“ÃªÃœ uses resolved effective base URL for all subsequent paths (2 ms)
    resolvePath with effective base URL
      Î“ÃªÃœ uses effective base URL after resolution (1 ms)
      Î“ÃªÃœ falls back to base URL when resolution finds nothing

PASS tests/auth-pattern.test.ts (7.204 s)
  ArtifactClient Authentication Pattern
    initialize()
      Î“ÃªÃœ should use VSS.getAccessToken() for authentication (12 ms)
      Î“ÃªÃœ should NOT use VSS.getService() for authentication (2 ms)
      Î“ÃªÃœ should extract token from getAccessToken result correctly (1 ms)
      Î“ÃªÃœ should handle getAccessToken returning token in correct format (1 ms)
    SDK ServiceIds verification
      Î“ÃªÃœ should verify AuthTokenService is NOT in bundled SDK ServiceIds (1 ms)
      Î“ÃªÃœ should verify VSS.getAccessToken exists as the correct auth method (2 ms)
    authenticated fetch behavior
      Î“ÃªÃœ should use Bearer token in Authorization header (2 ms)

  console.log
    [DatasetLoader] Found manifest at: E:\projects\ado-git-repo-insights\extension\tests\fixtures\legacy-datasets/dataset-manifest.json

      at DatasetLoader.resolveDatasetRoot (ui/dataset-loader.ts:371:19)

  console.log
    [DatasetLoader] Found manifest at: E:\projects\ado-git-repo-insights\extension\tests\fixtures\legacy-datasets/dataset-manifest.json

      at DatasetLoader.resolveDatasetRoot (ui/dataset-loader.ts:371:19)

  console.log
    [DatasetLoader] Found manifest at: E:\projects\ado-git-repo-insights\extension\tests\fixtures\legacy-datasets/dataset-manifest.json

      at DatasetLoader.resolveDatasetRoot (ui/dataset-loader.ts:371:19)

  console.log
    [DatasetLoader] Found manifest at: E:\projects\ado-git-repo-insights\extension\tests\fixtures\legacy-datasets/dataset-manifest.json

      at DatasetLoader.resolveDatasetRoot (ui/dataset-loader.ts:371:19)

  console.log
    [DatasetLoader] Found manifest at: E:\projects\ado-git-repo-insights\extension\tests\fixtures\legacy-datasets/dataset-manifest.json

      at DatasetLoader.resolveDatasetRoot (ui/dataset-loader.ts:371:19)

  console.log
    [DatasetLoader] Found manifest at: E:\projects\ado-git-repo-insights\extension\tests\fixtures\legacy-datasets/dataset-manifest.json

      at DatasetLoader.resolveDatasetRoot (ui/dataset-loader.ts:371:19)

PASS tests/version-adapter-integration.test.ts (7.193 s)
  Version Adapter Integration
    getWeeklyRollups (synchronous loading)
      Î“ÃªÃœ normalizes v1.0 rollup (minimal fields) (84 ms)
      Î“ÃªÃœ normalizes v1.1 rollup (with cycle times) (5 ms)
      Î“ÃªÃœ normalizes v1.2 rollup (with contributors) (4 ms)
      Î“ÃªÃœ preserves current schema without data loss (8 ms)
    getWeeklyRollupsWithProgress (concurrent loading)
      Î“ÃªÃœ normalizes rollups in concurrent path (10 ms)
    Graceful degradation
      Î“ÃªÃœ handles malformed rollup gracefully (4 ms)

PASS tests/fixtures.test.ts (7.319 s)
  Golden Fixtures
    Fixture files exist
      Î“ÃªÃœ has dataset-manifest.json (35 ms)
      Î“ÃªÃœ has dimensions.json
      Î“ÃªÃœ has weekly rollup fixture
      Î“ÃªÃœ has predictions fixture (1 ms)
      Î“ÃªÃœ has insights fixture (1 ms)
    Fixture schema validation
      Î“ÃªÃœ manifest has required schema versions (1 ms)
      Î“ÃªÃœ manifest has required feature flags (1 ms)
      Î“ÃªÃœ predictions fixture passes schema validation (1 ms)
      Î“ÃªÃœ insights fixture passes schema validation
    Fixture content validation
      Î“ÃªÃœ weekly rollup has expected structure (2 ms)
      Î“ÃªÃœ dimensions has filter values
      Î“ÃªÃœ predictions has forecasts array
      Î“ÃªÃœ insights has all severity levels (1 ms)

  console.error
    [DatasetLoader] Invalid predictions schema: Unsupported schema version: 99

    [0m [90m 828 |[39m       [36mconst[39m validationResult [33m=[39m [36mthis[39m[33m.[39mvalidatePredictionsSchema(predictions)[33m;[39m
     [90m 829 |[39m       [36mif[39m ([33m![39mvalidationResult[33m.[39mvalid) {
    [31m[1m>[22m[39m[90m 830 |[39m         console[33m.[39merror(
     [90m     |[39m                 [31m[1m^[22m[39m
     [90m 831 |[39m           [32m"[DatasetLoader] Invalid predictions schema:"[39m[33m,[39m
     [90m 832 |[39m           validationResult[33m.[39merror[33m,[39m
     [90m 833 |[39m         )[33m;[39m[0m

      at DatasetLoader.loadPredictions (ui/dataset-loader.ts:830:17)
      at Object.<anonymous> (tests/dataset-loader.test.ts:226:22)

  console.error
    [DatasetLoader] Invalid predictions schema: Unsupported schema version: 99

    [0m [90m 828 |[39m       [36mconst[39m validationResult [33m=[39m [36mthis[39m[33m.[39mvalidatePredictionsSchema(predictions)[33m;[39m
     [90m 829 |[39m       [36mif[39m ([33m![39mvalidationResult[33m.[39mvalid) {
    [31m[1m>[22m[39m[90m 830 |[39m         console[33m.[39merror(
     [90m     |[39m                 [31m[1m^[22m[39m
     [90m 831 |[39m           [32m"[DatasetLoader] Invalid predictions schema:"[39m[33m,[39m
     [90m 832 |[39m           validationResult[33m.[39merror[33m,[39m
     [90m 833 |[39m         )[33m;[39m[0m

      at DatasetLoader.loadPredictions (ui/dataset-loader.ts:830:17)
      at Object.<anonymous> (tests/dataset-loader.test.ts:273:24)

  console.error
    [DatasetLoader] Invalid insights schema: Unsupported schema version: 99

    [0m [90m 877 |[39m       [36mconst[39m validationResult [33m=[39m [36mthis[39m[33m.[39mvalidateInsightsSchema(insights)[33m;[39m
     [90m 878 |[39m       [36mif[39m ([33m![39mvalidationResult[33m.[39mvalid) {
    [31m[1m>[22m[39m[90m 879 |[39m         console[33m.[39merror(
     [90m     |[39m                 [31m[1m^[22m[39m
     [90m 880 |[39m           [32m"[DatasetLoader] Invalid insights schema:"[39m[33m,[39m
     [90m 881 |[39m           validationResult[33m.[39merror[33m,[39m
     [90m 882 |[39m         )[33m;[39m[0m

      at DatasetLoader.loadInsights (ui/dataset-loader.ts:879:17)
      at Object.<anonymous> (tests/dataset-loader.test.ts:321:22)

PASS tests/dataset-loader.test.ts (7.416 s)
  DatasetLoader
    validatePredictionsSchema
      Î“ÃªÃœ returns { valid: true } for valid input (10 ms)
      Î“ÃªÃœ returns { valid: false, error } for missing data (1 ms)
      Î“ÃªÃœ returns { valid: false, error } for missing schema_version (18 ms)
      Î“ÃªÃœ returns { valid: false, error } for unsupported schema version (1 ms)
      Î“ÃªÃœ returns { valid: false, error } for missing forecasts array (1 ms)
      Î“ÃªÃœ returns { valid: false, error } for invalid forecast structure
    validateInsightsSchema
      Î“ÃªÃœ returns { valid: true } for valid input (1 ms)
      Î“ÃªÃœ returns typed error object, never throws (1 ms)
      Î“ÃªÃœ returns { valid: false, error } for missing schema_version (1 ms)
      Î“ÃªÃœ returns { valid: false, error } for missing insights array
      Î“ÃªÃœ returns { valid: false, error } for invalid insight structure
    loadPredictions state machine
      Î“ÃªÃœ returns { state: "disabled" } when feature flag is false
      Î“ÃªÃœ returns { state: "missing" } on 404 (1 ms)
      Î“ÃªÃœ returns { state: "auth" } on 401 (1 ms)
      Î“ÃªÃœ returns { state: "auth" } on 403 (1 ms)
      Î“ÃªÃœ returns { state: "invalid" } on schema failure (72 ms)
      Î“ÃªÃœ returns { state: "ok", data } on success (1 ms)
      Î“ÃªÃœ always returns typed state object (never null or undefined) (16 ms)
    loadInsights state machine
      Î“ÃªÃœ returns { state: "disabled" } when feature flag is false (1 ms)
      Î“ÃªÃœ returns { state: "missing" } on 404
      Î“ÃªÃœ returns { state: "auth" } on 401 (1 ms)
      Î“ÃªÃœ returns { state: "invalid" } on schema failure (9 ms)
      Î“ÃªÃœ returns { state: "ok", data } on success
    isFeatureEnabled
      Î“ÃªÃœ returns false when manifest is not loaded
      Î“ÃªÃœ returns true when feature flag is true
      Î“ÃªÃœ returns false when feature flag is false (1 ms)

PASS tests/vsix-artifact-inspection.test.ts
  VSIX Artifact Inspection (Tier B)
    Actual VSIX Contents
      Î“ÃªÃœ VSIX contains dist/ui directory (1 ms)
      Î“ÃªÃœ VSIX contains dist/ui/*.js files (1 ms)
      Î“ÃªÃœ VSIX contains dist/ui/*.html files
      Î“ÃªÃœ VSIX does NOT contain ui/*.ts source files (1 ms)
      Î“ÃªÃœ VSIX does NOT contain top-level ui/ directory
      Î“ÃªÃœ all contribution URIs resolve to files inside the VSIX

PASS tests/smoke-render.test.ts (7.711 s)
  Smoke Render Tests (ADO Simulation)
    Settings Page
      Î“ÃªÃœ settings.html loads scripts without throwing (184 ms)
      Î“ÃªÃœ settings.html has required DOM elements (30 ms)
      Î“ÃªÃœ settings page is not blank (has visible content) (23 ms)
    Dashboard Page
      Î“ÃªÃœ index.html loads all scripts in dependency order without throwing (66 ms)
      Î“ÃªÃœ index.html has required DOM elements (48 ms)
      Î“ÃªÃœ dashboard page is not blank (has visible content) (34 ms)
      Î“ÃªÃœ dashboard exposes DatasetLoader global after script load (33 ms)
    Script Format Validation (No ESM)
      Î“ÃªÃœ dashboard.js does not use ESM import/export syntax (1 ms)
      Î“ÃªÃœ settings.js does not use ESM import/export syntax

PASS tests/dashboard.test.ts (8.05 s)
  Dashboard Rendering
    renderPredictions
      Î“ÃªÃœ handles null input safely (never throws) (16 ms)
      Î“ÃªÃœ handles undefined input safely (never throws) (4 ms)
      Î“ÃªÃœ renders stub warning when is_stub=true (4 ms)
      Î“ÃªÃœ does not render stub warning when is_stub=false (3 ms)
      Î“ÃªÃœ handles null container safely (1 ms)
    renderAIInsights
      Î“ÃªÃœ groups insights by severity correctly (10 ms)
      Î“ÃªÃœ handles null input safely (never throws) (2 ms)
      Î“ÃªÃœ handles undefined input safely (never throws) (1 ms)
      Î“ÃªÃœ renders stub warning when is_stub=true (2 ms)
    Error State Rendering
      Î“ÃªÃœ Missing state shows "Not generated yet" message for predictions (3 ms)
      Î“ÃªÃœ Invalid state shows "Unable to display" + diagnostic code for predictions (3 ms)
      Î“ÃªÃœ Empty state shows "No data yet" message for insights (2 ms)
      Î“ÃªÃœ Invalid state shows "Unable to display" + diagnostic code for insights (2 ms)
      Î“ÃªÃœ rendering functions handle null container (never throw) (2 ms)
    Date-Range Warning UX
      Î“ÃªÃœ Range > 365 days Î“Ã¥Ã† modal visible, load blocked (6 ms)
      Î“ÃªÃœ "Adjust Range" click Î“Ã¥Ã† modal hidden, returns false (load cancelled) (3 ms)
      Î“ÃªÃœ "Continue" click Î“Ã¥Ã† modal hidden, returns true (load proceeds) (3 ms)
      Î“ÃªÃœ Modal displays correct day count (2 ms)
      Î“ÃªÃœ Modal can be shown multiple times (5 ms)
      applyCustomDates integration
        Î“ÃªÃœ Range <= 365 days Î“Ã¥Ã† no modal, load proceeds immediately (2 ms)
        Î“ÃªÃœ Range exactly 366 days Î“Ã¥Ã† modal shown (2 ms)
        Î“ÃªÃœ Large range + user cancels Î“Ã¥Ã† load cancelled (1 ms)
  Utility Functions
    formatDuration
      Î“ÃªÃœ formats minutes correctly
      Î“ÃªÃœ formats hours correctly
      Î“ÃªÃœ formats days correctly (1 ms)
      Î“ÃªÃœ rounds minutes properly
    median
      Î“ÃªÃœ calculates median for odd-length arrays
      Î“ÃªÃœ calculates median for even-length arrays
      Î“ÃªÃœ handles edge cases (1 ms)
  Sprint 1: Trend Deltas & Metrics
    calculateMetrics
      Î“ÃªÃœ calculates metrics from rollups correctly
      Î“ÃªÃœ handles empty rollups (1 ms)
      Î“ÃªÃœ handles null/undefined rollups
      Î“ÃªÃœ handles missing fields in rollups
      Î“ÃªÃœ filters out null cycle time values
    calculatePercentChange
      Î“ÃªÃœ calculates positive change correctly (1 ms)
      Î“ÃªÃœ calculates negative change correctly
      Î“ÃªÃœ returns null for zero previous value
      Î“ÃªÃœ returns null for null/undefined values (1 ms)
      Î“ÃªÃœ handles zero current value
    getPreviousPeriod
      Î“ÃªÃœ calculates previous period correctly for 30-day range
      Î“ÃªÃœ calculates previous period correctly for 90-day range
      Î“ÃªÃœ handles year boundaries
    renderDelta
      Î“ÃªÃœ renders positive delta with up arrow (2 ms)
      Î“ÃªÃœ renders negative delta with down arrow (1 ms)
      Î“ÃªÃœ renders neutral delta for small changes (1 ms)
      Î“ÃªÃœ applies inverse logic for cycle time (lower is better) (1 ms)
      Î“ÃªÃœ clears element for null percentChange (1 ms)
      Î“ÃªÃœ handles null element without throwing
      Î“ÃªÃœ handles boundary value of exactly 2% (2 ms)
      Î“ÃªÃœ handles boundary value of -2% (1 ms)
  Sprint 3: Sparklines & Moving Average
    calculateMovingAverage
      Î“ÃªÃœ calculates 4-week moving average correctly (1 ms)
      Î“ÃªÃœ handles custom window size
      Î“ÃªÃœ handles array shorter than window (1 ms)
      Î“ÃªÃœ handles empty array
      Î“ÃªÃœ handles single element
    extractSparklineData
      Î“ÃªÃœ extracts all metric arrays from rollups (1 ms)
      Î“ÃªÃœ handles missing fields with defaults (1 ms)
      Î“ÃªÃœ filters out null/undefined cycle times
      Î“ÃªÃœ returns empty arrays for null/undefined input
    renderSparkline
      Î“ÃªÃœ renders SVG with path elements (3 ms)
      Î“ÃªÃœ limits to last 8 data points (1 ms)
      Î“ÃªÃœ clears element for insufficient data (1 ms)
      Î“ÃªÃœ clears element for null values (1 ms)
      Î“ÃªÃœ handles null element without throwing (1 ms)
      Î“ÃªÃœ handles flat data (all same values) (1 ms)
      Î“ÃªÃœ includes viewBox attribute for proper scaling (1 ms)
  Sprint 4: Charts & Tooltips
    addChartTooltips
      Î“ÃªÃœ attaches event listeners to chart dots (4 ms)
      Î“ÃªÃœ hides tooltip on mouseleave (4 ms)
      Î“ÃªÃœ updates tooltip content on different dot hover (3 ms)
    renderCycleTimeTrend
      Î“ÃªÃœ renders no-data message for empty rollups (1 ms)
      Î“ÃªÃœ renders no-data message for single rollup (1 ms)
    renderReviewerActivity
      Î“ÃªÃœ renders no-data message for empty rollups (1 ms)
      Î“ÃªÃœ renders no-data message when all reviewers_count are zero (2 ms)
  Sprint 5: Comparison Mode & Export
    showToast
      Î“ÃªÃœ creates toast with success type (3 ms)
      Î“ÃªÃœ creates toast with error type (1 ms)
      Î“ÃªÃœ defaults to success type (2 ms)
      Î“ÃªÃœ removes toast after 3 seconds (3 ms)
    exportToCsv
      Î“ÃªÃœ generates valid CSV content (1 ms)
      Î“ÃªÃœ handles missing fields gracefully (1 ms)
      Î“ÃªÃœ shows error toast for empty data
      Î“ÃªÃœ shows error toast for null data
    downloadRawDataZip
      Î“ÃªÃœ shows error when buildId is not available (1 ms)
      Î“ÃªÃœ shows error when artifact is not found (1 ms)
      Î“ÃªÃœ shows error when download URL is missing (1 ms)
      Î“ÃªÃœ adds format=zip to URL if not present
      Î“ÃªÃœ preserves format=zip if already present
      Î“ÃªÃœ handles 403 permission denied
      Î“ÃªÃœ handles 401 unauthorized
      Î“ÃªÃœ handles other fetch errors (1 ms)
      Î“ÃªÃœ hides export menu when called
    Comparison Mode State
      Î“ÃªÃœ toggles comparison mode on button click (2 ms)
      Î“ÃªÃœ exits comparison mode (2 ms)
    updateComparisonBanner
      Î“ÃªÃœ updates banner with formatted date ranges (20 ms)
    URL State Management
      Î“ÃªÃœ serializes date range to URL params (2 ms)
      Î“ÃªÃœ serializes filters to URL params (1 ms)
      Î“ÃªÃœ includes comparison mode flag
      Î“ÃªÃœ omits empty values (1 ms)
  Client-Side Filtering (applyFiltersToRollups)
    Î“ÃªÃœ returns original rollups when no filters are active
    Î“ÃªÃœ filters by repository using by_repository slices (1 ms)
    Î“ÃªÃœ aggregates metrics across multiple selected repos (1 ms)
    Î“ÃªÃœ returns zeroed metrics when selected repos not found
    Î“ÃªÃœ returns original rollup when no slices available for filter
    Î“ÃªÃœ filters by team using by_team slices (1 ms)
    Î“ÃªÃœ handles null cycle time values in aggregation
    Î“ÃªÃœ preserves other rollup fields when filtering (1 ms)
  Sprint 2: Filter Management
    createFilterChip
      Î“ÃªÃœ creates repo chip with correct structure
      Î“ÃªÃœ creates team chip with correct structure (1 ms)
    Filter UI Updates
      Î“ÃªÃœ shows clear button when filters are active (6 ms)
      Î“ÃªÃœ hides clear button when no filters (4 ms)
      Î“ÃªÃœ clears all filters on clear button click (7 ms)
    restoreFiltersFromUrl
      Î“ÃªÃœ restores repo filters from URL params (6 ms)
      Î“ÃªÃœ restores team filters from URL params (2 ms)
      Î“ÃªÃœ handles missing URL params gracefully (1 ms)
      Î“ÃªÃœ handles invalid filter values gracefully (repos not in dimensions) (3 ms)
      Î“ÃªÃœ ignores unknown URL query keys (1 ms)
      Î“ÃªÃœ handles malformed URL params gracefully (1 ms)
    URL State Round-Trip
      Î“ÃªÃœ round-trip preserves filter state
      Î“ÃªÃœ stable ordering in serialization (1 ms)
      Î“ÃªÃœ round-trip with date range
      Î“ÃªÃœ empty state produces empty URL
    populateFilterDropdowns
      Î“ÃªÃœ populates repo dropdown from dimensions using repository_name (4 ms)
      Î“ÃªÃœ populates team dropdown from dimensions using team_name (3 ms)
      Î“ÃªÃœ hides filter group when no dimensions available (2 ms)
      Î“ÃªÃœ handles null dimensions gracefully (1 ms)
      Î“ÃªÃœ filter values match by_repository keys in weekly rollups (3 ms)
      Î“ÃªÃœ filter values match by_team keys in weekly rollups (3 ms)
  Local Mode Detection
    isLocalMode
      Î“ÃªÃœ returns false when LOCAL_DASHBOARD_MODE is not set (1 ms)
      Î“ÃªÃœ returns true when LOCAL_DASHBOARD_MODE is true
      Î“ÃªÃœ returns false when LOCAL_DASHBOARD_MODE is false (7 ms)
      Î“ÃªÃœ returns false when LOCAL_DASHBOARD_MODE is a non-boolean truthy value
      Î“ÃªÃœ returns false when LOCAL_DASHBOARD_MODE is 1
    getLocalDatasetPath
      Î“ÃªÃœ returns default path when DATASET_PATH is not set (1 ms)
      Î“ÃªÃœ returns configured path when DATASET_PATH is set
      Î“ÃªÃœ returns DATASET_PATH even if empty string
    Local Mode Initialization Path
      Î“ÃªÃœ creates DatasetLoader with correct path in local mode (1 ms)
      Î“ÃªÃœ sets currentBuildId to null in local mode
  Version Adapter Pattern
    normalizeRollup
      Î“ÃªÃœ handles null input
      Î“ÃªÃœ handles undefined input (1 ms)
      Î“ÃªÃœ handles non-object input (1 ms)
      Î“ÃªÃœ preserves existing fields
      Î“ÃªÃœ provides defaults for missing fields (old schema)
      Î“ÃªÃœ does not override existing null values (1 ms)
      Î“ÃªÃœ does not override zero values
      Î“ÃªÃœ preserves by_repository slices when present
      Î“ÃªÃœ preserves by_team slices when present (1 ms)
    normalizeRollups
      Î“ÃªÃœ handles null input
      Î“ÃªÃœ handles undefined input
      Î“ÃªÃœ handles non-array input (1 ms)
      Î“ÃªÃœ handles empty array
      Î“ÃªÃœ normalizes all rollups in array
      Î“ÃªÃœ handles mixed valid and invalid entries (1 ms)
    Backward Compatibility Scenarios
      Î“ÃªÃœ v1.0 rollup (minimal fields) normalizes correctly (1 ms)
      Î“ÃªÃœ v1.1 rollup (with cycle times) normalizes correctly
      Î“ÃªÃœ v1.2 rollup (with contributor counts) normalizes correctly (1 ms)
      Î“ÃªÃœ v1.3 rollup (current with slices) stays unchanged

  console.log
    {"test":"fixture_generation_1k","duration_ms":2864.2808999999997,"budget_ms":10000,"baseline_ms":5000}

      at Object.<anonymous> (tests/performance.test.ts:76:13)

  console.log
    {"test":"manifest_parse","duration_ms":0.5471999999990658,"budget_ms":50,"baseline_ms":10}

      at Object.<anonymous> (tests/performance.test.ts:121:13)

  console.log
    {"test":"bulk_json_parse","duration_ms":14.299000000000888,"budget_ms":500,"baseline_ms":100,"files_parsed":50}

      at Object.<anonymous> (tests/performance.test.ts:165:13)

  console.log
    {"test":"memory_footprint","memory_delta_mb":0.0663299560546875,"budget_mb":20,"baseline_mb":10}

      at Object.<anonymous> (tests/performance.test.ts:223:13)

PASS tests/chunked-loading.test.ts (8.167 s)
  Phase 4: Chunked Loading
    fetchSemaphore
      Î“ÃªÃœ enforces max 4 concurrent fetches (28 ms)
      Î“ÃªÃœ processes queue in FIFO order (31 ms)
    createRollupCache with injected clock
      Î“ÃªÃœ returns cached value within TTL (1 ms)
      Î“ÃªÃœ expires cache after TTL (1 ms)
      Î“ÃªÃœ evicts oldest by touchedAt when at capacity (1 ms)
      Î“ÃªÃœ throws if cache key missing required fields (25 ms)
    getWeeklyRollupsWithProgress
      Î“ÃªÃœ returns explicit missingWeeks[] for 404s (19 ms)
      Î“ÃªÃœ returns explicit failedWeeks[] for 5xx after retry (216 ms)
      Î“ÃªÃœ throws AUTH_REQUIRED if authError && data.length === 0 (1 ms)
      Î“ÃªÃœ returns degraded state if partial auth success (1 ms)
      Î“ÃªÃœ calls onProgress with correct semantics (1 ms)
      Î“ÃªÃœ retries go through semaphore (216 ms)
      Î“ÃªÃœ stress test: randomized completion order with fixed seed (172 ms)

  console.warn
    [PERF] 1000pr-fixture-gen: 664.63ms vs baseline 335.00ms (98.4% change) - WARNING

    [0m [90m 338 |[39m           [36mthrow[39m [36mnew[39m [33mError[39m([32m`${message} - REGRESSION DETECTED`[39m)[33m;[39m
     [90m 339 |[39m         } [36melse[39m {
    [31m[1m>[22m[39m[90m 340 |[39m           console[33m.[39mwarn([32m`${message} - WARNING`[39m)[33m;[39m
     [90m     |[39m                   [31m[1m^[22m[39m
     [90m 341 |[39m         }
     [90m 342 |[39m       } [36melse[39m {
     [90m 343 |[39m         console[33m.[39mlog(message)[33m;[39m[0m

      at checkRegression (tests/performance.test.ts:340:19)
      at Object.<anonymous> (tests/performance.test.ts:376:7)

  console.log
    {"test":"fixture_generation_1000pr","duration_ms":664.6273999999994,"budget_ms":10000,"baseline_ms":335}

      at Object.<anonymous> (tests/performance.test.ts:378:15)

  console.log
    [PERF] 1000pr-manifest-parse: 0.17ms vs baseline 10.00ms (-98.3% change)

      at checkRegression (tests/performance.test.ts:343:17)

  console.log
    [PERF] 1000pr-bulk-parse: 5.70ms vs baseline 100.00ms (-94.3% change)

      at checkRegression (tests/performance.test.ts:343:17)

  console.warn
    [PERF] 5000pr-fixture-gen: 747.03ms vs baseline 345.00ms (116.5% change) - WARNING

    [0m [90m 338 |[39m           [36mthrow[39m [36mnew[39m [33mError[39m([32m`${message} - REGRESSION DETECTED`[39m)[33m;[39m
     [90m 339 |[39m         } [36melse[39m {
    [31m[1m>[22m[39m[90m 340 |[39m           console[33m.[39mwarn([32m`${message} - WARNING`[39m)[33m;[39m
     [90m     |[39m                   [31m[1m^[22m[39m
     [90m 341 |[39m         }
     [90m 342 |[39m       } [36melse[39m {
     [90m 343 |[39m         console[33m.[39mlog(message)[33m;[39m[0m

      at checkRegression (tests/performance.test.ts:340:19)
      at Object.<anonymous> (tests/performance.test.ts:376:7)

  console.log
    {"test":"fixture_generation_5000pr","duration_ms":747.0321000000004,"budget_ms":50000,"baseline_ms":345}

      at Object.<anonymous> (tests/performance.test.ts:378:15)

  console.log
    [PERF] 5000pr-manifest-parse: 0.31ms vs baseline 12.00ms (-97.4% change)

      at checkRegression (tests/performance.test.ts:343:17)

  console.log
    [PERF] 5000pr-bulk-parse: 11.00ms vs baseline 224.00ms (-95.1% change)

      at checkRegression (tests/performance.test.ts:343:17)

  console.warn
    [PERF] 10000pr-fixture-gen: 696.00ms vs baseline 341.00ms (104.1% change) - WARNING

    [0m [90m 338 |[39m           [36mthrow[39m [36mnew[39m [33mError[39m([32m`${message} - REGRESSION DETECTED`[39m)[33m;[39m
     [90m 339 |[39m         } [36melse[39m {
    [31m[1m>[22m[39m[90m 340 |[39m           console[33m.[39mwarn([32m`${message} - WARNING`[39m)[33m;[39m
     [90m     |[39m                   [31m[1m^[22m[39m
     [90m 341 |[39m         }
     [90m 342 |[39m       } [36melse[39m {
     [90m 343 |[39m         console[33m.[39mlog(message)[33m;[39m[0m

      at checkRegression (tests/performance.test.ts:340:19)
      at Object.<anonymous> (tests/performance.test.ts:376:7)

  console.log
    {"test":"fixture_generation_10000pr","duration_ms":695.9975999999988,"budget_ms":100000,"baseline_ms":341}

      at Object.<anonymous> (tests/performance.test.ts:378:15)

  console.log
    [PERF] 10000pr-manifest-parse: 0.16ms vs baseline 15.00ms (-98.9% change)

      at checkRegression (tests/performance.test.ts:343:17)

  console.log
    [PERF] 10000pr-bulk-parse: 6.14ms vs baseline 316.00ms (-98.1% change)

      at checkRegression (tests/performance.test.ts:343:17)

PASS tests/performance.test.ts (20.046 s)
  Performance Baseline Tests (Simplified)
    Î“ÃªÃœ 1k PR fixture generation completes within budget (3075 ms)
    Î“ÃªÃœ manifest parsing completes within budget (3 ms)
    Î“ÃªÃœ bulk JSON parsing (all rollups) completes within budget (16 ms)
    Î“ÃªÃœ memory footprint for 1k dataset remains within ceiling (3 ms)
  Scaling Performance at 1000 PRs
    Î“ÃªÃœ 1000 PR fixture generation within budget (3689 ms)
    Î“ÃªÃœ 1000 PR manifest parse within budget (2 ms)
    Î“ÃªÃœ 1000 PR bulk JSON parse scales sub-linearly (31 ms)
  Scaling Performance at 5000 PRs
    Î“ÃªÃœ 5000 PR fixture generation within budget (4042 ms)
    Î“ÃªÃœ 5000 PR manifest parse within budget (4 ms)
    Î“ÃªÃœ 5000 PR bulk JSON parse scales sub-linearly (73 ms)
  Scaling Performance at 10000 PRs
    Î“ÃªÃœ 10000 PR fixture generation within budget (3755 ms)
    Î“ÃªÃœ 10000 PR manifest parse within budget (2 ms)
    Î“ÃªÃœ 10000 PR bulk JSON parse scales sub-linearly (32 ms)

Summary of all failing tests
FAIL tests/synthetic-fixtures.test.ts
  Î“Ã¹Ã… Test suite failed to run

    tests/synthetic-fixtures.test.ts:157:37 - error TS2339: Property 'users' does not exist on type 'DimensionsData'.

    157     expect(Array.isArray(dimensions.users)).toBe(true);
                                            ~~~~~


Test Suites: 1 failed, 22 passed, 23 total
Tests:       425 passed, 425 total
Snapshots:   0 total
Time:        22.869 s
Ran all test suites.
