This file contains any messages produced by compilers while
running configure, to aid debugging if configure makes a mistake.

It was created by semigroups configure GAP package, which was
generated by GNU Autoconf 2.72.  Invocation command line was

  $ ./configure --prefix=/Users/runner/sage-local --libdir=/Users/runner/sage-local/lib --disable-static --disable-maintainer-mode --disable-dependency-tracking --with-gaproot=/Users/runner/sage-local/lib/gap/ --with-external-libsemigroups

## --------- ##
## Platform. ##
## --------- ##

hostname = sjc20-cw752-f55fc800-d786-420d-bb32-727b0cf63f98-4671C7464C41.local
uname -m = x86_64
uname -r = 24.6.0
uname -s = Darwin
uname -v = Darwin Kernel Version 24.6.0: Wed Nov  5 21:30:23 PST 2025; root:xnu-11417.140.69.705.2~1/RELEASE_X86_64

/usr/bin/uname -p = i386
/bin/uname -X     = unknown

/bin/arch              = unknown
/usr/bin/arch -k       = unknown
/usr/convex/getsysinfo = unknown
/usr/bin/hostinfo      = Mach kernel version:
	 Darwin Kernel Version 24.6.0: Wed Nov  5 21:30:23 PST 2025; root:xnu-11417.140.69.705.2~1/RELEASE_X86_64
Kernel configured for up to 4 processors.
4 processors are physically available.
4 processors are logically available.
Processor type: x86_64h (Intel x86-64h Haswell)
Processors active: 0 1 2 3
Primary memory available: 14.00 gigabytes
Default processor set: 633 tasks, 1622 threads, 4 processors
Load average: 11.46, Mach factor: 0.32
/bin/machine           = unknown
/usr/bin/oslevel       = unknown
/bin/universe          = unknown

PATH: /Users/runner/sage-local/libexec/ccache/
PATH: /Users/runner/work/passagemath/passagemath/build/bin/
PATH: /Users/runner/work/passagemath/passagemath/tools/
PATH: /Users/runner/sage-local/var/lib/sage/venv-python3.9/bin/
PATH: /Users/runner/sage-local/bin/
PATH: /Users/runner/sage-local/libexec/ccache/
PATH: /Users/runner/work/passagemath/passagemath/build/bin/
PATH: /Users/runner/work/passagemath/passagemath/tools/
PATH: /Users/runner/sage-local/bin/
PATH: /Users/runner/work/passagemath/passagemath/src/bin/
PATH: /Users/runner/sage-local/bin/
PATH: /Users/runner/work/passagemath/passagemath/build/bin/
PATH: /Users/runner/work/passagemath/passagemath/src/bin/
PATH: /Users/runner/sage-local/bin/
PATH: /usr/local/opt/make/libexec/gnubin/
PATH: /usr/local/opt/texinfo/bin/
PATH: /usr/local/opt/bzip2/bin/
PATH: /Users/runner/work/passagemath/passagemath/prefix/bin/
PATH: /usr/local/lib/ruby/gems/3.3.0/bin/
PATH: /usr/local/opt/ruby@3.3/bin/
PATH: /usr/local/opt/pipx_bin/
PATH: /Users/runner/.cargo/bin/
PATH: /usr/local/opt/curl/bin/
PATH: /usr/local/bin/
PATH: /usr/local/sbin/
PATH: /Users/runner/bin/
PATH: /Users/runner/.yarn/bin/
PATH: /Users/runner/Library/Android/sdk/tools/
PATH: /Users/runner/Library/Android/sdk/platform-tools/
PATH: /Library/Frameworks/Python.framework/Versions/Current/bin/
PATH: /Library/Frameworks/Mono.framework/Versions/Current/Commands/
PATH: /usr/bin/
PATH: /bin/
PATH: /usr/sbin/
PATH: /sbin/
PATH: /Users/runner/.dotnet/tools/


## ----------- ##
## Core tests. ##
## ----------- ##

configure:2600: looking for aux files: config.guess config.sub
configure:2613:  trying ./
configure:2642:   ./config.guess found
configure:2642:   ./config.sub found
configure:2895: checking for C++ compiler version
configure:2904: g++ -std=gnu++17 --version >&5
Apple clang version 17.0.0 (clang-1700.0.13.5)
Target: x86_64-apple-darwin24.6.0
Thread model: posix
InstalledDir: /Applications/Xcode_16.4.app/Contents/Developer/Toolchains/XcodeDefault.xctoolchain/usr/bin
configure:2915: $? = 0
configure:2904: g++ -std=gnu++17 -v >&5
Apple clang version 17.0.0 (clang-1700.0.13.5)
Target: x86_64-apple-darwin24.6.0
Thread model: posix
InstalledDir: /Applications/Xcode_16.4.app/Contents/Developer/Toolchains/XcodeDefault.xctoolchain/usr/bin
configure:2915: $? = 0
configure:2904: g++ -std=gnu++17 -V >&5
clang++: error: argument to '-V' is missing (expected 1 value)
clang++: error: no input files
configure:2915: $? = 1
configure:2904: g++ -std=gnu++17 -qversion >&5
clang++: error: unknown argument '-qversion'; did you mean '--version'?
clang++: error: no input files
configure:2915: $? = 1
configure:2935: checking whether the C++ compiler works
configure:2957: g++ -std=gnu++17 -g -O2  -L/Users/runner/sage-local/lib -L/Users/runner/sage-local/lib -L/Users/runner/sage-local/lib -Wl,-ld_classic -Wl,-headerpad_max_install_names  conftest.cpp  >&5
ld: warning: -ld_classic is deprecated and will be removed in a future release
configure:2961: $? = 0
configure:3012: result: yes
configure:3016: checking for C++ compiler default output file name
configure:3018: result: a.out
configure:3024: checking for suffix of executables
configure:3031: g++ -std=gnu++17 -o conftest -g -O2  -L/Users/runner/sage-local/lib -L/Users/runner/sage-local/lib -L/Users/runner/sage-local/lib -Wl,-ld_classic -Wl,-headerpad_max_install_names  conftest.cpp  >&5
ld: warning: -ld_classic is deprecated and will be removed in a future release
configure:3035: $? = 0
configure:3059: result: 
configure:3083: checking whether we are cross compiling
configure:3091: g++ -std=gnu++17 -o conftest -g -O2  -L/Users/runner/sage-local/lib -L/Users/runner/sage-local/lib -L/Users/runner/sage-local/lib -Wl,-ld_classic -Wl,-headerpad_max_install_names  conftest.cpp  >&5
ld: warning: -ld_classic is deprecated and will be removed in a future release
configure:3095: $? = 0
configure:3102: ./conftest
configure:3106: $? = 0
configure:3121: result: no
configure:3127: checking for suffix of object files
configure:3150: g++ -std=gnu++17 -c -g -O2  conftest.cpp >&5
configure:3154: $? = 0
configure:3178: result: o
configure:3182: checking whether the compiler supports GNU C++
configure:3202: g++ -std=gnu++17 -c -g -O2  conftest.cpp >&5
configure:3202: $? = 0
configure:3214: result: yes
configure:3225: checking whether g++ -std=gnu++17 accepts -g
configure:3246: g++ -std=gnu++17 -c -g  conftest.cpp >&5
configure:3246: $? = 0
configure:3293: result: yes
configure:3313: checking for g++ -std=gnu++17 option to enable C++11 features
configure:3328: g++ -std=gnu++17  -c -g -O2  conftest.cpp >&5
conftest.cpp:175:25: warning: empty parentheses interpreted as a function declaration [-Wvexing-parse]
  175 |   cxx11test::delegate d2();
      |                         ^~
conftest.cpp:175:25: note: remove parentheses to declare a variable
  175 |   cxx11test::delegate d2();
      |                         ^~
1 warning generated.
configure:3328: $? = 0
configure:3347: result: none needed
configure:3432: checking whether g++ -std=gnu++17 supports C++14 features by default
configure:3853: g++ -std=gnu++17 -c -g -O2  conftest.cpp >&5
configure:3853: $? = 0
configure:3863: result: yes
configure:4816: checking for GAP root directory
configure:4833: result: /Users/runner/sage-local/lib/gap
configure:4857: checking for GAP architecture
configure:4864: result: x86_64-apple-darwin24-default64-kv10
configure:4915: checking build system type
configure:4931: result: x86_64-apple-darwin24.6.0
configure:4951: checking host system type
configure:4966: result: x86_64-apple-darwin24.6.0
configure:5049: checking for gcc
configure:5082: result: gcc
configure:5441: checking for C compiler version
configure:5450: gcc --version >&5
Apple clang version 17.0.0 (clang-1700.0.13.5)
Target: x86_64-apple-darwin24.6.0
Thread model: posix
InstalledDir: /Applications/Xcode_16.4.app/Contents/Developer/Toolchains/XcodeDefault.xctoolchain/usr/bin
configure:5461: $? = 0
configure:5450: gcc -v >&5
Apple clang version 17.0.0 (clang-1700.0.13.5)
Target: x86_64-apple-darwin24.6.0
Thread model: posix
InstalledDir: /Applications/Xcode_16.4.app/Contents/Developer/Toolchains/XcodeDefault.xctoolchain/usr/bin
configure:5461: $? = 0
configure:5450: gcc -V >&5
clang: error: argument to '-V' is missing (expected 1 value)
clang: error: no input files
configure:5461: $? = 1
configure:5450: gcc -qversion >&5
clang: error: unknown argument '-qversion'; did you mean '--version'?
clang: error: no input files
configure:5461: $? = 1
configure:5450: gcc -version >&5
clang: error: unknown argument '-version'; did you mean '--version'?
clang: error: no input files
configure:5461: $? = 1
configure:5465: checking whether the compiler supports GNU C
configure:5485: gcc -c -g -O2  conftest.c >&5
configure:5485: $? = 0
configure:5497: result: yes
configure:5508: checking whether gcc accepts -g
configure:5529: gcc -c -g  conftest.c >&5
configure:5529: $? = 0
configure:5576: result: yes
configure:5596: checking for gcc option to enable C11 features
configure:5611: gcc  -c -g -O2  conftest.c >&5
configure:5611: $? = 0
configure:5630: result: none needed
configure:5748: checking for a sed that does not truncate output
configure:5820: result: /usr/bin/sed
configure:5831: checking how to run the C preprocessor
configure:5857: gcc -E  conftest.c
configure:5857: $? = 0
configure:5873: gcc -E  conftest.c
conftest.c:10:10: fatal error: 'ac_nonexistent.h' file not found
   10 | #include <ac_nonexistent.h>
      |          ^~~~~~~~~~~~~~~~~~
1 error generated.
configure:5873: $? = 1
configure: failed program was:
| /* confdefs.h */
| #define PACKAGE_NAME "semigroups"
| #define PACKAGE_TARNAME "semigroups"
| #define PACKAGE_VERSION "GAP package"
| #define PACKAGE_STRING "semigroups GAP package"
| #define PACKAGE_BUGREPORT ""
| #define PACKAGE_URL ""
| #define HAVE_CXX14 1
| /* end confdefs.h.  */
| #include <ac_nonexistent.h>
configure:5902: result: gcc -E
configure:5916: gcc -E  conftest.c
configure:5916: $? = 0
configure:5932: gcc -E  conftest.c
conftest.c:10:10: fatal error: 'ac_nonexistent.h' file not found
   10 | #include <ac_nonexistent.h>
      |          ^~~~~~~~~~~~~~~~~~
1 error generated.
configure:5932: $? = 1
configure: failed program was:
| /* confdefs.h */
| #define PACKAGE_NAME "semigroups"
| #define PACKAGE_TARNAME "semigroups"
| #define PACKAGE_VERSION "GAP package"
| #define PACKAGE_STRING "semigroups GAP package"
| #define PACKAGE_BUGREPORT ""
| #define PACKAGE_URL ""
| #define HAVE_CXX14 1
| /* end confdefs.h.  */
| #include <ac_nonexistent.h>
configure:5965: checking for egrep -e
configure:6095: result: /usr/bin/grep -E
configure:6265: checking whether gcc is Clang
configure:6293: result: yes
configure:6359: checking whether pthreads work with "-pthread" and "-lpthread"
configure:6471: gcc -o conftest -g -O2 -pthread  -L/Users/runner/sage-local/lib -L/Users/runner/sage-local/lib -L/Users/runner/sage-local/lib -Wl,-ld_classic -Wl,-headerpad_max_install_names  conftest.c -lpthread  >&5
ld: warning: -ld_classic is deprecated and will be removed in a future release
configure:6471: $? = 0
configure:6481: result: yes
configure:6530: checking whether Clang needs flag to prevent "argument unused" warning when linking with -pthread
configure:6557: gcc -o conftest -Werror -Wunknown-warning-option  -pthread -g -O2  -L/Users/runner/sage-local/lib -L/Users/runner/sage-local/lib -L/Users/runner/sage-local/lib -Wl,-ld_classic -Wl,-headerpad_max_install_names  conftest.c  >&5
ld: warning: -ld_classic is deprecated and will be removed in a future release
configure:6557: $? = 0
configure:6564: (gcc -c -Werror -Wunknown-warning-option  -pthread -g -O2  conftest.c >&5) && (echo ==== >&5) && (gcc -o conftest -Werror -Wunknown-warning-option  -pthread -g -O2  -L/Users/runner/sage-local/lib -L/Users/runner/sage-local/lib -L/Users/runner/sage-local/lib -Wl,-ld_classic -Wl,-headerpad_max_install_names  conftest.o  >&5)
====
ld: warning: -ld_classic is deprecated and will be removed in a future release
configure:6564: $? = 0
configure:6585: result: no
configure:6605: checking for joinable pthread attribute
configure:6624: gcc -o conftest -g -O2 -pthread  -L/Users/runner/sage-local/lib -L/Users/runner/sage-local/lib -L/Users/runner/sage-local/lib -Wl,-ld_classic -Wl,-headerpad_max_install_names  conftest.c -lpthread  >&5
ld: warning: -ld_classic is deprecated and will be removed in a future release
configure:6624: $? = 0
configure:6634: result: PTHREAD_CREATE_JOINABLE
configure:6647: checking whether more special flags are required for pthreads
configure:6662: result: no
configure:6671: checking for PTHREAD_PRIO_INHERIT
configure:6689: gcc -o conftest -g -O2 -pthread  -L/Users/runner/sage-local/lib -L/Users/runner/sage-local/lib -L/Users/runner/sage-local/lib -Wl,-ld_classic -Wl,-headerpad_max_install_names  conftest.c -lpthread  >&5
ld: warning: -ld_classic is deprecated and will be removed in a future release
configure:6689: $? = 0
configure:6701: result: yes
configure:6878: checking for pthread_create in -lpthread
configure:6900: g++ -std=gnu++17 -o conftest -g -O2  -L/Users/runner/sage-local/lib -L/Users/runner/sage-local/lib -L/Users/runner/sage-local/lib -Wl,-ld_classic -Wl,-headerpad_max_install_names  conftest.cpp -lpthread   >&5
ld: warning: -ld_classic is deprecated and will be removed in a future release
configure:6900: $? = 0
configure:6912: result: yes
configure:6989: checking for pkg-config
configure:7012: found /usr/local/bin/pkg-config
configure:7025: result: /usr/local/bin/pkg-config
configure:7050: checking pkg-config is at least version 0.9.0
configure:7053: result: yes
configure:7068: checking for gawk
configure:7104: result: no
configure:7068: checking for mawk
configure:7104: result: no
configure:7068: checking for nawk
configure:7104: result: no
configure:7068: checking for awk
configure:7089: found /usr/bin/awk
configure:7101: result: awk
configure:7128: checking for libsemigroups >= 2.7.4
configure:7135: $PKG_CONFIG --exists --print-errors "libsemigroups >= $REQUI_LIBSEMIGROUPS_VERSION"
configure:7138: $? = 0
configure:7152: $PKG_CONFIG --exists --print-errors "libsemigroups >= $REQUI_LIBSEMIGROUPS_VERSION"
configure:7155: $? = 0
configure:7193: result: yes
configure:7282: using external libsemigroups 2.7.4
configure:7289: $PKG_CONFIG --exists --print-errors "libsemigroups"
configure:7292: $? = 0
configure:7333: checking whether to enable debug mode
configure:7335: result: no
configure:7345: checking for stdio.h
configure:7345: g++ -std=gnu++17 -c -g -O2  conftest.cpp >&5
configure:7345: $? = 0
configure:7345: result: yes
configure:7345: checking for stdlib.h
configure:7345: g++ -std=gnu++17 -c -g -O2  conftest.cpp >&5
configure:7345: $? = 0
configure:7345: result: yes
configure:7345: checking for string.h
configure:7345: g++ -std=gnu++17 -c -g -O2  conftest.cpp >&5
configure:7345: $? = 0
configure:7345: result: yes
configure:7345: checking for inttypes.h
configure:7345: g++ -std=gnu++17 -c -g -O2  conftest.cpp >&5
configure:7345: $? = 0
configure:7345: result: yes
configure:7345: checking for stdint.h
configure:7345: g++ -std=gnu++17 -c -g -O2  conftest.cpp >&5
configure:7345: $? = 0
configure:7345: result: yes
configure:7345: checking for strings.h
configure:7345: g++ -std=gnu++17 -c -g -O2  conftest.cpp >&5
configure:7345: $? = 0
configure:7345: result: yes
configure:7345: checking for sys/stat.h
configure:7345: g++ -std=gnu++17 -c -g -O2  conftest.cpp >&5
configure:7345: $? = 0
configure:7345: result: yes
configure:7345: checking for sys/types.h
configure:7345: g++ -std=gnu++17 -c -g -O2  conftest.cpp >&5
configure:7345: $? = 0
configure:7345: result: yes
configure:7345: checking for unistd.h
configure:7345: g++ -std=gnu++17 -c -g -O2  conftest.cpp >&5
configure:7345: $? = 0
configure:7345: result: yes
configure:7382: checking whether to enable HPCombi
configure:7384: result: yes
configure:7402: checking the required version of HPCombi
configure:7405: result: 0.0.6
configure:7411: checking the version of HPCombi that's present
configure:7414: result: 0.0.6
configure:7462: checking whether C++ compiler accepts -mavx
configure:7482: g++ -std=gnu++17 -c -g -O2  -mavx  conftest.cpp >&5
configure:7482: $? = 0
configure:7493: result: yes
configure:7522: : HPCOMBI_CXXFLAGS="$HPCOMBI_CXXFLAGS"
configure:7525: $? = 0
configure:7542: checking whether C++ compiler accepts -flax-vector-conversions
configure:7562: g++ -std=gnu++17 -c -g -O2  -flax-vector-conversions  conftest.cpp >&5
configure:7562: $? = 0
configure:7573: result: yes
configure:7591: : HPCOMBI_CXXFLAGS="$HPCOMBI_CXXFLAGS"
configure:7594: $? = 0
configure:7624: checking for x86intrin.h
configure:7624: g++ -std=gnu++17 -c -g -O2  conftest.cpp >&5
configure:7624: $? = 0
configure:7624: result: yes
configure:7646: checking for _mm_blendv_epi8
configure:7663: g++ -std=gnu++17 -o conftest -mavx -flax-vector-conversions  -L/Users/runner/sage-local/lib -L/Users/runner/sage-local/lib -L/Users/runner/sage-local/lib -Wl,-ld_classic -Wl,-headerpad_max_install_names  conftest.cpp -lpthread  >&5
ld: warning: -ld_classic is deprecated and will be removed in a future release
configure:7663: $? = 0
configure:7673: result: yes
configure:7680: checking for _mm_cmpeq_epi8
configure:7697: g++ -std=gnu++17 -o conftest -mavx -flax-vector-conversions  -L/Users/runner/sage-local/lib -L/Users/runner/sage-local/lib -L/Users/runner/sage-local/lib -Wl,-ld_classic -Wl,-headerpad_max_install_names  conftest.cpp -lpthread  >&5
ld: warning: -ld_classic is deprecated and will be removed in a future release
configure:7697: $? = 0
configure:7707: result: yes
configure:7714: checking for _mm_cmpestri
configure:7731: g++ -std=gnu++17 -o conftest -mavx -flax-vector-conversions  -L/Users/runner/sage-local/lib -L/Users/runner/sage-local/lib -L/Users/runner/sage-local/lib -Wl,-ld_classic -Wl,-headerpad_max_install_names  conftest.cpp -lpthread  >&5
ld: warning: -ld_classic is deprecated and will be removed in a future release
configure:7731: $? = 0
configure:7741: result: yes
configure:7748: checking for _mm_cmpestrm
configure:7765: g++ -std=gnu++17 -o conftest -mavx -flax-vector-conversions  -L/Users/runner/sage-local/lib -L/Users/runner/sage-local/lib -L/Users/runner/sage-local/lib -Wl,-ld_classic -Wl,-headerpad_max_install_names  conftest.cpp -lpthread  >&5
ld: warning: -ld_classic is deprecated and will be removed in a future release
configure:7765: $? = 0
configure:7775: result: yes
configure:7782: checking for _mm_cmplt_epi8
configure:7799: g++ -std=gnu++17 -o conftest -mavx -flax-vector-conversions  -L/Users/runner/sage-local/lib -L/Users/runner/sage-local/lib -L/Users/runner/sage-local/lib -Wl,-ld_classic -Wl,-headerpad_max_install_names  conftest.cpp -lpthread  >&5
ld: warning: -ld_classic is deprecated and will be removed in a future release
configure:7799: $? = 0
configure:7809: result: yes
configure:7816: checking for _mm_extract_epi64
configure:7833: g++ -std=gnu++17 -o conftest -mavx -flax-vector-conversions  -L/Users/runner/sage-local/lib -L/Users/runner/sage-local/lib -L/Users/runner/sage-local/lib -Wl,-ld_classic -Wl,-headerpad_max_install_names  conftest.cpp -lpthread  >&5
ld: warning: -ld_classic is deprecated and will be removed in a future release
configure:7833: $? = 0
configure:7843: result: yes
configure:7850: checking for _mm_max_epi8
configure:7867: g++ -std=gnu++17 -o conftest -mavx -flax-vector-conversions  -L/Users/runner/sage-local/lib -L/Users/runner/sage-local/lib -L/Users/runner/sage-local/lib -Wl,-ld_classic -Wl,-headerpad_max_install_names  conftest.cpp -lpthread  >&5
ld: warning: -ld_classic is deprecated and will be removed in a future release
configure:7867: $? = 0
configure:7877: result: yes
configure:7884: checking for _mm_max_epu8
configure:7901: g++ -std=gnu++17 -o conftest -mavx -flax-vector-conversions  -L/Users/runner/sage-local/lib -L/Users/runner/sage-local/lib -L/Users/runner/sage-local/lib -Wl,-ld_classic -Wl,-headerpad_max_install_names  conftest.cpp -lpthread  >&5
ld: warning: -ld_classic is deprecated and will be removed in a future release
configure:7901: $? = 0
configure:7911: result: yes
configure:7918: checking for _mm_min_epi8
configure:7935: g++ -std=gnu++17 -o conftest -mavx -flax-vector-conversions  -L/Users/runner/sage-local/lib -L/Users/runner/sage-local/lib -L/Users/runner/sage-local/lib -Wl,-ld_classic -Wl,-headerpad_max_install_names  conftest.cpp -lpthread  >&5
ld: warning: -ld_classic is deprecated and will be removed in a future release
configure:7935: $? = 0
configure:7945: result: yes
configure:7952: checking for _mm_min_epu8
configure:7969: g++ -std=gnu++17 -o conftest -mavx -flax-vector-conversions  -L/Users/runner/sage-local/lib -L/Users/runner/sage-local/lib -L/Users/runner/sage-local/lib -Wl,-ld_classic -Wl,-headerpad_max_install_names  conftest.cpp -lpthread  >&5
ld: warning: -ld_classic is deprecated and will be removed in a future release
configure:7969: $? = 0
configure:7979: result: yes
configure:7986: checking for _mm_movemask_epi8
configure:8003: g++ -std=gnu++17 -o conftest -mavx -flax-vector-conversions  -L/Users/runner/sage-local/lib -L/Users/runner/sage-local/lib -L/Users/runner/sage-local/lib -Wl,-ld_classic -Wl,-headerpad_max_install_names  conftest.cpp -lpthread  >&5
ld: warning: -ld_classic is deprecated and will be removed in a future release
configure:8003: $? = 0
configure:8013: result: yes
configure:8020: checking for _mm_popcnt_u32
configure:8037: g++ -std=gnu++17 -o conftest -mavx -flax-vector-conversions  -L/Users/runner/sage-local/lib -L/Users/runner/sage-local/lib -L/Users/runner/sage-local/lib -Wl,-ld_classic -Wl,-headerpad_max_install_names  conftest.cpp -lpthread  >&5
ld: warning: -ld_classic is deprecated and will be removed in a future release
configure:8037: $? = 0
configure:8047: result: yes
configure:8054: checking for _mm_set_epi64x
configure:8071: g++ -std=gnu++17 -o conftest -mavx -flax-vector-conversions  -L/Users/runner/sage-local/lib -L/Users/runner/sage-local/lib -L/Users/runner/sage-local/lib -Wl,-ld_classic -Wl,-headerpad_max_install_names  conftest.cpp -lpthread  >&5
ld: warning: -ld_classic is deprecated and will be removed in a future release
configure:8071: $? = 0
configure:8081: result: yes
configure:8088: checking for _mm_shuffle_epi8
configure:8105: g++ -std=gnu++17 -o conftest -mavx -flax-vector-conversions  -L/Users/runner/sage-local/lib -L/Users/runner/sage-local/lib -L/Users/runner/sage-local/lib -Wl,-ld_classic -Wl,-headerpad_max_install_names  conftest.cpp -lpthread  >&5
ld: warning: -ld_classic is deprecated and will be removed in a future release
configure:8105: $? = 0
configure:8115: result: yes
configure:8122: checking for _mm_slli_epi32
configure:8139: g++ -std=gnu++17 -o conftest -mavx -flax-vector-conversions  -L/Users/runner/sage-local/lib -L/Users/runner/sage-local/lib -L/Users/runner/sage-local/lib -Wl,-ld_classic -Wl,-headerpad_max_install_names  conftest.cpp -lpthread  >&5
ld: warning: -ld_classic is deprecated and will be removed in a future release
configure:8139: $? = 0
configure:8149: result: yes
configure:8179: checking for HPCOMBI_CONSTEXPR_FUN_ARGS
configure:8195: g++ -std=gnu++17 -c -g -O2  conftest.cpp >&5
configure:8195: $? = 0
configure:8204: result: yes
configure:8336: creating ./config.status

## ---------------------- ##
## Running config.status. ##
## ---------------------- ##

This file was extended by semigroups config.status GAP package, which was
generated by GNU Autoconf 2.72.  Invocation command line was

  CONFIG_FILES    = 
  CONFIG_HEADERS  = 
  CONFIG_LINKS    = 
  CONFIG_COMMANDS = 
  $ ./config.status 

on sjc20-cw752-f55fc800-d786-420d-bb32-727b0cf63f98-4671C7464C41.local

config.status:848: creating GNUmakefile
config.status:848: creating gen/pkgconfig.h
config.status:1032: executing src/semigroups-config.hpp commands
config.status:1070: creating src/semigroups-config.hpp - prefix SEMIGROUPS for gen/pkgconfig.h defines

## ---------------- ##
## Cache variables. ##
## ---------------- ##

ac_cv_build=x86_64-apple-darwin24.6.0
ac_cv_c_compiler_gnu=yes
ac_cv_cxx_compiler_gnu=yes
ac_cv_env_CCC_set=
ac_cv_env_CCC_value=
ac_cv_env_CC_set=set
ac_cv_env_CC_value=gcc
ac_cv_env_CFLAGS_set=set
ac_cv_env_CFLAGS_value='-g -O2'
ac_cv_env_CPPFLAGS_set=
ac_cv_env_CPPFLAGS_value=
ac_cv_env_CPP_set=
ac_cv_env_CPP_value=
ac_cv_env_CXXFLAGS_set=set
ac_cv_env_CXXFLAGS_value='-g -O2'
ac_cv_env_CXX_set=set
ac_cv_env_CXX_value='g++ -std=gnu++17'
ac_cv_env_LDFLAGS_set=set
ac_cv_env_LDFLAGS_value='-L/Users/runner/sage-local/lib -L/Users/runner/sage-local/lib -L/Users/runner/sage-local/lib -Wl,-ld_classic -Wl,-headerpad_max_install_names '
ac_cv_env_LIBSEMIGROUPS_CFLAGS_set=
ac_cv_env_LIBSEMIGROUPS_CFLAGS_value=
ac_cv_env_LIBSEMIGROUPS_LIBS_set=
ac_cv_env_LIBSEMIGROUPS_LIBS_value=
ac_cv_env_LIBSEMIGROUPS_RPATH_set=
ac_cv_env_LIBSEMIGROUPS_RPATH_value=
ac_cv_env_LIBS_set=
ac_cv_env_LIBS_value=
ac_cv_env_PKG_CONFIG_LIBDIR_set=
ac_cv_env_PKG_CONFIG_LIBDIR_value=
ac_cv_env_PKG_CONFIG_PATH_set=set
ac_cv_env_PKG_CONFIG_PATH_value=/Users/runner/sage-local/lib/pkgconfig:/Users/runner/sage-local/lib/pkgconfig:/usr/local/opt/sqlite/lib/pkgconfig:/usr/local/opt/readline/lib/pkgconfig:/usr/local/opt/openssl/lib/pkgconfig:/usr/local/lib/pkgconfig:/Users/runner/work/passagemath/passagemath/prefix/lib/pkgconfig:
ac_cv_env_PKG_CONFIG_set=
ac_cv_env_PKG_CONFIG_value=
ac_cv_env_build_alias_set=
ac_cv_env_build_alias_value=
ac_cv_env_host_alias_set=
ac_cv_env_host_alias_value=
ac_cv_env_target_alias_set=
ac_cv_env_target_alias_value=
ac_cv_header_inttypes_h=yes
ac_cv_header_stdint_h=yes
ac_cv_header_stdio_h=yes
ac_cv_header_stdlib_h=yes
ac_cv_header_string_h=yes
ac_cv_header_strings_h=yes
ac_cv_header_sys_stat_h=yes
ac_cv_header_sys_types_h=yes
ac_cv_header_unistd_h=yes
ac_cv_header_x86intrin_h=yes
ac_cv_host=x86_64-apple-darwin24.6.0
ac_cv_lib_pthread_pthread_create=yes
ac_cv_objext=o
ac_cv_path_EGREP_TRADITIONAL='/usr/bin/grep -E'
ac_cv_path_SED=/usr/bin/sed
ac_cv_path_ac_pt_PKG_CONFIG=/usr/local/bin/pkg-config
ac_cv_prog_AWK=awk
ac_cv_prog_CPP='gcc -E'
ac_cv_prog_ac_ct_CC=gcc
ac_cv_prog_cc_c11=
ac_cv_prog_cc_g=yes
ac_cv_prog_cc_stdc=
ac_cv_prog_cxx_cxx11=
ac_cv_prog_cxx_g=yes
ac_cv_prog_cxx_stdcxx=
ax_cv_PTHREAD_CLANG=yes
ax_cv_PTHREAD_CLANG_NO_WARN_FLAG=no
ax_cv_PTHREAD_JOINABLE_ATTR=PTHREAD_CREATE_JOINABLE
ax_cv_PTHREAD_PRIO_INHERIT=yes
ax_cv_PTHREAD_SPECIAL_FLAGS=no
ax_cv_check_cxxflags___flax_vector_conversions=yes
ax_cv_check_cxxflags___mavx=yes
ax_cv_cxx_compile_cxx14=yes
pkg_cv_LIBSEMIGROUPS_CFLAGS=
pkg_cv_LIBSEMIGROUPS_LIBS=-lsemigroups
pkg_cv_LIBSEMIGROUPS_RPATH=/Users/runner/sage-local/lib

## ----------------- ##
## Output variables. ##
## ----------------- ##

AWK='awk'
CC='gcc'
CFLAGS='-g -O2'
CPP='gcc -E'
CPPFLAGS=''
CXX='g++ -std=gnu++17'
CXXFLAGS='-g -O2'
DEFS='-DHAVE_CONFIG_H'
ECHO_C='\c'
ECHO_N=''
ECHO_T=''
EXEEXT=''
GAPARCH='x86_64-apple-darwin24-default64-kv10'
GAPROOT='/Users/runner/sage-local/lib/gap'
GAP_CFLAGS=' -pthread -g -O2'
GAP_CPPFLAGS='-I/Users/runner/sage-local/include/gap/extra -DUSE_GASMAN=1'
GAP_LDFLAGS=''
HAVE_CXX14='1'
HPCOMBI_CONSTEXPR_FUN_ARGS='yes'
HPCOMBI_CXXFLAGS='-mavx -flax-vector-conversions'
KERNEL_DEBUG='no'
LDFLAGS='-L/Users/runner/sage-local/lib -L/Users/runner/sage-local/lib -L/Users/runner/sage-local/lib -Wl,-ld_classic -Wl,-headerpad_max_install_names '
LIBOBJS=''
LIBS='-lpthread '
LIBSEMIGROUPS_CFLAGS=''
LIBSEMIGROUPS_HPCOMBI_ENABLED='yes'
LIBSEMIGROUPS_LIBS='-lsemigroups'
LIBSEMIGROUPS_RPATH='-Wl,-rpath,/Users/runner/sage-local/lib'
LTLIBOBJS=''
OBJEXT='o'
PACKAGE_BUGREPORT=''
PACKAGE_NAME='semigroups'
PACKAGE_STRING='semigroups GAP package'
PACKAGE_TARNAME='semigroups'
PACKAGE_URL=''
PACKAGE_VERSION='GAP package'
PATH_SEPARATOR=':'
PKG_CONFIG='/usr/local/bin/pkg-config'
PKG_CONFIG_LIBDIR=''
PKG_CONFIG_PATH='/Users/runner/sage-local/lib/pkgconfig:/Users/runner/sage-local/lib/pkgconfig:/usr/local/opt/sqlite/lib/pkgconfig:/usr/local/opt/readline/lib/pkgconfig:/usr/local/opt/openssl/lib/pkgconfig:/usr/local/lib/pkgconfig:/Users/runner/work/passagemath/passagemath/prefix/lib/pkgconfig:'
PTHREAD_CC='gcc'
PTHREAD_CFLAGS='-pthread'
PTHREAD_CXX='g++ -std=gnu++17'
PTHREAD_LIBS='-lpthread'
SED='/usr/bin/sed'
SHELL='/bin/bash'
SYS_IS_CYGWIN=''
WITH_INCLUDED_LIBSEMIGROUPS=''
ac_ct_CC='gcc'
ac_ct_CXX=''
ax_pthread_config=''
bindir='${exec_prefix}/bin'
build='x86_64-apple-darwin24.6.0'
build_alias=''
build_cpu='x86_64'
build_os='darwin24.6.0'
build_vendor='apple'
datadir='${datarootdir}'
datarootdir='${prefix}/share'
docdir='${datarootdir}/doc/${PACKAGE_TARNAME}'
dvidir='${docdir}'
exec_prefix='${prefix}'
host='x86_64-apple-darwin24.6.0'
host_alias=''
host_cpu='x86_64'
host_os='darwin24.6.0'
host_vendor='apple'
htmldir='${docdir}'
includedir='${prefix}/include'
infodir='${datarootdir}/info'
libdir='/Users/runner/sage-local/lib'
libexecdir='${exec_prefix}/libexec'
localedir='${datarootdir}/locale'
localstatedir='${prefix}/var'
mandir='${datarootdir}/man'
oldincludedir='/usr/include'
pdfdir='${docdir}'
prefix='/Users/runner/sage-local'
program_transform_name='s,x,x,'
psdir='${docdir}'
runstatedir='${localstatedir}/run'
sbindir='${exec_prefix}/sbin'
sharedstatedir='${prefix}/com'
subdirs=''
sysconfdir='${prefix}/etc'
target_alias=''

## ----------- ##
## confdefs.h. ##
## ----------- ##

/* confdefs.h */
#define PACKAGE_NAME "semigroups"
#define PACKAGE_TARNAME "semigroups"
#define PACKAGE_VERSION "GAP package"
#define PACKAGE_STRING "semigroups GAP package"
#define PACKAGE_BUGREPORT ""
#define PACKAGE_URL ""
#define HAVE_CXX14 1
#define HAVE_PTHREAD_PRIO_INHERIT 1
#define HAVE_PTHREAD 1
#define HAVE_LIBPTHREAD 1
#define HAVE_STDIO_H 1
#define HAVE_STDLIB_H 1
#define HAVE_STRING_H 1
#define HAVE_INTTYPES_H 1
#define HAVE_STDINT_H 1
#define HAVE_STRINGS_H 1
#define HAVE_SYS_STAT_H 1
#define HAVE_SYS_TYPES_H 1
#define HAVE_UNISTD_H 1
#define STDC_HEADERS 1
#define HAVE_X86INTRIN_H 1
#define HPCOMBI_ENABLED 1

configure: exit 0

## ---------------------- ##
## Running config.status. ##
## ---------------------- ##

This file was extended by semigroups config.status GAP package, which was
generated by GNU Autoconf 2.72.  Invocation command line was

  CONFIG_FILES    = 
  CONFIG_HEADERS  = 
  CONFIG_LINKS    = 
  CONFIG_COMMANDS = 
  $ ./config.status gen/pkgconfig.h

on sjc20-cw752-f55fc800-d786-420d-bb32-727b0cf63f98-4671C7464C41.local

config.status:848: creating gen/pkgconfig.h
config.status:1018: gen/pkgconfig.h is unchanged
