atlas.views DEBUG 2025-05-12 15:48:06,441 views User can edit observations: False
atlas.views DEBUG 2025-05-12 15:52:50,552 views User can edit observations: True
atlas.views DEBUG 2025-05-12 22:01:03,804 views User can edit observations: True
atlas.views DEBUG 2025-05-12 22:01:06,018 views User can edit observations: True
urllib3.connectionpool DEBUG 2025-05-12 22:01:06,339 connectionpool Starting new HTTPS connection (1): lasair-ztf.lsst.ac.uk:443
urllib3.connectionpool DEBUG 2025-05-12 22:01:06,562 connectionpool https://lasair-ztf.lsst.ac.uk:443 "POST /api/cone/ HTTP/1.1" 200 2
urllib3.connectionpool DEBUG 2025-05-12 22:01:06,575 connectionpool Starting new HTTP connection (1): localhost:8084
matplotlib DEBUG 2025-05-12 22:01:10,596 __init__ matplotlib data path: /Users/kws/.local/lib/python3.11/site-packages/matplotlib/mpl-data
matplotlib DEBUG 2025-05-12 22:01:10,599 __init__ CONFIGDIR=/Users/kws/.matplotlib
matplotlib DEBUG 2025-05-12 22:01:10,599 __init__ interactive is False
matplotlib DEBUG 2025-05-12 22:01:10,600 __init__ platform is darwin
matplotlib DEBUG 2025-05-12 22:01:10,630 __init__ CACHEDIR=/Users/kws/.matplotlib
matplotlib.font_manager DEBUG 2025-05-12 22:01:10,632 font_manager Using fontManager instance from /Users/kws/.matplotlib/fontlist-v390.json
urllib3.connectionpool DEBUG 2025-05-12 22:01:10,831 connectionpool Starting new HTTPS connection (1): dataverse.harvard.edu:443
urllib3.connectionpool DEBUG 2025-05-12 22:01:11,560 connectionpool https://dataverse.harvard.edu:443 "GET /api/datasets/:persistentId?persistentId=doi:10.7910/DVN/EWCNL5 HTTP/1.1" 200 None
urllib3.connectionpool DEBUG 2025-05-12 22:01:11,671 connectionpool Starting new HTTPS connection (1): dataverse.harvard.edu:443
urllib3.connectionpool DEBUG 2025-05-12 22:01:12,190 connectionpool https://dataverse.harvard.edu:443 "GET /api/access/datafile/2902687 HTTP/1.1" 303 0
urllib3.connectionpool DEBUG 2025-05-12 22:01:12,199 connectionpool Starting new HTTPS connection (1): dvn-cloud.s3.amazonaws.com:443
urllib3.connectionpool DEBUG 2025-05-12 22:01:12,738 connectionpool https://dvn-cloud.s3.amazonaws.com:443 "GET /10.7910/DVN/EWCNL5/157bb43e038-2856c7e44170?response-content-disposition=attachment%3B%20filename%2A%3DUTF-8%27%27SFD_dust_4096_ngp.fits&response-content-type=application%2Ffits&X-Amz-Algorithm=AWS4-HMAC-SHA256&X-Amz-Date=20250512T220112Z&X-Amz-SignedHeaders=host&X-Amz-Expires=3600&X-Amz-Credential=AKIAIEJ3NV7UYCSRJC7A%2F20250512%2Fus-east-1%2Fs3%2Faws4_request&X-Amz-Signature=1d4139e3dac30c2abc684be231005fd0c99224c7a207337a3911e50b315abd17 HTTP/1.1" 200 67115520
urllib3.connectionpool DEBUG 2025-05-12 22:01:16,190 connectionpool Starting new HTTPS connection (1): dataverse.harvard.edu:443
urllib3.connectionpool DEBUG 2025-05-12 22:01:16,845 connectionpool https://dataverse.harvard.edu:443 "GET /api/datasets/:persistentId?persistentId=doi:10.7910/DVN/EWCNL5 HTTP/1.1" 200 None
urllib3.connectionpool DEBUG 2025-05-12 22:01:16,954 connectionpool Starting new HTTPS connection (1): dataverse.harvard.edu:443
urllib3.connectionpool DEBUG 2025-05-12 22:01:17,471 connectionpool https://dataverse.harvard.edu:443 "GET /api/access/datafile/2902695 HTTP/1.1" 303 0
urllib3.connectionpool DEBUG 2025-05-12 22:01:17,479 connectionpool Starting new HTTPS connection (1): dvn-cloud.s3.amazonaws.com:443
urllib3.connectionpool DEBUG 2025-05-12 22:01:18,080 connectionpool https://dvn-cloud.s3.amazonaws.com:443 "GET /10.7910/DVN/EWCNL5/157bb8a4df2-7537b98d9920?response-content-disposition=attachment%3B%20filename%2A%3DUTF-8%27%27SFD_dust_4096_sgp.fits&response-content-type=application%2Ffits&X-Amz-Algorithm=AWS4-HMAC-SHA256&X-Amz-Date=20250512T220117Z&X-Amz-SignedHeaders=host&X-Amz-Expires=3600&X-Amz-Credential=AKIAIEJ3NV7UYCSRJC7A%2F20250512%2Fus-east-1%2Fs3%2Faws4_request&X-Amz-Signature=01690cfbe6f80894ff9aabe287f89b2190421ea5351d5ac4b01835d33cb4efcd HTTP/1.1" 200 67115520
atlas.views DEBUG 2025-05-13 17:07:09,848 views User can edit observations: True
atlas.views DEBUG 2025-05-13 17:07:12,949 views User can edit observations: True
accounts.utils DEBUG 2025-05-14 10:43:41,760 utils Checking if user  needs to change password.
atlas.views WARNING 2025-05-14 10:43:45,699 views User rube has no profile.
accounts.utils DEBUG 2025-05-14 10:43:45,705 utils Checking if user rube needs to change password.
accounts.utils DEBUG 2025-05-14 10:43:45,755 utils Checking if user rube needs to change password.
accounts.utils DEBUG 2025-05-14 10:45:45,746 utils Checking if user ken.smith needs to change password.
accounts.utils DEBUG 2025-05-14 10:45:45,791 utils Checking if user ken.smith needs to change password.
accounts.utils DEBUG 2025-05-14 10:46:10,132 utils Checking if user rube needs to change password.
accounts.utils DEBUG 2025-05-14 10:46:10,135 utils User profile: UserProfile object (1)
accounts.utils DEBUG 2025-05-14 10:46:11,964 utils Checking if user rube needs to change password.
accounts.utils DEBUG 2025-05-14 10:46:11,966 utils User profile: UserProfile object (1)
accounts.utils DEBUG 2025-05-14 10:46:13,923 utils Checking if user rube needs to change password.
accounts.utils DEBUG 2025-05-14 10:46:13,925 utils User profile: UserProfile object (1)
accounts.utils DEBUG 2025-05-14 10:46:23,545 utils Checking if user rube needs to change password.
accounts.utils DEBUG 2025-05-14 10:46:23,547 utils User profile: UserProfile object (1)
accounts.utils DEBUG 2025-05-14 10:46:24,438 utils Checking if user rube needs to change password.
accounts.utils DEBUG 2025-05-14 10:46:24,440 utils User profile: UserProfile object (1)
accounts.utils DEBUG 2025-05-14 10:46:27,889 utils Checking if user rube needs to change password.
accounts.utils DEBUG 2025-05-14 10:46:27,890 utils User profile: UserProfile object (1)
accounts.utils DEBUG 2025-05-14 10:46:31,427 utils Checking if user rube needs to change password.
accounts.utils DEBUG 2025-05-14 10:46:31,429 utils User profile: UserProfile object (1)
django.request ERROR 2025-05-14 10:46:47,849 log Internal Server Error: /fruitbat/accounts/change_password/
Traceback (most recent call last):
  File "/Users/kws/anaconda3/envs/atlas311/lib/python3.11/site-packages/django/core/handlers/exception.py", line 55, in inner
    response = get_response(request)
               ^^^^^^^^^^^^^^^^^^^^^
  File "/Users/kws/anaconda3/envs/atlas311/lib/python3.11/site-packages/django/core/handlers/base.py", line 197, in _get_response
    response = wrapped_callback(request, *callback_args, **callback_kwargs)
               ^^^^^^^^^^^^^^^^^^^^^^^^^^^^^^^^^^^^^^^^^^^^^^^^^^^^^^^^^^^^
  File "/Users/kws/anaconda3/envs/atlas311/lib/python3.11/site-packages/django/views/generic/base.py", line 104, in view
    return self.dispatch(request, *args, **kwargs)
           ^^^^^^^^^^^^^^^^^^^^^^^^^^^^^^^^^^^^^^^
  File "/Users/kws/anaconda3/envs/atlas311/lib/python3.11/site-packages/django/utils/decorators.py", line 48, in _wrapper
    return bound_method(*args, **kwargs)
           ^^^^^^^^^^^^^^^^^^^^^^^^^^^^^
  File "/Users/kws/anaconda3/envs/atlas311/lib/python3.11/site-packages/django/views/decorators/debug.py", line 143, in sensitive_post_parameters_wrapper
    return view(request, *args, **kwargs)
           ^^^^^^^^^^^^^^^^^^^^^^^^^^^^^^
  File "/Users/kws/anaconda3/envs/atlas311/lib/python3.11/site-packages/django/utils/decorators.py", line 48, in _wrapper
    return bound_method(*args, **kwargs)
           ^^^^^^^^^^^^^^^^^^^^^^^^^^^^^
  File "/Users/kws/anaconda3/envs/atlas311/lib/python3.11/site-packages/django/utils/decorators.py", line 188, in _view_wrapper
    result = _process_exception(request, e)
             ^^^^^^^^^^^^^^^^^^^^^^^^^^^^^^
  File "/Users/kws/anaconda3/envs/atlas311/lib/python3.11/site-packages/django/utils/decorators.py", line 186, in _view_wrapper
    response = view_func(request, *args, **kwargs)
               ^^^^^^^^^^^^^^^^^^^^^^^^^^^^^^^^^^^
  File "/Users/kws/anaconda3/envs/atlas311/lib/python3.11/site-packages/django/utils/decorators.py", line 48, in _wrapper
    return bound_method(*args, **kwargs)
           ^^^^^^^^^^^^^^^^^^^^^^^^^^^^^
  File "/Users/kws/anaconda3/envs/atlas311/lib/python3.11/site-packages/django/contrib/auth/decorators.py", line 60, in _view_wrapper
    return view_func(request, *args, **kwargs)
           ^^^^^^^^^^^^^^^^^^^^^^^^^^^^^^^^^^^
  File "/Users/kws/anaconda3/envs/atlas311/lib/python3.11/site-packages/django/contrib/auth/views.py", line 363, in dispatch
    return super().dispatch(*args, **kwargs)
           ^^^^^^^^^^^^^^^^^^^^^^^^^^^^^^^^^
  File "/Users/kws/anaconda3/envs/atlas311/lib/python3.11/site-packages/django/views/generic/base.py", line 143, in dispatch
    return handler(request, *args, **kwargs)
           ^^^^^^^^^^^^^^^^^^^^^^^^^^^^^^^^^
  File "/Users/kws/anaconda3/envs/atlas311/lib/python3.11/site-packages/django/views/generic/edit.py", line 150, in post
    if form.is_valid():
       ^^^^^^^^^^^^^^^
  File "/Users/kws/anaconda3/envs/atlas311/lib/python3.11/site-packages/django/forms/forms.py", line 197, in is_valid
    return self.is_bound and not self.errors
                                 ^^^^^^^^^^^
  File "/Users/kws/anaconda3/envs/atlas311/lib/python3.11/site-packages/django/forms/forms.py", line 192, in errors
    self.full_clean()
  File "/Users/kws/anaconda3/envs/atlas311/lib/python3.11/site-packages/django/forms/forms.py", line 325, in full_clean
    self._clean_fields()
  File "/Users/kws/anaconda3/envs/atlas311/lib/python3.11/site-packages/django/forms/forms.py", line 335, in _clean_fields
    value = getattr(self, "clean_%s" % name)()
            ^^^^^^^^^^^^^^^^^^^^^^^^^^^^^^^^^^
  File "/Users/kws/Documents/code/gitdev/psat-server-web/psat_server_web/atlas/atlas/views.py", line 233, in clean_new_password1
    old_password = self.cleaned_data['old_password']
                   ~~~~~~~~~~~~~~~~~^^^^^^^^^^^^^^^^
KeyError: 'old_password'
django.request ERROR 2025-05-14 10:48:47,748 log Internal Server Error: /fruitbat/accounts/change_password/
Traceback (most recent call last):
  File "/Users/kws/anaconda3/envs/atlas311/lib/python3.11/site-packages/django/core/handlers/exception.py", line 55, in inner
    response = get_response(request)
               ^^^^^^^^^^^^^^^^^^^^^
  File "/Users/kws/anaconda3/envs/atlas311/lib/python3.11/site-packages/django/core/handlers/base.py", line 197, in _get_response
    response = wrapped_callback(request, *callback_args, **callback_kwargs)
               ^^^^^^^^^^^^^^^^^^^^^^^^^^^^^^^^^^^^^^^^^^^^^^^^^^^^^^^^^^^^
  File "/Users/kws/anaconda3/envs/atlas311/lib/python3.11/site-packages/django/views/generic/base.py", line 104, in view
    return self.dispatch(request, *args, **kwargs)
           ^^^^^^^^^^^^^^^^^^^^^^^^^^^^^^^^^^^^^^^
  File "/Users/kws/anaconda3/envs/atlas311/lib/python3.11/site-packages/django/utils/decorators.py", line 48, in _wrapper
    return bound_method(*args, **kwargs)
           ^^^^^^^^^^^^^^^^^^^^^^^^^^^^^
  File "/Users/kws/anaconda3/envs/atlas311/lib/python3.11/site-packages/django/views/decorators/debug.py", line 143, in sensitive_post_parameters_wrapper
    return view(request, *args, **kwargs)
           ^^^^^^^^^^^^^^^^^^^^^^^^^^^^^^
  File "/Users/kws/anaconda3/envs/atlas311/lib/python3.11/site-packages/django/utils/decorators.py", line 48, in _wrapper
    return bound_method(*args, **kwargs)
           ^^^^^^^^^^^^^^^^^^^^^^^^^^^^^
  File "/Users/kws/anaconda3/envs/atlas311/lib/python3.11/site-packages/django/utils/decorators.py", line 188, in _view_wrapper
    result = _process_exception(request, e)
             ^^^^^^^^^^^^^^^^^^^^^^^^^^^^^^
  File "/Users/kws/anaconda3/envs/atlas311/lib/python3.11/site-packages/django/utils/decorators.py", line 186, in _view_wrapper
    response = view_func(request, *args, **kwargs)
               ^^^^^^^^^^^^^^^^^^^^^^^^^^^^^^^^^^^
  File "/Users/kws/anaconda3/envs/atlas311/lib/python3.11/site-packages/django/utils/decorators.py", line 48, in _wrapper
    return bound_method(*args, **kwargs)
           ^^^^^^^^^^^^^^^^^^^^^^^^^^^^^
  File "/Users/kws/anaconda3/envs/atlas311/lib/python3.11/site-packages/django/contrib/auth/decorators.py", line 60, in _view_wrapper
    return view_func(request, *args, **kwargs)
           ^^^^^^^^^^^^^^^^^^^^^^^^^^^^^^^^^^^
  File "/Users/kws/anaconda3/envs/atlas311/lib/python3.11/site-packages/django/contrib/auth/views.py", line 363, in dispatch
    return super().dispatch(*args, **kwargs)
           ^^^^^^^^^^^^^^^^^^^^^^^^^^^^^^^^^
  File "/Users/kws/anaconda3/envs/atlas311/lib/python3.11/site-packages/django/views/generic/base.py", line 143, in dispatch
    return handler(request, *args, **kwargs)
           ^^^^^^^^^^^^^^^^^^^^^^^^^^^^^^^^^
  File "/Users/kws/anaconda3/envs/atlas311/lib/python3.11/site-packages/django/views/generic/edit.py", line 150, in post
    if form.is_valid():
       ^^^^^^^^^^^^^^^
  File "/Users/kws/anaconda3/envs/atlas311/lib/python3.11/site-packages/django/forms/forms.py", line 197, in is_valid
    return self.is_bound and not self.errors
                                 ^^^^^^^^^^^
  File "/Users/kws/anaconda3/envs/atlas311/lib/python3.11/site-packages/django/forms/forms.py", line 192, in errors
    self.full_clean()
  File "/Users/kws/anaconda3/envs/atlas311/lib/python3.11/site-packages/django/forms/forms.py", line 325, in full_clean
    self._clean_fields()
  File "/Users/kws/anaconda3/envs/atlas311/lib/python3.11/site-packages/django/forms/forms.py", line 335, in _clean_fields
    value = getattr(self, "clean_%s" % name)()
            ^^^^^^^^^^^^^^^^^^^^^^^^^^^^^^^^^^
  File "/Users/kws/Documents/code/gitdev/psat-server-web/psat_server_web/atlas/atlas/views.py", line 233, in clean_new_password1
    old_password = self.cleaned_data['old_password']
                   ~~~~~~~~~~~~~~~~~^^^^^^^^^^^^^^^^
KeyError: 'old_password'
django.request ERROR 2025-05-14 10:49:36,727 log Internal Server Error: /fruitbat/accounts/change_password/
Traceback (most recent call last):
  File "/Users/kws/anaconda3/envs/atlas311/lib/python3.11/site-packages/django/core/handlers/exception.py", line 55, in inner
    response = get_response(request)
               ^^^^^^^^^^^^^^^^^^^^^
  File "/Users/kws/anaconda3/envs/atlas311/lib/python3.11/site-packages/django/core/handlers/base.py", line 197, in _get_response
    response = wrapped_callback(request, *callback_args, **callback_kwargs)
               ^^^^^^^^^^^^^^^^^^^^^^^^^^^^^^^^^^^^^^^^^^^^^^^^^^^^^^^^^^^^
  File "/Users/kws/anaconda3/envs/atlas311/lib/python3.11/site-packages/django/views/generic/base.py", line 104, in view
    return self.dispatch(request, *args, **kwargs)
           ^^^^^^^^^^^^^^^^^^^^^^^^^^^^^^^^^^^^^^^
  File "/Users/kws/anaconda3/envs/atlas311/lib/python3.11/site-packages/django/utils/decorators.py", line 48, in _wrapper
    return bound_method(*args, **kwargs)
           ^^^^^^^^^^^^^^^^^^^^^^^^^^^^^
  File "/Users/kws/anaconda3/envs/atlas311/lib/python3.11/site-packages/django/views/decorators/debug.py", line 143, in sensitive_post_parameters_wrapper
    return view(request, *args, **kwargs)
           ^^^^^^^^^^^^^^^^^^^^^^^^^^^^^^
  File "/Users/kws/anaconda3/envs/atlas311/lib/python3.11/site-packages/django/utils/decorators.py", line 48, in _wrapper
    return bound_method(*args, **kwargs)
           ^^^^^^^^^^^^^^^^^^^^^^^^^^^^^
  File "/Users/kws/anaconda3/envs/atlas311/lib/python3.11/site-packages/django/utils/decorators.py", line 188, in _view_wrapper
    result = _process_exception(request, e)
             ^^^^^^^^^^^^^^^^^^^^^^^^^^^^^^
  File "/Users/kws/anaconda3/envs/atlas311/lib/python3.11/site-packages/django/utils/decorators.py", line 186, in _view_wrapper
    response = view_func(request, *args, **kwargs)
               ^^^^^^^^^^^^^^^^^^^^^^^^^^^^^^^^^^^
  File "/Users/kws/anaconda3/envs/atlas311/lib/python3.11/site-packages/django/utils/decorators.py", line 48, in _wrapper
    return bound_method(*args, **kwargs)
           ^^^^^^^^^^^^^^^^^^^^^^^^^^^^^
  File "/Users/kws/anaconda3/envs/atlas311/lib/python3.11/site-packages/django/contrib/auth/decorators.py", line 60, in _view_wrapper
    return view_func(request, *args, **kwargs)
           ^^^^^^^^^^^^^^^^^^^^^^^^^^^^^^^^^^^
  File "/Users/kws/anaconda3/envs/atlas311/lib/python3.11/site-packages/django/contrib/auth/views.py", line 363, in dispatch
    return super().dispatch(*args, **kwargs)
           ^^^^^^^^^^^^^^^^^^^^^^^^^^^^^^^^^
  File "/Users/kws/anaconda3/envs/atlas311/lib/python3.11/site-packages/django/views/generic/base.py", line 143, in dispatch
    return handler(request, *args, **kwargs)
           ^^^^^^^^^^^^^^^^^^^^^^^^^^^^^^^^^
  File "/Users/kws/anaconda3/envs/atlas311/lib/python3.11/site-packages/django/views/generic/edit.py", line 150, in post
    if form.is_valid():
       ^^^^^^^^^^^^^^^
  File "/Users/kws/anaconda3/envs/atlas311/lib/python3.11/site-packages/django/forms/forms.py", line 197, in is_valid
    return self.is_bound and not self.errors
                                 ^^^^^^^^^^^
  File "/Users/kws/anaconda3/envs/atlas311/lib/python3.11/site-packages/django/forms/forms.py", line 192, in errors
    self.full_clean()
  File "/Users/kws/anaconda3/envs/atlas311/lib/python3.11/site-packages/django/forms/forms.py", line 325, in full_clean
    self._clean_fields()
  File "/Users/kws/anaconda3/envs/atlas311/lib/python3.11/site-packages/django/forms/forms.py", line 335, in _clean_fields
    value = getattr(self, "clean_%s" % name)()
            ^^^^^^^^^^^^^^^^^^^^^^^^^^^^^^^^^^
  File "/Users/kws/Documents/code/gitdev/psat-server-web/psat_server_web/atlas/atlas/views.py", line 233, in clean_new_password1
    old_password = self.cleaned_data['old_password']
                   ~~~~~~~~~~~~~~~~~^^^^^^^^^^^^^^^^
KeyError: 'old_password'
django.request ERROR 2025-05-14 10:49:52,978 log Internal Server Error: /fruitbat/accounts/change_password/
Traceback (most recent call last):
  File "/Users/kws/anaconda3/envs/atlas311/lib/python3.11/site-packages/django/core/handlers/exception.py", line 55, in inner
    response = get_response(request)
               ^^^^^^^^^^^^^^^^^^^^^
  File "/Users/kws/anaconda3/envs/atlas311/lib/python3.11/site-packages/django/core/handlers/base.py", line 197, in _get_response
    response = wrapped_callback(request, *callback_args, **callback_kwargs)
               ^^^^^^^^^^^^^^^^^^^^^^^^^^^^^^^^^^^^^^^^^^^^^^^^^^^^^^^^^^^^
  File "/Users/kws/anaconda3/envs/atlas311/lib/python3.11/site-packages/django/views/generic/base.py", line 104, in view
    return self.dispatch(request, *args, **kwargs)
           ^^^^^^^^^^^^^^^^^^^^^^^^^^^^^^^^^^^^^^^
  File "/Users/kws/anaconda3/envs/atlas311/lib/python3.11/site-packages/django/utils/decorators.py", line 48, in _wrapper
    return bound_method(*args, **kwargs)
           ^^^^^^^^^^^^^^^^^^^^^^^^^^^^^
  File "/Users/kws/anaconda3/envs/atlas311/lib/python3.11/site-packages/django/views/decorators/debug.py", line 143, in sensitive_post_parameters_wrapper
    return view(request, *args, **kwargs)
           ^^^^^^^^^^^^^^^^^^^^^^^^^^^^^^
  File "/Users/kws/anaconda3/envs/atlas311/lib/python3.11/site-packages/django/utils/decorators.py", line 48, in _wrapper
    return bound_method(*args, **kwargs)
           ^^^^^^^^^^^^^^^^^^^^^^^^^^^^^
  File "/Users/kws/anaconda3/envs/atlas311/lib/python3.11/site-packages/django/utils/decorators.py", line 188, in _view_wrapper
    result = _process_exception(request, e)
             ^^^^^^^^^^^^^^^^^^^^^^^^^^^^^^
  File "/Users/kws/anaconda3/envs/atlas311/lib/python3.11/site-packages/django/utils/decorators.py", line 186, in _view_wrapper
    response = view_func(request, *args, **kwargs)
               ^^^^^^^^^^^^^^^^^^^^^^^^^^^^^^^^^^^
  File "/Users/kws/anaconda3/envs/atlas311/lib/python3.11/site-packages/django/utils/decorators.py", line 48, in _wrapper
    return bound_method(*args, **kwargs)
           ^^^^^^^^^^^^^^^^^^^^^^^^^^^^^
  File "/Users/kws/anaconda3/envs/atlas311/lib/python3.11/site-packages/django/contrib/auth/decorators.py", line 60, in _view_wrapper
    return view_func(request, *args, **kwargs)
           ^^^^^^^^^^^^^^^^^^^^^^^^^^^^^^^^^^^
  File "/Users/kws/anaconda3/envs/atlas311/lib/python3.11/site-packages/django/contrib/auth/views.py", line 363, in dispatch
    return super().dispatch(*args, **kwargs)
           ^^^^^^^^^^^^^^^^^^^^^^^^^^^^^^^^^
  File "/Users/kws/anaconda3/envs/atlas311/lib/python3.11/site-packages/django/views/generic/base.py", line 143, in dispatch
    return handler(request, *args, **kwargs)
           ^^^^^^^^^^^^^^^^^^^^^^^^^^^^^^^^^
  File "/Users/kws/anaconda3/envs/atlas311/lib/python3.11/site-packages/django/views/generic/edit.py", line 150, in post
    if form.is_valid():
       ^^^^^^^^^^^^^^^
  File "/Users/kws/anaconda3/envs/atlas311/lib/python3.11/site-packages/django/forms/forms.py", line 197, in is_valid
    return self.is_bound and not self.errors
                                 ^^^^^^^^^^^
  File "/Users/kws/anaconda3/envs/atlas311/lib/python3.11/site-packages/django/forms/forms.py", line 192, in errors
    self.full_clean()
  File "/Users/kws/anaconda3/envs/atlas311/lib/python3.11/site-packages/django/forms/forms.py", line 325, in full_clean
    self._clean_fields()
  File "/Users/kws/anaconda3/envs/atlas311/lib/python3.11/site-packages/django/forms/forms.py", line 335, in _clean_fields
    value = getattr(self, "clean_%s" % name)()
            ^^^^^^^^^^^^^^^^^^^^^^^^^^^^^^^^^^
  File "/Users/kws/Documents/code/gitdev/psat-server-web/psat_server_web/atlas/atlas/views.py", line 233, in clean_new_password1
    old_password = self.cleaned_data['old_password']
                   ~~~~~~~~~~~~~~~~~^^^^^^^^^^^^^^^^
KeyError: 'old_password'
django.request ERROR 2025-05-14 10:50:37,769 log Internal Server Error: /fruitbat/accounts/change_password/
Traceback (most recent call last):
  File "/Users/kws/anaconda3/envs/atlas311/lib/python3.11/site-packages/django/core/handlers/exception.py", line 55, in inner
    response = get_response(request)
               ^^^^^^^^^^^^^^^^^^^^^
  File "/Users/kws/anaconda3/envs/atlas311/lib/python3.11/site-packages/django/core/handlers/base.py", line 197, in _get_response
    response = wrapped_callback(request, *callback_args, **callback_kwargs)
               ^^^^^^^^^^^^^^^^^^^^^^^^^^^^^^^^^^^^^^^^^^^^^^^^^^^^^^^^^^^^
  File "/Users/kws/anaconda3/envs/atlas311/lib/python3.11/site-packages/django/views/generic/base.py", line 104, in view
    return self.dispatch(request, *args, **kwargs)
           ^^^^^^^^^^^^^^^^^^^^^^^^^^^^^^^^^^^^^^^
  File "/Users/kws/anaconda3/envs/atlas311/lib/python3.11/site-packages/django/utils/decorators.py", line 48, in _wrapper
    return bound_method(*args, **kwargs)
           ^^^^^^^^^^^^^^^^^^^^^^^^^^^^^
  File "/Users/kws/anaconda3/envs/atlas311/lib/python3.11/site-packages/django/views/decorators/debug.py", line 143, in sensitive_post_parameters_wrapper
    return view(request, *args, **kwargs)
           ^^^^^^^^^^^^^^^^^^^^^^^^^^^^^^
  File "/Users/kws/anaconda3/envs/atlas311/lib/python3.11/site-packages/django/utils/decorators.py", line 48, in _wrapper
    return bound_method(*args, **kwargs)
           ^^^^^^^^^^^^^^^^^^^^^^^^^^^^^
  File "/Users/kws/anaconda3/envs/atlas311/lib/python3.11/site-packages/django/utils/decorators.py", line 188, in _view_wrapper
    result = _process_exception(request, e)
             ^^^^^^^^^^^^^^^^^^^^^^^^^^^^^^
  File "/Users/kws/anaconda3/envs/atlas311/lib/python3.11/site-packages/django/utils/decorators.py", line 186, in _view_wrapper
    response = view_func(request, *args, **kwargs)
               ^^^^^^^^^^^^^^^^^^^^^^^^^^^^^^^^^^^
  File "/Users/kws/anaconda3/envs/atlas311/lib/python3.11/site-packages/django/utils/decorators.py", line 48, in _wrapper
    return bound_method(*args, **kwargs)
           ^^^^^^^^^^^^^^^^^^^^^^^^^^^^^
  File "/Users/kws/anaconda3/envs/atlas311/lib/python3.11/site-packages/django/contrib/auth/decorators.py", line 60, in _view_wrapper
    return view_func(request, *args, **kwargs)
           ^^^^^^^^^^^^^^^^^^^^^^^^^^^^^^^^^^^
  File "/Users/kws/anaconda3/envs/atlas311/lib/python3.11/site-packages/django/contrib/auth/views.py", line 363, in dispatch
    return super().dispatch(*args, **kwargs)
           ^^^^^^^^^^^^^^^^^^^^^^^^^^^^^^^^^
  File "/Users/kws/anaconda3/envs/atlas311/lib/python3.11/site-packages/django/views/generic/base.py", line 143, in dispatch
    return handler(request, *args, **kwargs)
           ^^^^^^^^^^^^^^^^^^^^^^^^^^^^^^^^^
  File "/Users/kws/anaconda3/envs/atlas311/lib/python3.11/site-packages/django/views/generic/edit.py", line 150, in post
    if form.is_valid():
       ^^^^^^^^^^^^^^^
  File "/Users/kws/anaconda3/envs/atlas311/lib/python3.11/site-packages/django/forms/forms.py", line 197, in is_valid
    return self.is_bound and not self.errors
                                 ^^^^^^^^^^^
  File "/Users/kws/anaconda3/envs/atlas311/lib/python3.11/site-packages/django/forms/forms.py", line 192, in errors
    self.full_clean()
  File "/Users/kws/anaconda3/envs/atlas311/lib/python3.11/site-packages/django/forms/forms.py", line 325, in full_clean
    self._clean_fields()
  File "/Users/kws/anaconda3/envs/atlas311/lib/python3.11/site-packages/django/forms/forms.py", line 335, in _clean_fields
    value = getattr(self, "clean_%s" % name)()
            ^^^^^^^^^^^^^^^^^^^^^^^^^^^^^^^^^^
  File "/Users/kws/Documents/code/gitdev/psat-server-web/psat_server_web/atlas/atlas/views.py", line 233, in clean_new_password1
    old_password = self.cleaned_data['old_password']
                   ~~~~~~~~~~~~~~~~~^^^^^^^^^^^^^^^^
KeyError: 'old_password'
atlas.views DEBUG 2025-05-14 11:07:17,604 views self.cleaned_data: {'new_password1': 'lksdjfkljsdfj'}
atlas.views DEBUG 2025-05-14 11:07:32,941 views self.cleaned_data: {'new_password1': 'kks'}
atlas.views DEBUG 2025-05-14 11:07:45,993 views self.cleaned_data: {'new_password1': 'lksdjkfj'}
atlas.views DEBUG 2025-05-14 11:07:59,407 views self.cleaned_data: {'old_password': 'rube123', 'new_password1': 'lsjldfjskdj'}
atlas.views DEBUG 2025-05-14 11:08:21,757 views self.cleaned_data: {'new_password1': 'skks'}
atlas.views DEBUG 2025-05-14 11:08:43,290 views self.cleaned_data: {'old_password': 'rube123', 'new_password1': 'lksdkjfkd'}
atlas.views DEBUG 2025-05-14 11:09:14,855 views self.cleaned_data: {'new_password1': 'rube'}
atlas.views DEBUG 2025-05-14 11:10:01,511 views self.cleaned_data: {'old_password': 'rube123', 'new_password1': 'rube'}
atlas.views DEBUG 2025-05-14 11:11:20,295 views self.cleaned_data: {'new_password1': 'rube'}
atlas.views DEBUG 2025-05-14 11:12:32,362 views self.cleaned_data: {'old_password': 'rube123', 'new_password1': 'rube'}
accounts.utils DEBUG 2025-05-14 11:27:29,209 utils Checking if user rube needs to change password.
accounts.utils DEBUG 2025-05-14 11:27:29,209 utils User profile: UserProfile object (1)
accounts.utils DEBUG 2025-05-14 11:27:29,247 utils Checking if user rube needs to change password.
accounts.utils DEBUG 2025-05-14 11:27:29,248 utils User profile: UserProfile object (1)
accounts.utils DEBUG 2025-05-14 11:27:41,679 utils Checking if user rube needs to change password.
accounts.utils DEBUG 2025-05-14 11:27:41,682 utils User profile: UserProfile object (1)
atlas.views DEBUG 2025-05-14 11:27:41,693 views User can edit observations: True
accounts.utils DEBUG 2025-05-14 20:49:19,405 utils Checking if user rube needs to change password.
accounts.utils DEBUG 2025-05-14 20:49:19,407 utils User profile: UserProfile object (1)
accounts.utils DEBUG 2025-05-14 20:49:19,473 utils Checking if user rube needs to change password.
accounts.utils DEBUG 2025-05-14 20:49:19,474 utils User profile: UserProfile object (1)
accounts.utils DEBUG 2025-05-14 21:00:46,264 utils Checking if user rube needs to change password.
accounts.utils DEBUG 2025-05-14 21:00:46,266 utils User profile: UserProfile object (1)
accounts.utils DEBUG 2025-05-14 21:00:46,313 utils Checking if user rube needs to change password.
accounts.utils DEBUG 2025-05-14 21:00:46,315 utils User profile: UserProfile object (1)
accounts.utils DEBUG 2025-05-14 21:13:07,361 utils Checking if user rube needs to change password.
accounts.utils DEBUG 2025-05-14 21:13:07,363 utils User profile: UserProfile object (1)
accounts.utils DEBUG 2025-05-14 21:13:07,408 utils Checking if user rube needs to change password.
accounts.utils DEBUG 2025-05-14 21:13:07,409 utils User profile: UserProfile object (1)
accounts.utils DEBUG 2025-05-14 21:33:21,057 utils Checking if user rube needs to change password.
accounts.utils DEBUG 2025-05-14 21:33:21,059 utils User profile: UserProfile object (1)
accounts.utils DEBUG 2025-05-14 21:33:21,106 utils Checking if user rube needs to change password.
accounts.utils DEBUG 2025-05-14 21:33:21,108 utils User profile: UserProfile object (1)
accounts.utils DEBUG 2025-05-15 15:57:40,089 utils Checking if user rube needs to change password.
accounts.utils DEBUG 2025-05-15 15:57:40,090 utils User profile: UserProfile object (1)
accounts.utils DEBUG 2025-05-15 15:57:40,148 utils Checking if user rube needs to change password.
accounts.utils DEBUG 2025-05-15 15:57:40,148 utils User profile: UserProfile object (1)
accounts.utils DEBUG 2025-05-15 16:05:25,574 utils Checking if user ken.smith needs to change password.
accounts.utils DEBUG 2025-05-15 16:05:25,620 utils Checking if user ken.smith needs to change password.
accounts.utils DEBUG 2025-05-15 16:05:42,656 utils Checking if user ken.smith needs to change password.
accounts.utils DEBUG 2025-05-15 16:05:42,699 utils Checking if user ken.smith needs to change password.
accounts.utils DEBUG 2025-05-16 14:02:17,059 utils Checking if user ken.smith needs to change password.
accounts.utils DEBUG 2025-05-16 14:02:17,120 utils Checking if user ken.smith needs to change password.
accounts.utils DEBUG 2025-05-20 13:41:26,648 utils Checking if user ken.smith needs to change password.
accounts.utils DEBUG 2025-05-20 13:41:26,710 utils Checking if user ken.smith needs to change password.
accounts.utils DEBUG 2025-05-20 13:41:33,775 utils Checking if user ken.smith needs to change password.
atlas.views DEBUG 2025-05-20 13:41:33,790 views User can edit observations: True
accounts.utils DEBUG 2025-05-20 13:41:42,513 utils Checking if user ken.smith needs to change password.
atlas.views DEBUG 2025-05-20 13:41:42,522 views User can edit observations: True
accounts.utils DEBUG 2025-05-20 13:41:44,875 utils Checking if user ken.smith needs to change password.
atlas.views DEBUG 2025-05-20 13:41:44,888 views User can edit observations: True
urllib3.connectionpool DEBUG 2025-05-20 13:41:45,309 connectionpool Starting new HTTPS connection (1): lasair-ztf.lsst.ac.uk:443
urllib3.connectionpool DEBUG 2025-05-20 13:41:45,427 connectionpool https://lasair-ztf.lsst.ac.uk:443 "POST /api/cone/ HTTP/1.1" 200 2
urllib3.connectionpool DEBUG 2025-05-20 13:41:45,431 connectionpool Starting new HTTP connection (1): localhost:8084
accounts.utils DEBUG 2025-05-26 09:58:52,538 utils Checking if user ken.smith needs to change password.
accounts.utils DEBUG 2025-05-26 09:58:52,722 utils Checking if user ken.smith needs to change password.
accounts.utils DEBUG 2025-05-26 09:58:59,098 utils Checking if user ken.smith needs to change password.
atlas.views DEBUG 2025-05-26 09:58:59,109 views User can edit observations: True
accounts.utils DEBUG 2025-05-26 09:59:01,139 utils Checking if user ken.smith needs to change password.
atlas.views DEBUG 2025-05-26 09:59:01,151 views User can edit observations: True
urllib3.connectionpool DEBUG 2025-05-26 09:59:01,437 connectionpool Starting new HTTPS connection (1): lasair-ztf.lsst.ac.uk:443
urllib3.connectionpool DEBUG 2025-05-26 09:59:01,608 connectionpool https://lasair-ztf.lsst.ac.uk:443 "POST /api/cone/ HTTP/1.1" 200 2
urllib3.connectionpool DEBUG 2025-05-26 09:59:01,617 connectionpool Starting new HTTP connection (1): localhost:8084
accounts.utils DEBUG 2025-05-26 09:59:18,679 utils Checking if user ken.smith needs to change password.
atlas.views DEBUG 2025-05-26 09:59:18,691 views User can edit observations: True
urllib3.connectionpool DEBUG 2025-05-26 09:59:18,929 connectionpool Starting new HTTPS connection (1): lasair-ztf.lsst.ac.uk:443
urllib3.connectionpool DEBUG 2025-05-26 09:59:19,070 connectionpool https://lasair-ztf.lsst.ac.uk:443 "POST /api/cone/ HTTP/1.1" 200 2
urllib3.connectionpool DEBUG 2025-05-26 09:59:19,071 connectionpool Starting new HTTP connection (1): localhost:8084
accounts.utils DEBUG 2025-05-26 09:59:36,251 utils Checking if user ken.smith needs to change password.
atlas.views DEBUG 2025-05-26 09:59:36,263 views User can edit observations: True
accounts.utils DEBUG 2025-05-26 09:59:48,644 utils Checking if user ken.smith needs to change password.
atlas.views DEBUG 2025-05-26 09:59:48,656 views User can edit observations: True
urllib3.connectionpool DEBUG 2025-05-26 09:59:49,174 connectionpool Starting new HTTPS connection (1): lasair-ztf.lsst.ac.uk:443
urllib3.connectionpool DEBUG 2025-05-26 09:59:49,276 connectionpool https://lasair-ztf.lsst.ac.uk:443 "POST /api/cone/ HTTP/1.1" 200 2
urllib3.connectionpool DEBUG 2025-05-26 09:59:49,278 connectionpool Starting new HTTP connection (1): localhost:8084
accounts.utils DEBUG 2025-05-27 16:30:37,223 utils Checking if user ken.smith needs to change password.
accounts.utils DEBUG 2025-05-27 16:30:37,274 utils Checking if user ken.smith needs to change password.
accounts.utils DEBUG 2025-05-27 16:35:01,507 utils Checking if user ken.smith needs to change password.
accounts.utils DEBUG 2025-05-27 16:35:01,553 utils Checking if user ken.smith needs to change password.
accounts.utils DEBUG 2025-05-28 10:33:24,677 utils Checking if user ken.smith needs to change password.
accounts.utils DEBUG 2025-05-28 10:33:24,736 utils Checking if user ken.smith needs to change password.
accounts.utils DEBUG 2025-05-28 10:49:51,393 utils Checking if user ken.smith needs to change password.
accounts.utils DEBUG 2025-05-28 10:49:51,472 utils Checking if user ken.smith needs to change password.
accounts.utils DEBUG 2025-05-28 17:00:56,400 utils Checking if user ken.smith needs to change password.
accounts.utils DEBUG 2025-05-28 17:00:56,458 utils Checking if user ken.smith needs to change password.
accounts.utils DEBUG 2025-05-28 17:23:58,599 utils Checking if user ken.smith needs to change password.
accounts.utils DEBUG 2025-05-28 17:23:58,646 utils Checking if user ken.smith needs to change password.
accounts.utils DEBUG 2025-07-06 22:27:19,849 utils Checking if user  needs to change password.
atlas.views WARNING 2025-07-06 22:27:22,936 views User ken.smith has no profile.
accounts.utils DEBUG 2025-07-06 22:27:22,941 utils Checking if user ken.smith needs to change password.
accounts.utils DEBUG 2025-07-06 22:27:22,973 utils Checking if user ken.smith needs to change password.
accounts.utils DEBUG 2025-07-06 22:27:28,210 utils Checking if user ken.smith needs to change password.
atlas.views DEBUG 2025-07-06 22:27:28,223 views User can edit observations: True
accounts.utils DEBUG 2025-07-06 22:27:31,054 utils Checking if user ken.smith needs to change password.
atlas.views DEBUG 2025-07-06 22:27:31,062 views User can edit observations: True
accounts.utils DEBUG 2025-07-06 22:27:35,305 utils Checking if user ken.smith needs to change password.
atlas.views DEBUG 2025-07-06 22:27:35,316 views User can edit observations: True
urllib3.connectionpool DEBUG 2025-07-06 22:27:36,329 connectionpool Starting new HTTPS connection (1): lasair-ztf.lsst.ac.uk:443
urllib3.connectionpool DEBUG 2025-07-06 22:27:36,493 connectionpool https://lasair-ztf.lsst.ac.uk:443 "POST /api/cone/ HTTP/1.1" 200 59
urllib3.connectionpool DEBUG 2025-07-06 22:27:36,501 connectionpool Starting new HTTP connection (1): localhost:8084
accounts.utils DEBUG 2025-07-06 22:27:42,069 utils Checking if user ken.smith needs to change password.
atlas.views DEBUG 2025-07-06 22:27:42,077 views User can edit observations: True
urllib3.connectionpool DEBUG 2025-07-06 22:27:42,334 connectionpool Starting new HTTPS connection (1): lasair-ztf.lsst.ac.uk:443
urllib3.connectionpool DEBUG 2025-07-06 22:27:42,437 connectionpool https://lasair-ztf.lsst.ac.uk:443 "POST /api/cone/ HTTP/1.1" 200 2
urllib3.connectionpool DEBUG 2025-07-06 22:27:42,444 connectionpool Starting new HTTP connection (1): localhost:8084
accounts.utils DEBUG 2025-07-06 22:27:52,841 utils Checking if user ken.smith needs to change password.
atlas.views DEBUG 2025-07-06 22:27:52,851 views User can edit observations: True
urllib3.connectionpool DEBUG 2025-07-06 22:27:53,494 connectionpool Starting new HTTPS connection (1): lasair-ztf.lsst.ac.uk:443
urllib3.connectionpool DEBUG 2025-07-06 22:27:53,595 connectionpool https://lasair-ztf.lsst.ac.uk:443 "POST /api/cone/ HTTP/1.1" 200 2
urllib3.connectionpool DEBUG 2025-07-06 22:27:53,597 connectionpool Starting new HTTP connection (1): localhost:8084
accounts.utils DEBUG 2025-07-06 22:28:03,639 utils Checking if user ken.smith needs to change password.
accounts.utils DEBUG 2025-07-06 22:28:13,298 utils Checking if user ken.smith needs to change password.
atlas.views DEBUG 2025-07-06 22:28:13,310 views User can edit observations: True
urllib3.connectionpool DEBUG 2025-07-06 22:28:13,531 connectionpool Starting new HTTPS connection (1): lasair-ztf.lsst.ac.uk:443
urllib3.connectionpool DEBUG 2025-07-06 22:28:13,629 connectionpool https://lasair-ztf.lsst.ac.uk:443 "POST /api/cone/ HTTP/1.1" 200 2
urllib3.connectionpool DEBUG 2025-07-06 22:28:13,631 connectionpool Starting new HTTP connection (1): localhost:8084
accounts.utils DEBUG 2025-07-06 22:28:25,345 utils Checking if user ken.smith needs to change password.
atlas.views DEBUG 2025-07-06 22:28:25,356 views User can edit observations: True
urllib3.connectionpool DEBUG 2025-07-06 22:28:25,931 connectionpool Starting new HTTPS connection (1): lasair-ztf.lsst.ac.uk:443
urllib3.connectionpool DEBUG 2025-07-06 22:28:26,035 connectionpool https://lasair-ztf.lsst.ac.uk:443 "POST /api/cone/ HTTP/1.1" 200 60
urllib3.connectionpool DEBUG 2025-07-06 22:28:26,037 connectionpool Starting new HTTP connection (1): localhost:8084
accounts.utils DEBUG 2025-07-06 22:28:40,112 utils Checking if user ken.smith needs to change password.
accounts.utils DEBUG 2025-07-06 22:28:42,501 utils Checking if user ken.smith needs to change password.
atlas.views DEBUG 2025-07-06 22:28:42,514 views User can edit observations: True
urllib3.connectionpool DEBUG 2025-07-06 22:28:43,409 connectionpool Starting new HTTPS connection (1): lasair-ztf.lsst.ac.uk:443
urllib3.connectionpool DEBUG 2025-07-06 22:28:43,513 connectionpool https://lasair-ztf.lsst.ac.uk:443 "POST /api/cone/ HTTP/1.1" 200 2
urllib3.connectionpool DEBUG 2025-07-06 22:28:43,515 connectionpool Starting new HTTP connection (1): localhost:8084
accounts.utils DEBUG 2025-07-06 22:28:58,493 utils Checking if user ken.smith needs to change password.
accounts.utils DEBUG 2025-07-06 22:29:05,379 utils Checking if user ken.smith needs to change password.
accounts.utils DEBUG 2025-07-06 22:29:10,810 utils Checking if user ken.smith needs to change password.
atlas.views DEBUG 2025-07-06 22:29:10,823 views User can edit observations: True
urllib3.connectionpool DEBUG 2025-07-06 22:29:11,476 connectionpool Starting new HTTPS connection (1): lasair-ztf.lsst.ac.uk:443
urllib3.connectionpool DEBUG 2025-07-06 22:29:11,657 connectionpool https://lasair-ztf.lsst.ac.uk:443 "POST /api/cone/ HTTP/1.1" 200 60
urllib3.connectionpool DEBUG 2025-07-06 22:29:11,662 connectionpool Starting new HTTP connection (1): localhost:8084
accounts.utils DEBUG 2025-07-06 22:29:16,596 utils Checking if user ken.smith needs to change password.
atlas.views DEBUG 2025-07-06 22:29:16,617 views User can edit observations: True
urllib3.connectionpool DEBUG 2025-07-06 22:29:17,305 connectionpool Starting new HTTPS connection (1): lasair-ztf.lsst.ac.uk:443
urllib3.connectionpool DEBUG 2025-07-06 22:29:17,408 connectionpool https://lasair-ztf.lsst.ac.uk:443 "POST /api/cone/ HTTP/1.1" 200 2
urllib3.connectionpool DEBUG 2025-07-06 22:29:17,409 connectionpool Starting new HTTP connection (1): localhost:8084
accounts.utils DEBUG 2025-07-06 22:29:25,435 utils Checking if user ken.smith needs to change password.
atlas.views DEBUG 2025-07-06 22:29:25,447 views User can edit observations: True
urllib3.connectionpool DEBUG 2025-07-06 22:29:26,091 connectionpool Starting new HTTPS connection (1): lasair-ztf.lsst.ac.uk:443
urllib3.connectionpool DEBUG 2025-07-06 22:29:26,188 connectionpool https://lasair-ztf.lsst.ac.uk:443 "POST /api/cone/ HTTP/1.1" 200 60
urllib3.connectionpool DEBUG 2025-07-06 22:29:26,189 connectionpool Starting new HTTP connection (1): localhost:8084
accounts.utils DEBUG 2025-07-07 08:49:27,364 utils Checking if user ken.smith needs to change password.
atlas.views DEBUG 2025-07-07 08:49:27,375 views User can edit observations: True
urllib3.connectionpool DEBUG 2025-07-07 08:49:27,669 connectionpool Starting new HTTPS connection (1): lasair-ztf.lsst.ac.uk:443
urllib3.connectionpool DEBUG 2025-07-07 08:49:27,799 connectionpool https://lasair-ztf.lsst.ac.uk:443 "POST /api/cone/ HTTP/1.1" 200 60
urllib3.connectionpool DEBUG 2025-07-07 08:49:27,802 connectionpool Starting new HTTP connection (1): localhost:8084
accounts.utils DEBUG 2025-07-07 08:53:37,830 utils Checking if user ken.smith needs to change password.
atlas.views DEBUG 2025-07-07 08:53:37,841 views User can edit observations: True
urllib3.connectionpool DEBUG 2025-07-07 08:53:38,061 connectionpool Starting new HTTPS connection (1): lasair-ztf.lsst.ac.uk:443
urllib3.connectionpool DEBUG 2025-07-07 08:53:38,127 connectionpool https://lasair-ztf.lsst.ac.uk:443 "POST /api/cone/ HTTP/1.1" 200 59
urllib3.connectionpool DEBUG 2025-07-07 08:53:38,128 connectionpool Starting new HTTP connection (1): localhost:8084
accounts.utils DEBUG 2025-07-07 12:01:10,116 utils Checking if user ken.smith needs to change password.
accounts.utils DEBUG 2025-07-07 12:01:10,177 utils Checking if user ken.smith needs to change password.
accounts.utils DEBUG 2025-07-07 12:01:15,154 utils Checking if user ken.smith needs to change password.
accounts.utils DEBUG 2025-07-07 12:01:47,510 utils Checking if user ken.smith needs to change password.
accounts.utils DEBUG 2025-07-07 12:01:53,314 utils Checking if user ken.smith needs to change password.
accounts.utils DEBUG 2025-07-07 12:02:03,232 utils Checking if user ken.smith needs to change password.
atlas.views DEBUG 2025-07-07 12:02:03,245 views User can edit observations: True
urllib3.connectionpool DEBUG 2025-07-07 12:02:03,588 connectionpool Starting new HTTPS connection (1): lasair-ztf.lsst.ac.uk:443
urllib3.connectionpool DEBUG 2025-07-07 12:02:03,704 connectionpool https://lasair-ztf.lsst.ac.uk:443 "POST /api/cone/ HTTP/1.1" 200 60
urllib3.connectionpool DEBUG 2025-07-07 12:02:03,708 connectionpool Starting new HTTP connection (1): localhost:8084
accounts.utils DEBUG 2025-07-07 12:02:08,589 utils Checking if user ken.smith needs to change password.
atlas.views DEBUG 2025-07-07 12:02:08,598 views User can edit observations: True
urllib3.connectionpool DEBUG 2025-07-07 12:02:08,943 connectionpool Starting new HTTPS connection (1): lasair-ztf.lsst.ac.uk:443
urllib3.connectionpool DEBUG 2025-07-07 12:02:09,006 connectionpool https://lasair-ztf.lsst.ac.uk:443 "POST /api/cone/ HTTP/1.1" 200 60
urllib3.connectionpool DEBUG 2025-07-07 12:02:09,007 connectionpool Starting new HTTP connection (1): localhost:8084
accounts.utils DEBUG 2025-07-07 12:04:51,268 utils Checking if user ken.smith needs to change password.
atlas.views DEBUG 2025-07-07 12:04:51,280 views User can edit observations: True
urllib3.connectionpool DEBUG 2025-07-07 12:04:51,614 connectionpool Starting new HTTPS connection (1): lasair-ztf.lsst.ac.uk:443
urllib3.connectionpool DEBUG 2025-07-07 12:04:51,820 connectionpool https://lasair-ztf.lsst.ac.uk:443 "POST /api/cone/ HTTP/1.1" 200 60
urllib3.connectionpool DEBUG 2025-07-07 12:04:51,826 connectionpool Starting new HTTP connection (1): localhost:8084
accounts.utils DEBUG 2025-07-13 12:27:59,714 utils Checking if user ken.smith needs to change password.
accounts.utils DEBUG 2025-07-13 12:27:59,898 utils Checking if user ken.smith needs to change password.
accounts.utils DEBUG 2025-07-13 12:28:04,434 utils Checking if user ken.smith needs to change password.
atlas.views DEBUG 2025-07-13 12:28:04,447 views User can edit observations: True
accounts.utils DEBUG 2025-07-13 12:28:06,670 utils Checking if user ken.smith needs to change password.
accounts.utils DEBUG 2025-07-13 12:28:08,454 utils Checking if user ken.smith needs to change password.
atlas.views DEBUG 2025-07-13 12:28:08,463 views User can edit observations: True
urllib3.connectionpool DEBUG 2025-07-13 12:28:08,994 connectionpool Starting new HTTPS connection (1): lasair-ztf.lsst.ac.uk:443
urllib3.connectionpool DEBUG 2025-07-13 12:28:09,178 connectionpool https://lasair-ztf.lsst.ac.uk:443 "POST /api/cone/ HTTP/1.1" 200 2
urllib3.connectionpool DEBUG 2025-07-13 12:28:09,188 connectionpool Starting new HTTP connection (1): localhost:8084
matplotlib DEBUG 2025-07-13 12:28:12,782 __init__ matplotlib data path: /Users/kws/.local/lib/python3.11/site-packages/matplotlib/mpl-data
matplotlib DEBUG 2025-07-13 12:28:12,785 __init__ CONFIGDIR=/Users/kws/.matplotlib
matplotlib DEBUG 2025-07-13 12:28:12,786 __init__ interactive is False
matplotlib DEBUG 2025-07-13 12:28:12,786 __init__ platform is darwin
matplotlib DEBUG 2025-07-13 12:28:12,815 __init__ CACHEDIR=/Users/kws/.matplotlib
matplotlib.font_manager DEBUG 2025-07-13 12:28:12,816 font_manager Using fontManager instance from /Users/kws/.matplotlib/fontlist-v390.json
urllib3.connectionpool DEBUG 2025-07-13 12:28:12,991 connectionpool Starting new HTTPS connection (1): dataverse.harvard.edu:443
urllib3.connectionpool DEBUG 2025-07-13 12:28:13,541 connectionpool https://dataverse.harvard.edu:443 "GET /api/datasets/:persistentId?persistentId=doi:10.7910/DVN/EWCNL5 HTTP/1.1" 200 None
urllib3.connectionpool DEBUG 2025-07-13 12:28:13,639 connectionpool Starting new HTTPS connection (1): dataverse.harvard.edu:443
urllib3.connectionpool DEBUG 2025-07-13 12:28:14,121 connectionpool https://dataverse.harvard.edu:443 "GET /api/access/datafile/2902687 HTTP/1.1" 303 0
urllib3.connectionpool DEBUG 2025-07-13 12:28:14,132 connectionpool Starting new HTTPS connection (1): dvn-cloud.s3.amazonaws.com:443
urllib3.connectionpool DEBUG 2025-07-13 12:28:14,606 connectionpool https://dvn-cloud.s3.amazonaws.com:443 "GET /10.7910/DVN/EWCNL5/157bb43e038-2856c7e44170?response-content-disposition=attachment%3B%20filename%2A%3DUTF-8%27%27SFD_dust_4096_ngp.fits&response-content-type=application%2Ffits&X-Amz-Algorithm=AWS4-HMAC-SHA256&X-Amz-Date=20250713T122814Z&X-Amz-SignedHeaders=host&X-Amz-Expires=3600&X-Amz-Credential=AKIAIEJ3NV7UYCSRJC7A%2F20250713%2Fus-east-1%2Fs3%2Faws4_request&X-Amz-Signature=c9d44aa57950a2bd41cab919a8365421f8e6bba52ba124209e37e1495976d7c6 HTTP/1.1" 200 67115520
urllib3.connectionpool DEBUG 2025-07-13 12:28:35,603 connectionpool Starting new HTTPS connection (1): dataverse.harvard.edu:443
urllib3.connectionpool DEBUG 2025-07-13 12:28:36,175 connectionpool https://dataverse.harvard.edu:443 "GET /api/datasets/:persistentId?persistentId=doi:10.7910/DVN/EWCNL5 HTTP/1.1" 200 None
urllib3.connectionpool DEBUG 2025-07-13 12:28:36,281 connectionpool Starting new HTTPS connection (1): dataverse.harvard.edu:443
urllib3.connectionpool DEBUG 2025-07-13 12:28:36,718 connectionpool https://dataverse.harvard.edu:443 "GET /api/access/datafile/2902695 HTTP/1.1" 303 0
urllib3.connectionpool DEBUG 2025-07-13 12:28:36,726 connectionpool Starting new HTTPS connection (1): dvn-cloud.s3.amazonaws.com:443
urllib3.connectionpool DEBUG 2025-07-13 12:28:37,237 connectionpool https://dvn-cloud.s3.amazonaws.com:443 "GET /10.7910/DVN/EWCNL5/157bb8a4df2-7537b98d9920?response-content-disposition=attachment%3B%20filename%2A%3DUTF-8%27%27SFD_dust_4096_sgp.fits&response-content-type=application%2Ffits&X-Amz-Algorithm=AWS4-HMAC-SHA256&X-Amz-Date=20250713T122836Z&X-Amz-SignedHeaders=host&X-Amz-Expires=3600&X-Amz-Credential=AKIAIEJ3NV7UYCSRJC7A%2F20250713%2Fus-east-1%2Fs3%2Faws4_request&X-Amz-Signature=db1fc48bb6905384111cac1c35ee9d5575c5015978c2b4f68e805c671a5c2b54 HTTP/1.1" 200 67115520
accounts.utils DEBUG 2025-08-08 14:43:08,839 utils Checking if user  needs to change password.
accounts.views WARNING 2025-08-08 14:45:18,573 views User ken.smith has no profile.
accounts.utils DEBUG 2025-08-08 14:45:18,590 utils Checking if user ken.smith needs to change password.
accounts.utils DEBUG 2025-08-08 14:45:18,644 utils Checking if user ken.smith needs to change password.
accounts.views WARNING 2025-08-08 14:45:33,806 views User ken.smith has no profile.
accounts.views WARNING 2025-08-08 14:45:55,087 views User ken.smith has no profile.
accounts.utils DEBUG 2025-08-08 14:45:55,099 utils Checking if user ken.smith needs to change password.
accounts.utils DEBUG 2025-08-08 14:45:55,137 utils Checking if user ken.smith needs to change password.
accounts.utils DEBUG 2025-08-08 14:46:09,389 utils Checking if user ken.smith needs to change password.
accounts.utils DEBUG 2025-08-08 14:46:15,638 utils Checking if user ken.smith needs to change password.
atlas.views DEBUG 2025-08-08 14:46:15,663 views User can edit observations: True
urllib3.connectionpool DEBUG 2025-08-08 14:46:16,414 connectionpool Starting new HTTPS connection (1): lasair-ztf.lsst.ac.uk:443
urllib3.connectionpool DEBUG 2025-08-08 14:46:16,507 connectionpool https://lasair-ztf.lsst.ac.uk:443 "POST /api/cone/ HTTP/1.1" 200 59
urllib3.connectionpool DEBUG 2025-08-08 14:46:16,511 connectionpool Starting new HTTP connection (1): localhost:8084
accounts.utils DEBUG 2025-08-08 14:48:45,061 utils Checking if user ken.smith needs to change password.
atlas.views DEBUG 2025-08-08 14:48:45,083 views User can edit observations: True
urllib3.connectionpool DEBUG 2025-08-08 14:48:45,349 connectionpool Starting new HTTPS connection (1): lasair-ztf.lsst.ac.uk:443
urllib3.connectionpool DEBUG 2025-08-08 14:48:45,412 connectionpool https://lasair-ztf.lsst.ac.uk:443 "POST /api/cone/ HTTP/1.1" 200 59
urllib3.connectionpool DEBUG 2025-08-08 14:48:45,414 connectionpool Starting new HTTP connection (1): localhost:8084
accounts.utils DEBUG 2025-08-08 14:49:02,527 utils Checking if user ken.smith needs to change password.
atlas.views DEBUG 2025-08-08 14:49:02,539 views User can edit observations: True
urllib3.connectionpool DEBUG 2025-08-08 14:49:02,806 connectionpool Starting new HTTPS connection (1): lasair-ztf.lsst.ac.uk:443
urllib3.connectionpool DEBUG 2025-08-08 14:49:02,879 connectionpool https://lasair-ztf.lsst.ac.uk:443 "POST /api/cone/ HTTP/1.1" 200 59
urllib3.connectionpool DEBUG 2025-08-08 14:49:02,881 connectionpool Starting new HTTP connection (1): localhost:8084
accounts.utils DEBUG 2025-08-08 14:49:33,322 utils Checking if user ken.smith needs to change password.
accounts.utils DEBUG 2025-08-08 14:49:33,414 utils Checking if user ken.smith needs to change password.
accounts.utils DEBUG 2025-08-08 14:52:13,722 utils Checking if user ken.smith needs to change password.
accounts.utils DEBUG 2025-08-08 14:52:13,783 utils Checking if user ken.smith needs to change password.
accounts.utils DEBUG 2025-08-08 14:52:21,433 utils Checking if user ken.smith needs to change password.
accounts.utils DEBUG 2025-08-08 14:52:21,512 utils Checking if user ken.smith needs to change password.
accounts.utils DEBUG 2025-08-08 14:55:52,447 utils Checking if user ken.smith needs to change password.
accounts.utils DEBUG 2025-08-08 14:55:52,553 utils Checking if user ken.smith needs to change password.
accounts.utils DEBUG 2025-08-08 22:52:53,286 utils Checking if user ken.smith needs to change password.
django.request ERROR 2025-08-08 22:52:53,305 log Internal Server Error: /fruitbat/
Traceback (most recent call last):
  File "/Users/kws/anaconda3/envs/atlas311/lib/python3.11/site-packages/django/db/models/fields/related_descriptors.py", line 513, in __get__
    rel_obj = self.related.get_cached_value(instance)
              ^^^^^^^^^^^^^^^^^^^^^^^^^^^^^^^^^^^^^^^
  File "/Users/kws/anaconda3/envs/atlas311/lib/python3.11/site-packages/django/db/models/fields/mixins.py", line 37, in get_cached_value
    return instance._state.fields_cache[self.cache_name]
           ~~~~~~~~~~~~~~~~~~~~~~~~~~~~^^^^^^^^^^^^^^^^^
KeyError: 'profile'

During handling of the above exception, another exception occurred:

Traceback (most recent call last):
  File "/Users/kws/anaconda3/envs/atlas311/lib/python3.11/site-packages/django/db/backends/utils.py", line 105, in _execute
    return self.cursor.execute(sql, params)
           ^^^^^^^^^^^^^^^^^^^^^^^^^^^^^^^^
  File "/Users/kws/anaconda3/envs/atlas311/lib/python3.11/site-packages/django/db/backends/mysql/base.py", line 76, in execute
    return self.cursor.execute(query, args)
           ^^^^^^^^^^^^^^^^^^^^^^^^^^^^^^^^
  File "/Users/kws/anaconda3/envs/atlas311/lib/python3.11/site-packages/MySQLdb/cursors.py", line 179, in execute
    res = self._query(mogrified_query)
          ^^^^^^^^^^^^^^^^^^^^^^^^^^^^
  File "/Users/kws/anaconda3/envs/atlas311/lib/python3.11/site-packages/MySQLdb/cursors.py", line 330, in _query
    db.query(q)
  File "/Users/kws/anaconda3/envs/atlas311/lib/python3.11/site-packages/MySQLdb/connections.py", line 261, in query
    _mysql.connection.query(self, query)
MySQLdb.OperationalError: (1054, "Unknown column 'auth_user_profile.image' in 'SELECT'")

The above exception was the direct cause of the following exception:

Traceback (most recent call last):
  File "/Users/kws/anaconda3/envs/atlas311/lib/python3.11/site-packages/django/core/handlers/exception.py", line 55, in inner
    response = get_response(request)
               ^^^^^^^^^^^^^^^^^^^^^
  File "/Users/kws/anaconda3/envs/atlas311/lib/python3.11/site-packages/django/core/handlers/base.py", line 197, in _get_response
    response = wrapped_callback(request, *callback_args, **callback_kwargs)
               ^^^^^^^^^^^^^^^^^^^^^^^^^^^^^^^^^^^^^^^^^^^^^^^^^^^^^^^^^^^^
  File "/Users/kws/anaconda3/envs/atlas311/lib/python3.11/site-packages/django/contrib/auth/decorators.py", line 56, in _view_wrapper
    test_pass = test_func(request.user)
                ^^^^^^^^^^^^^^^^^^^^^^^
  File "/Users/kws/Documents/code/gitdev/psat-server-web/psat_server_web/atlas/atlas/views.py", line 2054, in <lambda>
    @user_passes_test(lambda u: not needs_to_change_password(u), login_url="change_password")
                                    ^^^^^^^^^^^^^^^^^^^^^^^^^^^
  File "/Users/kws/Documents/code/gitdev/psat-server-web/psat_server_web/atlas/accounts/utils.py", line 15, in needs_to_change_password
    logger.debug(f"User profile: {user.profile}")
                                  ^^^^^^^^^^^^
  File "/Users/kws/anaconda3/envs/atlas311/lib/python3.11/site-packages/django/utils/functional.py", line 253, in inner
    return func(_wrapped, *args)
           ^^^^^^^^^^^^^^^^^^^^^
  File "/Users/kws/anaconda3/envs/atlas311/lib/python3.11/site-packages/django/db/models/fields/related_descriptors.py", line 520, in __get__
    rel_obj = self.get_queryset(instance=instance).get(**filter_args)
              ^^^^^^^^^^^^^^^^^^^^^^^^^^^^^^^^^^^^^^^^^^^^^^^^^^^^^^^
  File "/Users/kws/anaconda3/envs/atlas311/lib/python3.11/site-packages/django/db/models/query.py", line 629, in get
    num = len(clone)
          ^^^^^^^^^^
  File "/Users/kws/anaconda3/envs/atlas311/lib/python3.11/site-packages/django/db/models/query.py", line 366, in __len__
    self._fetch_all()
  File "/Users/kws/anaconda3/envs/atlas311/lib/python3.11/site-packages/django/db/models/query.py", line 1945, in _fetch_all
    self._result_cache = list(self._iterable_class(self))
                         ^^^^^^^^^^^^^^^^^^^^^^^^^^^^^^^^
  File "/Users/kws/anaconda3/envs/atlas311/lib/python3.11/site-packages/django/db/models/query.py", line 91, in __iter__
    results = compiler.execute_sql(
              ^^^^^^^^^^^^^^^^^^^^^
  File "/Users/kws/anaconda3/envs/atlas311/lib/python3.11/site-packages/django/db/models/sql/compiler.py", line 1623, in execute_sql
    cursor.execute(sql, params)
  File "/Users/kws/anaconda3/envs/atlas311/lib/python3.11/site-packages/django/db/backends/utils.py", line 79, in execute
    return self._execute_with_wrappers(
           ^^^^^^^^^^^^^^^^^^^^^^^^^^^^
  File "/Users/kws/anaconda3/envs/atlas311/lib/python3.11/site-packages/django/db/backends/utils.py", line 92, in _execute_with_wrappers
    return executor(sql, params, many, context)
           ^^^^^^^^^^^^^^^^^^^^^^^^^^^^^^^^^^^^
  File "/Users/kws/anaconda3/envs/atlas311/lib/python3.11/site-packages/django/db/backends/utils.py", line 100, in _execute
    with self.db.wrap_database_errors:
  File "/Users/kws/anaconda3/envs/atlas311/lib/python3.11/site-packages/django/db/utils.py", line 91, in __exit__
    raise dj_exc_value.with_traceback(traceback) from exc_value
  File "/Users/kws/anaconda3/envs/atlas311/lib/python3.11/site-packages/django/db/backends/utils.py", line 105, in _execute
    return self.cursor.execute(sql, params)
           ^^^^^^^^^^^^^^^^^^^^^^^^^^^^^^^^
  File "/Users/kws/anaconda3/envs/atlas311/lib/python3.11/site-packages/django/db/backends/mysql/base.py", line 76, in execute
    return self.cursor.execute(query, args)
           ^^^^^^^^^^^^^^^^^^^^^^^^^^^^^^^^
  File "/Users/kws/anaconda3/envs/atlas311/lib/python3.11/site-packages/MySQLdb/cursors.py", line 179, in execute
    res = self._query(mogrified_query)
          ^^^^^^^^^^^^^^^^^^^^^^^^^^^^
  File "/Users/kws/anaconda3/envs/atlas311/lib/python3.11/site-packages/MySQLdb/cursors.py", line 330, in _query
    db.query(q)
  File "/Users/kws/anaconda3/envs/atlas311/lib/python3.11/site-packages/MySQLdb/connections.py", line 261, in query
    _mysql.connection.query(self, query)
django.db.utils.OperationalError: (1054, "Unknown column 'auth_user_profile.image' in 'SELECT'")
django.request WARNING 2025-08-08 22:52:53,324 log Not Found: /fruitbat/images/atlas_logo.png
django.request WARNING 2025-08-08 22:52:53,324 log Not Found: /fruitbat/css/aladin.css
django.request WARNING 2025-08-08 22:52:53,324 log Not Found: /fruitbat/css/solid.css
django.request WARNING 2025-08-08 22:52:53,325 log Not Found: /fruitbat/css/main_bootstrap.css
django.request WARNING 2025-08-08 22:52:53,325 log Not Found: /fruitbat/css/brands.css
django.request WARNING 2025-08-08 22:52:53,326 log Not Found: /fruitbat/css/fontawesome.css
accounts.utils DEBUG 2025-08-08 22:56:04,437 utils Checking if user ken.smith needs to change password.
accounts.utils DEBUG 2025-08-08 22:56:04,511 utils Checking if user ken.smith needs to change password.
accounts.utils DEBUG 2025-08-08 23:01:46,644 utils Checking if user tappleby needs to change password.
accounts.utils DEBUG 2025-08-08 23:01:46,646 utils User profile: tappleby Profile
accounts.utils DEBUG 2025-08-08 23:02:15,158 utils Checking if user tappleby needs to change password.
accounts.utils DEBUG 2025-08-08 23:02:15,160 utils User profile: tappleby Profile
accounts.utils DEBUG 2025-08-08 23:02:15,168 utils Checking if user tappleby needs to change password.
accounts.utils DEBUG 2025-08-08 23:02:15,170 utils User profile: tappleby Profile
accounts.utils DEBUG 2025-08-08 23:02:15,203 utils Checking if user tappleby needs to change password.
accounts.utils DEBUG 2025-08-08 23:02:15,204 utils User profile: tappleby Profile
accounts.utils DEBUG 2025-08-08 23:02:20,787 utils Checking if user tappleby needs to change password.
accounts.utils DEBUG 2025-08-08 23:02:20,791 utils User profile: tappleby Profile
atlas.views DEBUG 2025-08-08 23:02:20,803 views User can edit observations: False
accounts.utils DEBUG 2025-08-08 23:02:24,835 utils Checking if user tappleby needs to change password.
accounts.utils DEBUG 2025-08-08 23:02:24,837 utils User profile: tappleby Profile
atlas.views DEBUG 2025-08-08 23:02:24,850 views User can edit observations: False
urllib3.connectionpool DEBUG 2025-08-08 23:02:25,686 connectionpool Starting new HTTPS connection (1): lasair-ztf.lsst.ac.uk:443
urllib3.connectionpool DEBUG 2025-08-08 23:02:25,849 connectionpool https://lasair-ztf.lsst.ac.uk:443 "POST /api/cone/ HTTP/1.1" 200 118
urllib3.connectionpool DEBUG 2025-08-08 23:02:25,856 connectionpool Starting new HTTP connection (1): localhost:8084
accounts.utils DEBUG 2025-08-11 11:17:19,871 utils Checking if user tappleby needs to change password.
accounts.utils DEBUG 2025-08-11 11:17:19,872 utils User profile: tappleby Profile
accounts.utils DEBUG 2025-08-11 11:17:20,006 utils Checking if user tappleby needs to change password.
accounts.utils DEBUG 2025-08-11 11:17:20,007 utils User profile: tappleby Profile
accounts.utils DEBUG 2025-08-11 11:17:30,429 utils Checking if user tappleby needs to change password.
accounts.utils DEBUG 2025-08-11 11:17:30,430 utils User profile: tappleby Profile
accounts.utils DEBUG 2025-08-11 11:18:50,223 utils Checking if user tappleby needs to change password.
accounts.utils DEBUG 2025-08-11 11:18:50,226 utils User profile: tappleby Profile
PIL.TiffImagePlugin DEBUG 2025-08-11 11:18:50,268 TiffImagePlugin tag: PhotometricInterpretation (262) - type: short (3) - value: b'\x00\x02'
PIL.TiffImagePlugin DEBUG 2025-08-11 11:18:50,269 TiffImagePlugin tag: Orientation (274) - type: short (3) - value: b'\x00\x01'
PIL.TiffImagePlugin DEBUG 2025-08-11 11:18:50,269 TiffImagePlugin tag: ResolutionUnit (296) - type: short (3) - value: b'\x00\x02'
PIL.TiffImagePlugin DEBUG 2025-08-11 11:18:50,269 TiffImagePlugin tag: ExifIFD (34665) - type: long (4) - value: b'\x00\x00\x00>'
PIL.Image DEBUG 2025-08-11 11:18:50,270 Image Importing BlpImagePlugin
PIL.Image DEBUG 2025-08-11 11:18:50,272 Image Importing BmpImagePlugin
PIL.Image DEBUG 2025-08-11 11:18:50,272 Image Importing BufrStubImagePlugin
PIL.Image DEBUG 2025-08-11 11:18:50,273 Image Importing CurImagePlugin
PIL.Image DEBUG 2025-08-11 11:18:50,273 Image Importing DcxImagePlugin
PIL.Image DEBUG 2025-08-11 11:18:50,275 Image Importing DdsImagePlugin
PIL.Image DEBUG 2025-08-11 11:18:50,278 Image Importing EpsImagePlugin
PIL.Image DEBUG 2025-08-11 11:18:50,280 Image Importing FitsImagePlugin
PIL.Image DEBUG 2025-08-11 11:18:50,281 Image Importing FliImagePlugin
PIL.Image DEBUG 2025-08-11 11:18:50,281 Image Importing FpxImagePlugin
PIL.Image DEBUG 2025-08-11 11:18:50,282 Image Image: failed to import FpxImagePlugin: No module named 'olefile'
PIL.Image DEBUG 2025-08-11 11:18:50,282 Image Importing FtexImagePlugin
PIL.Image DEBUG 2025-08-11 11:18:50,283 Image Importing GbrImagePlugin
PIL.Image DEBUG 2025-08-11 11:18:50,283 Image Importing GifImagePlugin
PIL.Image DEBUG 2025-08-11 11:18:50,283 Image Importing GribStubImagePlugin
PIL.Image DEBUG 2025-08-11 11:18:50,284 Image Importing Hdf5StubImagePlugin
PIL.Image DEBUG 2025-08-11 11:18:50,284 Image Importing IcnsImagePlugin
PIL.Image DEBUG 2025-08-11 11:18:50,286 Image Importing IcoImagePlugin
PIL.Image DEBUG 2025-08-11 11:18:50,286 Image Importing ImImagePlugin
PIL.Image DEBUG 2025-08-11 11:18:50,287 Image Importing ImtImagePlugin
PIL.Image DEBUG 2025-08-11 11:18:50,288 Image Importing IptcImagePlugin
PIL.Image DEBUG 2025-08-11 11:18:50,288 Image Importing JpegImagePlugin
PIL.Image DEBUG 2025-08-11 11:18:50,288 Image Importing Jpeg2KImagePlugin
PIL.Image DEBUG 2025-08-11 11:18:50,289 Image Importing McIdasImagePlugin
PIL.Image DEBUG 2025-08-11 11:18:50,289 Image Importing MicImagePlugin
PIL.Image DEBUG 2025-08-11 11:18:50,290 Image Image: failed to import MicImagePlugin: No module named 'olefile'
PIL.Image DEBUG 2025-08-11 11:18:50,290 Image Importing MpegImagePlugin
PIL.Image DEBUG 2025-08-11 11:18:50,290 Image Importing MpoImagePlugin
PIL.Image DEBUG 2025-08-11 11:18:50,291 Image Importing MspImagePlugin
PIL.Image DEBUG 2025-08-11 11:18:50,291 Image Importing PalmImagePlugin
PIL.Image DEBUG 2025-08-11 11:18:50,293 Image Importing PcdImagePlugin
PIL.Image DEBUG 2025-08-11 11:18:50,293 Image Importing PcxImagePlugin
PIL.Image DEBUG 2025-08-11 11:18:50,293 Image Importing PdfImagePlugin
PIL.Image DEBUG 2025-08-11 11:18:50,305 Image Importing PixarImagePlugin
PIL.Image DEBUG 2025-08-11 11:18:50,306 Image Importing PngImagePlugin
PIL.Image DEBUG 2025-08-11 11:18:50,306 Image Importing PpmImagePlugin
PIL.Image DEBUG 2025-08-11 11:18:50,306 Image Importing PsdImagePlugin
PIL.Image DEBUG 2025-08-11 11:18:50,306 Image Importing QoiImagePlugin
PIL.Image DEBUG 2025-08-11 11:18:50,307 Image Importing SgiImagePlugin
PIL.Image DEBUG 2025-08-11 11:18:50,307 Image Importing SpiderImagePlugin
PIL.Image DEBUG 2025-08-11 11:18:50,308 Image Importing SunImagePlugin
PIL.Image DEBUG 2025-08-11 11:18:50,308 Image Importing TgaImagePlugin
PIL.Image DEBUG 2025-08-11 11:18:50,308 Image Importing TiffImagePlugin
PIL.Image DEBUG 2025-08-11 11:18:50,309 Image Importing WebPImagePlugin
PIL.Image DEBUG 2025-08-11 11:18:50,861 Image Importing WmfImagePlugin
PIL.Image DEBUG 2025-08-11 11:18:50,863 Image Importing XbmImagePlugin
PIL.Image DEBUG 2025-08-11 11:18:50,866 Image Importing XpmImagePlugin
PIL.Image DEBUG 2025-08-11 11:18:50,868 Image Importing XVThumbImagePlugin
PIL.TiffImagePlugin DEBUG 2025-08-11 11:18:50,880 TiffImagePlugin tag: PhotometricInterpretation (262) - type: short (3) - value: b'\x00\x02'
PIL.TiffImagePlugin DEBUG 2025-08-11 11:18:50,881 TiffImagePlugin tag: Orientation (274) - type: short (3) - value: b'\x00\x01'
PIL.TiffImagePlugin DEBUG 2025-08-11 11:18:50,881 TiffImagePlugin tag: ResolutionUnit (296) - type: short (3) - value: b'\x00\x02'
PIL.TiffImagePlugin DEBUG 2025-08-11 11:18:50,882 TiffImagePlugin tag: ExifIFD (34665) - type: long (4) - value: b'\x00\x00\x00>'
accounts.utils DEBUG 2025-08-11 11:18:50,933 utils Checking if user tappleby needs to change password.
accounts.utils DEBUG 2025-08-11 11:18:50,934 utils User profile: tappleby Profile
accounts.utils DEBUG 2025-08-11 11:18:50,969 utils Checking if user tappleby needs to change password.
accounts.utils DEBUG 2025-08-11 11:18:50,970 utils User profile: tappleby Profile
accounts.utils DEBUG 2025-08-11 11:20:00,557 utils Checking if user tappleby needs to change password.
accounts.utils DEBUG 2025-08-11 11:20:00,559 utils User profile: tappleby Profile
accounts.utils DEBUG 2025-08-11 11:20:24,976 utils Checking if user tappleby needs to change password.
accounts.utils DEBUG 2025-08-11 11:20:24,978 utils User profile: tappleby Profile
PIL.TiffImagePlugin DEBUG 2025-08-11 11:20:24,979 TiffImagePlugin tag: ImageWidth (256) - type: long (4) - value: b'\x96\x00\x00\x00'
PIL.TiffImagePlugin DEBUG 2025-08-11 11:20:24,980 TiffImagePlugin tag: ImageLength (257) - type: long (4) - value: b'\xaa\x00\x00\x00'
PIL.TiffImagePlugin DEBUG 2025-08-11 11:20:24,981 TiffImagePlugin tag: BitsPerSample (258) - type: short (3) Tag Location: 46 - Data Location: 122 - value: b'\x08\x00\x08\x00\x08\x00'
PIL.TiffImagePlugin DEBUG 2025-08-11 11:20:24,981 TiffImagePlugin tag: XResolution (282) - type: rational (5) Tag Location: 58 - Data Location: 128 - value: b'\x1c\x00\x00\x00\x01\x00\x00\x00'
PIL.TiffImagePlugin DEBUG 2025-08-11 11:20:24,982 TiffImagePlugin tag: YResolution (283) - type: rational (5) Tag Location: 70 - Data Location: 136 - value: b'\x1c\x00\x00\x00\x01\x00\x00\x00'
PIL.TiffImagePlugin DEBUG 2025-08-11 11:20:24,982 TiffImagePlugin tag: ResolutionUnit (296) - type: short (3) - value: b'\x03\x00'
PIL.TiffImagePlugin DEBUG 2025-08-11 11:20:24,983 TiffImagePlugin tag: Software (305) - type: string (2) Tag Location: 94 - Data Location: 144 - value: b'GIMP 2.10.14\x00'
PIL.TiffImagePlugin DEBUG 2025-08-11 11:20:24,984 TiffImagePlugin tag: DateTime (306) - type: string (2) Tag Location: 106 - Data Location: 158 - value: b'2020:02:14 10:51:24\x00'
PIL.TiffImagePlugin DEBUG 2025-08-11 11:20:24,984 TiffImagePlugin tag: ExifIFD (34665) - type: long (4) - value: b'\xb2\x00\x00\x00'
PIL.TiffImagePlugin DEBUG 2025-08-11 11:20:24,992 TiffImagePlugin tag: ImageWidth (256) - type: long (4) - value: b'\x96\x00\x00\x00'
PIL.TiffImagePlugin DEBUG 2025-08-11 11:20:24,993 TiffImagePlugin tag: ImageLength (257) - type: long (4) - value: b'\xaa\x00\x00\x00'
PIL.TiffImagePlugin DEBUG 2025-08-11 11:20:24,994 TiffImagePlugin tag: BitsPerSample (258) - type: short (3) Tag Location: 46 - Data Location: 122 - value: b'\x08\x00\x08\x00\x08\x00'
PIL.TiffImagePlugin DEBUG 2025-08-11 11:20:24,994 TiffImagePlugin tag: XResolution (282) - type: rational (5) Tag Location: 58 - Data Location: 128 - value: b'\x1c\x00\x00\x00\x01\x00\x00\x00'
PIL.TiffImagePlugin DEBUG 2025-08-11 11:20:24,994 TiffImagePlugin tag: YResolution (283) - type: rational (5) Tag Location: 70 - Data Location: 136 - value: b'\x1c\x00\x00\x00\x01\x00\x00\x00'
PIL.TiffImagePlugin DEBUG 2025-08-11 11:20:24,995 TiffImagePlugin tag: ResolutionUnit (296) - type: short (3) - value: b'\x03\x00'
PIL.TiffImagePlugin DEBUG 2025-08-11 11:20:24,995 TiffImagePlugin tag: Software (305) - type: string (2) Tag Location: 94 - Data Location: 144 - value: b'GIMP 2.10.14\x00'
PIL.TiffImagePlugin DEBUG 2025-08-11 11:20:24,995 TiffImagePlugin tag: DateTime (306) - type: string (2) Tag Location: 106 - Data Location: 158 - value: b'2020:02:14 10:51:24\x00'
PIL.TiffImagePlugin DEBUG 2025-08-11 11:20:24,996 TiffImagePlugin tag: ExifIFD (34665) - type: long (4) - value: b'\xb2\x00\x00\x00'
accounts.utils DEBUG 2025-08-11 11:20:25,007 utils Checking if user tappleby needs to change password.
accounts.utils DEBUG 2025-08-11 11:20:25,010 utils User profile: tappleby Profile
accounts.utils DEBUG 2025-08-11 11:20:25,041 utils Checking if user tappleby needs to change password.
accounts.utils DEBUG 2025-08-11 11:20:25,043 utils User profile: tappleby Profile
accounts.utils DEBUG 2025-08-11 11:20:35,602 utils Checking if user tappleby needs to change password.
accounts.utils DEBUG 2025-08-11 11:20:35,604 utils User profile: tappleby Profile
accounts.views WARNING 2025-08-11 11:31:38,931 views User ken.smith has no profile.
accounts.utils DEBUG 2025-08-11 11:31:38,938 utils Checking if user ken.smith needs to change password.
accounts.utils DEBUG 2025-08-11 11:31:38,975 utils Checking if user ken.smith needs to change password.
accounts.utils DEBUG 2025-08-11 11:31:43,093 utils Checking if user ken.smith needs to change password.
accounts.utils DEBUG 2025-08-11 11:32:05,619 utils Checking if user ken.smith needs to change password.
PIL.TiffImagePlugin DEBUG 2025-08-11 11:32:05,623 TiffImagePlugin tag: ImageWidth (256) - type: long (4) - value: b'\x96\x00\x00\x00'
PIL.TiffImagePlugin DEBUG 2025-08-11 11:32:05,624 TiffImagePlugin tag: ImageLength (257) - type: long (4) - value: b'\xaa\x00\x00\x00'
PIL.TiffImagePlugin DEBUG 2025-08-11 11:32:05,624 TiffImagePlugin tag: BitsPerSample (258) - type: short (3) Tag Location: 46 - Data Location: 122 - value: b'\x08\x00\x08\x00\x08\x00'
PIL.TiffImagePlugin DEBUG 2025-08-11 11:32:05,625 TiffImagePlugin tag: XResolution (282) - type: rational (5) Tag Location: 58 - Data Location: 128 - value: b'\x1c\x00\x00\x00\x01\x00\x00\x00'
PIL.TiffImagePlugin DEBUG 2025-08-11 11:32:05,626 TiffImagePlugin tag: YResolution (283) - type: rational (5) Tag Location: 70 - Data Location: 136 - value: b'\x1c\x00\x00\x00\x01\x00\x00\x00'
PIL.TiffImagePlugin DEBUG 2025-08-11 11:32:05,626 TiffImagePlugin tag: ResolutionUnit (296) - type: short (3) - value: b'\x03\x00'
PIL.TiffImagePlugin DEBUG 2025-08-11 11:32:05,627 TiffImagePlugin tag: Software (305) - type: string (2) Tag Location: 94 - Data Location: 144 - value: b'GIMP 2.10.14\x00'
PIL.TiffImagePlugin DEBUG 2025-08-11 11:32:05,627 TiffImagePlugin tag: DateTime (306) - type: string (2) Tag Location: 106 - Data Location: 158 - value: b'2020:02:14 10:51:24\x00'
PIL.TiffImagePlugin DEBUG 2025-08-11 11:32:05,628 TiffImagePlugin tag: ExifIFD (34665) - type: long (4) - value: b'\xb2\x00\x00\x00'
django.request ERROR 2025-08-11 11:32:05,633 log Internal Server Error: /fruitbat/accounts/change_profile_image/
Traceback (most recent call last):
  File "/Users/kws/anaconda3/envs/atlas311/lib/python3.11/site-packages/django/core/handlers/exception.py", line 55, in inner
    response = get_response(request)
               ^^^^^^^^^^^^^^^^^^^^^
  File "/Users/kws/anaconda3/envs/atlas311/lib/python3.11/site-packages/django/core/handlers/base.py", line 197, in _get_response
    response = wrapped_callback(request, *callback_args, **callback_kwargs)
               ^^^^^^^^^^^^^^^^^^^^^^^^^^^^^^^^^^^^^^^^^^^^^^^^^^^^^^^^^^^^
  File "/Users/kws/anaconda3/envs/atlas311/lib/python3.11/site-packages/django/contrib/auth/decorators.py", line 59, in _view_wrapper
    return view_func(request, *args, **kwargs)
           ^^^^^^^^^^^^^^^^^^^^^^^^^^^^^^^^^^^
  File "/Users/kws/anaconda3/envs/atlas311/lib/python3.11/site-packages/django/contrib/auth/decorators.py", line 59, in _view_wrapper
    return view_func(request, *args, **kwargs)
           ^^^^^^^^^^^^^^^^^^^^^^^^^^^^^^^^^^^
  File "/Users/kws/Documents/code/gitdev/psat-server-web/psat_server_web/atlas/accounts/views.py", line 282, in change_profile_image
    profile = UserProfile.objects.get(user=request.user)
              ^^^^^^^^^^^^^^^^^^^^^^^^^^^^^^^^^^^^^^^^^^
  File "/Users/kws/anaconda3/envs/atlas311/lib/python3.11/site-packages/django/db/models/manager.py", line 87, in manager_method
    return getattr(self.get_queryset(), name)(*args, **kwargs)
           ^^^^^^^^^^^^^^^^^^^^^^^^^^^^^^^^^^^^^^^^^^^^^^^^^^^
  File "/Users/kws/anaconda3/envs/atlas311/lib/python3.11/site-packages/django/db/models/query.py", line 633, in get
    raise self.model.DoesNotExist(
accounts.models.UserProfile.DoesNotExist: UserProfile matching query does not exist.
django.request WARNING 2025-08-11 11:32:05,653 log Not Found: /fruitbat/accounts/change_profile_image/css/main_bootstrap.css
django.request WARNING 2025-08-11 11:32:05,655 log Not Found: /fruitbat/accounts/change_profile_image/css/fontawesome.css
django.request WARNING 2025-08-11 11:32:05,656 log Not Found: /fruitbat/accounts/change_profile_image/css/brands.css
django.request WARNING 2025-08-11 11:32:05,658 log Not Found: /fruitbat/accounts/change_profile_image/css/solid.css
django.request WARNING 2025-08-11 11:32:05,660 log Not Found: /fruitbat/accounts/change_profile_image/css/aladin.css
django.request WARNING 2025-08-11 11:32:05,661 log Not Found: /fruitbat/accounts/change_profile_image/images/atlas_logo.png
accounts.views WARNING 2025-08-11 13:38:10,476 views User ken.smith has no profile.
accounts.utils DEBUG 2025-08-11 13:38:10,486 utils Checking if user ken.smith needs to change password.
accounts.utils DEBUG 2025-08-11 13:38:10,523 utils Checking if user ken.smith needs to change password.
accounts.views WARNING 2025-08-11 13:38:55,720 views User ken.smith has no profile.
accounts.utils DEBUG 2025-08-11 13:38:55,728 utils Checking if user ken.smith needs to change password.
accounts.utils DEBUG 2025-08-11 13:38:55,769 utils Checking if user ken.smith needs to change password.
accounts.utils DEBUG 2025-08-11 13:40:17,052 utils Checking if user ken.smith needs to change password.
accounts.utils DEBUG 2025-08-11 13:40:17,099 utils Checking if user ken.smith needs to change password.
accounts.utils DEBUG 2025-08-11 13:45:34,820 utils Checking if user fbloggs needs to change password.
accounts.utils DEBUG 2025-08-11 13:45:34,822 utils User profile: fbloggs Profile
accounts.utils DEBUG 2025-08-11 13:45:34,862 utils Checking if user fbloggs needs to change password.
accounts.utils DEBUG 2025-08-11 13:45:34,866 utils User profile: fbloggs Profile
accounts.utils DEBUG 2025-08-11 13:46:29,744 utils Checking if user fbloggs needs to change password.
accounts.utils DEBUG 2025-08-11 13:46:29,746 utils User profile: fbloggs Profile
accounts.utils DEBUG 2025-08-11 13:46:38,634 utils Checking if user fbloggs needs to change password.
accounts.utils DEBUG 2025-08-11 13:46:38,637 utils User profile: fbloggs Profile
PIL.TiffImagePlugin DEBUG 2025-08-11 13:46:38,638 TiffImagePlugin tag: ImageWidth (256) - type: long (4) - value: b'\x96\x00\x00\x00'
PIL.TiffImagePlugin DEBUG 2025-08-11 13:46:38,639 TiffImagePlugin tag: ImageLength (257) - type: long (4) - value: b'\xaa\x00\x00\x00'
PIL.TiffImagePlugin DEBUG 2025-08-11 13:46:38,639 TiffImagePlugin tag: BitsPerSample (258) - type: short (3) Tag Location: 46 - Data Location: 122 - value: b'\x08\x00\x08\x00\x08\x00'
PIL.TiffImagePlugin DEBUG 2025-08-11 13:46:38,640 TiffImagePlugin tag: XResolution (282) - type: rational (5) Tag Location: 58 - Data Location: 128 - value: b'\x1c\x00\x00\x00\x01\x00\x00\x00'
PIL.TiffImagePlugin DEBUG 2025-08-11 13:46:38,641 TiffImagePlugin tag: YResolution (283) - type: rational (5) Tag Location: 70 - Data Location: 136 - value: b'\x1c\x00\x00\x00\x01\x00\x00\x00'
PIL.TiffImagePlugin DEBUG 2025-08-11 13:46:38,641 TiffImagePlugin tag: ResolutionUnit (296) - type: short (3) - value: b'\x03\x00'
PIL.TiffImagePlugin DEBUG 2025-08-11 13:46:38,642 TiffImagePlugin tag: Software (305) - type: string (2) Tag Location: 94 - Data Location: 144 - value: b'GIMP 2.10.14\x00'
PIL.TiffImagePlugin DEBUG 2025-08-11 13:46:38,643 TiffImagePlugin tag: DateTime (306) - type: string (2) Tag Location: 106 - Data Location: 158 - value: b'2020:02:14 10:51:24\x00'
PIL.TiffImagePlugin DEBUG 2025-08-11 13:46:38,644 TiffImagePlugin tag: ExifIFD (34665) - type: long (4) - value: b'\xb2\x00\x00\x00'
PIL.TiffImagePlugin DEBUG 2025-08-11 13:46:38,651 TiffImagePlugin tag: ImageWidth (256) - type: long (4) - value: b'\x96\x00\x00\x00'
PIL.TiffImagePlugin DEBUG 2025-08-11 13:46:38,651 TiffImagePlugin tag: ImageLength (257) - type: long (4) - value: b'\xaa\x00\x00\x00'
PIL.TiffImagePlugin DEBUG 2025-08-11 13:46:38,652 TiffImagePlugin tag: BitsPerSample (258) - type: short (3) Tag Location: 46 - Data Location: 122 - value: b'\x08\x00\x08\x00\x08\x00'
PIL.TiffImagePlugin DEBUG 2025-08-11 13:46:38,652 TiffImagePlugin tag: XResolution (282) - type: rational (5) Tag Location: 58 - Data Location: 128 - value: b'\x1c\x00\x00\x00\x01\x00\x00\x00'
PIL.TiffImagePlugin DEBUG 2025-08-11 13:46:38,653 TiffImagePlugin tag: YResolution (283) - type: rational (5) Tag Location: 70 - Data Location: 136 - value: b'\x1c\x00\x00\x00\x01\x00\x00\x00'
PIL.TiffImagePlugin DEBUG 2025-08-11 13:46:38,653 TiffImagePlugin tag: ResolutionUnit (296) - type: short (3) - value: b'\x03\x00'
PIL.TiffImagePlugin DEBUG 2025-08-11 13:46:38,653 TiffImagePlugin tag: Software (305) - type: string (2) Tag Location: 94 - Data Location: 144 - value: b'GIMP 2.10.14\x00'
PIL.TiffImagePlugin DEBUG 2025-08-11 13:46:38,654 TiffImagePlugin tag: DateTime (306) - type: string (2) Tag Location: 106 - Data Location: 158 - value: b'2020:02:14 10:51:24\x00'
PIL.TiffImagePlugin DEBUG 2025-08-11 13:46:38,654 TiffImagePlugin tag: ExifIFD (34665) - type: long (4) - value: b'\xb2\x00\x00\x00'
accounts.utils DEBUG 2025-08-11 13:46:38,665 utils Checking if user fbloggs needs to change password.
accounts.utils DEBUG 2025-08-11 13:46:38,666 utils User profile: fbloggs Profile
accounts.utils DEBUG 2025-08-11 13:46:38,704 utils Checking if user fbloggs needs to change password.
accounts.utils DEBUG 2025-08-11 13:46:38,706 utils User profile: fbloggs Profile
accounts.utils DEBUG 2025-08-11 13:46:46,255 utils Checking if user fbloggs needs to change password.
accounts.utils DEBUG 2025-08-11 13:46:46,256 utils User profile: fbloggs Profile
accounts.utils DEBUG 2025-08-23 22:38:57,738 utils Checking if user fbloggs needs to change password.
accounts.utils DEBUG 2025-08-23 22:38:57,741 utils User profile: fbloggs Profile
accounts.utils DEBUG 2025-08-23 22:38:57,946 utils Checking if user fbloggs needs to change password.
accounts.utils DEBUG 2025-08-23 22:38:57,947 utils User profile: fbloggs Profile
accounts.utils DEBUG 2025-08-23 22:39:04,880 utils Checking if user fbloggs needs to change password.
accounts.utils DEBUG 2025-08-23 22:39:04,883 utils User profile: fbloggs Profile
atlas.views DEBUG 2025-08-23 22:39:04,912 views User can edit observations: False
accounts.utils DEBUG 2025-08-23 22:39:06,563 utils Checking if user fbloggs needs to change password.
accounts.utils DEBUG 2025-08-23 22:39:06,565 utils User profile: fbloggs Profile
atlas.views DEBUG 2025-08-23 22:39:06,579 views User can edit observations: False
urllib3.connectionpool DEBUG 2025-08-23 22:39:07,335 connectionpool Starting new HTTPS connection (1): lasair-ztf.lsst.ac.uk:443
urllib3.connectionpool DEBUG 2025-08-23 22:39:07,510 connectionpool https://lasair-ztf.lsst.ac.uk:443 "POST /api/cone/ HTTP/1.1" 200 2
urllib3.connectionpool DEBUG 2025-08-23 22:39:07,519 connectionpool Starting new HTTP connection (1): localhost:8084
matplotlib DEBUG 2025-08-23 22:39:11,343 __init__ matplotlib data path: /Users/kws/.local/lib/python3.11/site-packages/matplotlib/mpl-data
matplotlib DEBUG 2025-08-23 22:39:11,346 __init__ CONFIGDIR=/Users/kws/.matplotlib
matplotlib DEBUG 2025-08-23 22:39:11,347 __init__ interactive is False
matplotlib DEBUG 2025-08-23 22:39:11,347 __init__ platform is darwin
matplotlib DEBUG 2025-08-23 22:39:11,377 __init__ CACHEDIR=/Users/kws/.matplotlib
matplotlib.font_manager DEBUG 2025-08-23 22:39:11,379 font_manager Using fontManager instance from /Users/kws/.matplotlib/fontlist-v390.json
urllib3.connectionpool DEBUG 2025-08-23 22:39:11,549 connectionpool Starting new HTTPS connection (1): dataverse.harvard.edu:443
urllib3.connectionpool DEBUG 2025-08-23 22:39:12,276 connectionpool https://dataverse.harvard.edu:443 "GET /api/datasets/:persistentId?persistentId=doi:10.7910/DVN/EWCNL5 HTTP/1.1" 200 None
urllib3.connectionpool DEBUG 2025-08-23 22:39:12,285 connectionpool Starting new HTTPS connection (1): dataverse.harvard.edu:443
urllib3.connectionpool DEBUG 2025-08-23 22:39:12,863 connectionpool https://dataverse.harvard.edu:443 "GET /api/access/datafile/2902687 HTTP/1.1" 303 0
urllib3.connectionpool DEBUG 2025-08-23 22:39:12,872 connectionpool Starting new HTTPS connection (1): dvn-cloud.s3.amazonaws.com:443
urllib3.connectionpool DEBUG 2025-08-23 22:39:13,258 connectionpool https://dvn-cloud.s3.amazonaws.com:443 "GET /10.7910/DVN/EWCNL5/157bb43e038-2856c7e44170?response-content-disposition=attachment%3B%20filename%2A%3DUTF-8%27%27SFD_dust_4096_ngp.fits&response-content-type=application%2Ffits&X-Amz-Algorithm=AWS4-HMAC-SHA256&X-Amz-Date=20250823T223912Z&X-Amz-SignedHeaders=host&X-Amz-Credential=AKIAIEJ3NV7UYCSRJC7A%2F20250823%2Fus-east-1%2Fs3%2Faws4_request&X-Amz-Expires=3600&X-Amz-Signature=ee4162adb6a7575272a86c75e267138494087d56a95049bff63216cfafa0efd3 HTTP/1.1" 200 67115520
urllib3.connectionpool DEBUG 2025-08-23 22:39:17,504 connectionpool Starting new HTTPS connection (1): dataverse.harvard.edu:443
urllib3.connectionpool DEBUG 2025-08-23 22:39:18,244 connectionpool https://dataverse.harvard.edu:443 "GET /api/datasets/:persistentId?persistentId=doi:10.7910/DVN/EWCNL5 HTTP/1.1" 200 None
urllib3.connectionpool DEBUG 2025-08-23 22:39:18,252 connectionpool Starting new HTTPS connection (1): dataverse.harvard.edu:443
urllib3.connectionpool DEBUG 2025-08-23 22:39:18,935 connectionpool https://dataverse.harvard.edu:443 "GET /api/access/datafile/2902695 HTTP/1.1" 303 0
urllib3.connectionpool DEBUG 2025-08-23 22:39:18,942 connectionpool Starting new HTTPS connection (1): dvn-cloud.s3.amazonaws.com:443
urllib3.connectionpool DEBUG 2025-08-23 22:39:19,289 connectionpool https://dvn-cloud.s3.amazonaws.com:443 "GET /10.7910/DVN/EWCNL5/157bb8a4df2-7537b98d9920?response-content-disposition=attachment%3B%20filename%2A%3DUTF-8%27%27SFD_dust_4096_sgp.fits&response-content-type=application%2Ffits&X-Amz-Algorithm=AWS4-HMAC-SHA256&X-Amz-Date=20250823T223918Z&X-Amz-SignedHeaders=host&X-Amz-Credential=AKIAIEJ3NV7UYCSRJC7A%2F20250823%2Fus-east-1%2Fs3%2Faws4_request&X-Amz-Expires=3600&X-Amz-Signature=9ccf03aa7c0adeb9f355555b6a74c714fe6ff4f30e25bd66f77d1c77137ba535 HTTP/1.1" 200 67115520
accounts.utils DEBUG 2025-08-25 12:49:33,424 utils Checking if user fbloggs needs to change password.
accounts.utils DEBUG 2025-08-25 12:49:33,426 utils User profile: fbloggs Profile
accounts.utils DEBUG 2025-08-25 12:49:33,496 utils Checking if user fbloggs needs to change password.
accounts.utils DEBUG 2025-08-25 12:49:33,497 utils User profile: fbloggs Profile
accounts.utils DEBUG 2025-08-26 16:00:40,647 utils Checking if user fbloggs needs to change password.
accounts.utils DEBUG 2025-08-26 16:00:40,648 utils User profile: fbloggs Profile
accounts.utils DEBUG 2025-08-26 16:00:40,722 utils Checking if user fbloggs needs to change password.
accounts.utils DEBUG 2025-08-26 16:00:40,723 utils User profile: fbloggs Profile
accounts.utils DEBUG 2025-08-27 11:31:47,451 utils Checking if user fbloggs needs to change password.
accounts.utils DEBUG 2025-08-27 11:31:47,451 utils User profile: fbloggs Profile
accounts.utils DEBUG 2025-08-27 11:31:47,513 utils Checking if user fbloggs needs to change password.
accounts.utils DEBUG 2025-08-27 11:31:47,514 utils User profile: fbloggs Profile
accounts.utils DEBUG 2025-08-27 11:31:57,916 utils Checking if user fbloggs needs to change password.
accounts.utils DEBUG 2025-08-27 11:31:57,917 utils User profile: fbloggs Profile
accounts.utils DEBUG 2025-08-27 11:32:46,299 utils Checking if user fbloggs needs to change password.
accounts.utils DEBUG 2025-08-27 11:32:46,303 utils User profile: fbloggs Profile
PIL.Image DEBUG 2025-08-27 11:32:46,336 Image Importing BlpImagePlugin
PIL.Image DEBUG 2025-08-27 11:32:46,338 Image Importing BmpImagePlugin
PIL.Image DEBUG 2025-08-27 11:32:46,338 Image Importing BufrStubImagePlugin
PIL.Image DEBUG 2025-08-27 11:32:46,339 Image Importing CurImagePlugin
PIL.Image DEBUG 2025-08-27 11:32:46,340 Image Importing DcxImagePlugin
PIL.Image DEBUG 2025-08-27 11:32:46,342 Image Importing DdsImagePlugin
PIL.Image DEBUG 2025-08-27 11:32:46,346 Image Importing EpsImagePlugin
PIL.Image DEBUG 2025-08-27 11:32:46,347 Image Importing FitsImagePlugin
PIL.Image DEBUG 2025-08-27 11:32:46,348 Image Importing FliImagePlugin
PIL.Image DEBUG 2025-08-27 11:32:46,349 Image Importing FpxImagePlugin
PIL.Image DEBUG 2025-08-27 11:32:46,350 Image Image: failed to import FpxImagePlugin: No module named 'olefile'
PIL.Image DEBUG 2025-08-27 11:32:46,350 Image Importing FtexImagePlugin
PIL.Image DEBUG 2025-08-27 11:32:46,351 Image Importing GbrImagePlugin
PIL.Image DEBUG 2025-08-27 11:32:46,352 Image Importing GifImagePlugin
PIL.Image DEBUG 2025-08-27 11:32:46,352 Image Importing GribStubImagePlugin
PIL.Image DEBUG 2025-08-27 11:32:46,353 Image Importing Hdf5StubImagePlugin
PIL.Image DEBUG 2025-08-27 11:32:46,353 Image Importing IcnsImagePlugin
PIL.Image DEBUG 2025-08-27 11:32:46,356 Image Importing IcoImagePlugin
PIL.Image DEBUG 2025-08-27 11:32:46,356 Image Importing ImImagePlugin
PIL.Image DEBUG 2025-08-27 11:32:46,358 Image Importing ImtImagePlugin
PIL.Image DEBUG 2025-08-27 11:32:46,359 Image Importing IptcImagePlugin
PIL.Image DEBUG 2025-08-27 11:32:46,360 Image Importing JpegImagePlugin
PIL.Image DEBUG 2025-08-27 11:32:46,360 Image Importing Jpeg2KImagePlugin
PIL.Image DEBUG 2025-08-27 11:32:46,361 Image Importing McIdasImagePlugin
PIL.Image DEBUG 2025-08-27 11:32:46,361 Image Importing MicImagePlugin
PIL.Image DEBUG 2025-08-27 11:32:46,362 Image Image: failed to import MicImagePlugin: No module named 'olefile'
PIL.Image DEBUG 2025-08-27 11:32:46,362 Image Importing MpegImagePlugin
PIL.Image DEBUG 2025-08-27 11:32:46,363 Image Importing MpoImagePlugin
PIL.Image DEBUG 2025-08-27 11:32:46,367 Image Importing MspImagePlugin
PIL.Image DEBUG 2025-08-27 11:32:46,367 Image Importing PalmImagePlugin
PIL.Image DEBUG 2025-08-27 11:32:46,368 Image Importing PcdImagePlugin
PIL.Image DEBUG 2025-08-27 11:32:46,369 Image Importing PcxImagePlugin
PIL.Image DEBUG 2025-08-27 11:32:46,369 Image Importing PdfImagePlugin
PIL.Image DEBUG 2025-08-27 11:32:46,388 Image Importing PixarImagePlugin
PIL.Image DEBUG 2025-08-27 11:32:46,389 Image Importing PngImagePlugin
PIL.Image DEBUG 2025-08-27 11:32:46,389 Image Importing PpmImagePlugin
PIL.Image DEBUG 2025-08-27 11:32:46,389 Image Importing PsdImagePlugin
PIL.Image DEBUG 2025-08-27 11:32:46,390 Image Importing QoiImagePlugin
PIL.Image DEBUG 2025-08-27 11:32:46,390 Image Importing SgiImagePlugin
PIL.Image DEBUG 2025-08-27 11:32:46,391 Image Importing SpiderImagePlugin
PIL.Image DEBUG 2025-08-27 11:32:46,392 Image Importing SunImagePlugin
PIL.Image DEBUG 2025-08-27 11:32:46,392 Image Importing TgaImagePlugin
PIL.Image DEBUG 2025-08-27 11:32:46,393 Image Importing TiffImagePlugin
PIL.Image DEBUG 2025-08-27 11:32:46,393 Image Importing WebPImagePlugin
PIL.Image DEBUG 2025-08-27 11:32:46,472 Image Importing WmfImagePlugin
PIL.Image DEBUG 2025-08-27 11:32:46,473 Image Importing XbmImagePlugin
PIL.Image DEBUG 2025-08-27 11:32:46,474 Image Importing XpmImagePlugin
PIL.Image DEBUG 2025-08-27 11:32:46,475 Image Importing XVThumbImagePlugin
accounts.utils DEBUG 2025-08-27 11:32:46,493 utils Checking if user fbloggs needs to change password.
accounts.utils DEBUG 2025-08-27 11:32:46,494 utils User profile: fbloggs Profile
accounts.utils DEBUG 2025-08-27 11:32:46,536 utils Checking if user fbloggs needs to change password.
accounts.utils DEBUG 2025-08-27 11:32:46,538 utils User profile: fbloggs Profile
accounts.views WARNING 2025-08-27 11:35:11,216 views User ken.smith has no profile.
accounts.utils DEBUG 2025-08-27 11:35:11,223 utils Checking if user ken.smith needs to change password.
accounts.utils DEBUG 2025-08-27 11:35:11,259 utils Checking if user ken.smith needs to change password.
accounts.utils DEBUG 2025-08-27 11:35:16,460 utils Checking if user ken.smith needs to change password.
accounts.utils DEBUG 2025-08-27 11:35:28,973 utils Checking if user ken.smith needs to change password.
PIL.TiffImagePlugin DEBUG 2025-08-27 11:35:28,976 TiffImagePlugin tag: ImageWidth (256) - type: long (4) - value: b'\x96\x00\x00\x00'
PIL.TiffImagePlugin DEBUG 2025-08-27 11:35:28,977 TiffImagePlugin tag: ImageLength (257) - type: long (4) - value: b'\xaa\x00\x00\x00'
PIL.TiffImagePlugin DEBUG 2025-08-27 11:35:28,977 TiffImagePlugin tag: BitsPerSample (258) - type: short (3) Tag Location: 46 - Data Location: 122 - value: b'\x08\x00\x08\x00\x08\x00'
PIL.TiffImagePlugin DEBUG 2025-08-27 11:35:28,978 TiffImagePlugin tag: XResolution (282) - type: rational (5) Tag Location: 58 - Data Location: 128 - value: b'\x1c\x00\x00\x00\x01\x00\x00\x00'
PIL.TiffImagePlugin DEBUG 2025-08-27 11:35:28,978 TiffImagePlugin tag: YResolution (283) - type: rational (5) Tag Location: 70 - Data Location: 136 - value: b'\x1c\x00\x00\x00\x01\x00\x00\x00'
PIL.TiffImagePlugin DEBUG 2025-08-27 11:35:28,979 TiffImagePlugin tag: ResolutionUnit (296) - type: short (3) - value: b'\x03\x00'
PIL.TiffImagePlugin DEBUG 2025-08-27 11:35:28,980 TiffImagePlugin tag: Software (305) - type: string (2) Tag Location: 94 - Data Location: 144 - value: b'GIMP 2.10.14\x00'
PIL.TiffImagePlugin DEBUG 2025-08-27 11:35:28,980 TiffImagePlugin tag: DateTime (306) - type: string (2) Tag Location: 106 - Data Location: 158 - value: b'2020:02:14 10:51:24\x00'
PIL.TiffImagePlugin DEBUG 2025-08-27 11:35:28,981 TiffImagePlugin tag: ExifIFD (34665) - type: long (4) - value: b'\xb2\x00\x00\x00'
PIL.TiffImagePlugin DEBUG 2025-08-27 11:35:28,988 TiffImagePlugin tag: ImageWidth (256) - type: long (4) - value: b'\x96\x00\x00\x00'
PIL.TiffImagePlugin DEBUG 2025-08-27 11:35:28,989 TiffImagePlugin tag: ImageLength (257) - type: long (4) - value: b'\xaa\x00\x00\x00'
PIL.TiffImagePlugin DEBUG 2025-08-27 11:35:28,989 TiffImagePlugin tag: BitsPerSample (258) - type: short (3) Tag Location: 46 - Data Location: 122 - value: b'\x08\x00\x08\x00\x08\x00'
PIL.TiffImagePlugin DEBUG 2025-08-27 11:35:28,990 TiffImagePlugin tag: XResolution (282) - type: rational (5) Tag Location: 58 - Data Location: 128 - value: b'\x1c\x00\x00\x00\x01\x00\x00\x00'
PIL.TiffImagePlugin DEBUG 2025-08-27 11:35:28,991 TiffImagePlugin tag: YResolution (283) - type: rational (5) Tag Location: 70 - Data Location: 136 - value: b'\x1c\x00\x00\x00\x01\x00\x00\x00'
PIL.TiffImagePlugin DEBUG 2025-08-27 11:35:28,992 TiffImagePlugin tag: ResolutionUnit (296) - type: short (3) - value: b'\x03\x00'
PIL.TiffImagePlugin DEBUG 2025-08-27 11:35:28,992 TiffImagePlugin tag: Software (305) - type: string (2) Tag Location: 94 - Data Location: 144 - value: b'GIMP 2.10.14\x00'
PIL.TiffImagePlugin DEBUG 2025-08-27 11:35:28,993 TiffImagePlugin tag: DateTime (306) - type: string (2) Tag Location: 106 - Data Location: 158 - value: b'2020:02:14 10:51:24\x00'
PIL.TiffImagePlugin DEBUG 2025-08-27 11:35:28,993 TiffImagePlugin tag: ExifIFD (34665) - type: long (4) - value: b'\xb2\x00\x00\x00'
accounts.utils DEBUG 2025-08-27 11:35:29,007 utils Checking if user ken.smith needs to change password.
accounts.utils DEBUG 2025-08-27 11:35:29,009 utils User profile: ken.smith Profile
accounts.utils DEBUG 2025-08-27 11:35:29,037 utils Checking if user ken.smith needs to change password.
accounts.utils DEBUG 2025-08-27 11:35:29,039 utils User profile: ken.smith Profile
accounts.utils DEBUG 2025-08-27 11:35:39,979 utils Checking if user ken.smith needs to change password.
accounts.utils DEBUG 2025-08-27 11:35:39,981 utils User profile: ken.smith Profile
accounts.utils DEBUG 2025-08-27 11:41:21,352 utils Checking if user tmangrove needs to change password.
accounts.utils DEBUG 2025-08-27 11:41:21,354 utils User profile: tmangrove Profile
atlas.views DEBUG 2025-08-27 11:41:21,370 views User can edit observations: True
accounts.utils DEBUG 2025-08-27 11:41:26,683 utils Checking if user tmangrove needs to change password.
accounts.utils DEBUG 2025-08-27 11:41:26,684 utils User profile: tmangrove Profile
atlas.views DEBUG 2025-08-27 11:41:26,699 views User can edit observations: True
accounts.utils DEBUG 2025-08-27 11:41:52,987 utils Checking if user tmangrove needs to change password.
accounts.utils DEBUG 2025-08-27 11:41:52,988 utils User profile: tmangrove Profile
accounts.utils DEBUG 2025-11-21 14:39:03,073 utils Checking if user  needs to change password.
accounts.utils DEBUG 2025-11-21 14:39:05,696 utils Checking if user ken.smith needs to change password.
accounts.utils DEBUG 2025-11-21 14:39:05,697 utils User profile: ken.smith Profile
accounts.utils DEBUG 2025-11-21 14:39:05,752 utils Checking if user ken.smith needs to change password.
accounts.utils DEBUG 2025-11-21 14:39:05,753 utils User profile: ken.smith Profile
accounts.utils DEBUG 2025-11-21 14:39:15,000 utils Checking if user ken.smith needs to change password.
accounts.utils DEBUG 2025-11-21 14:39:15,003 utils User profile: ken.smith Profile
accounts.utils DEBUG 2025-11-22 16:15:26,731 utils Checking if user ken.smith needs to change password.
accounts.utils DEBUG 2025-11-22 16:15:26,732 utils User profile: ken.smith Profile
accounts.utils DEBUG 2025-11-22 16:15:26,822 utils Checking if user ken.smith needs to change password.
accounts.utils DEBUG 2025-11-22 16:15:26,823 utils User profile: ken.smith Profile
accounts.utils DEBUG 2025-11-22 16:15:30,858 utils Checking if user ken.smith needs to change password.
accounts.utils DEBUG 2025-11-22 16:15:30,861 utils User profile: ken.smith Profile
atlas.views DEBUG 2025-11-22 16:15:30,879 views User can edit observations: True
accounts.utils DEBUG 2025-11-22 16:15:35,894 utils Checking if user ken.smith needs to change password.
accounts.utils DEBUG 2025-11-22 16:15:35,896 utils User profile: ken.smith Profile
accounts.utils DEBUG 2025-11-22 16:15:37,696 utils Checking if user ken.smith needs to change password.
accounts.utils DEBUG 2025-11-22 16:15:37,699 utils User profile: ken.smith Profile
atlas.views DEBUG 2025-11-22 16:15:37,710 views User can edit observations: True
urllib3.connectionpool DEBUG 2025-11-22 16:15:38,374 connectionpool Starting new HTTPS connection (1): lasair-ztf.lsst.ac.uk:443
urllib3.connectionpool DEBUG 2025-11-22 16:15:38,538 connectionpool https://lasair-ztf.lsst.ac.uk:443 "POST /api/cone/ HTTP/1.1" 200 2
urllib3.connectionpool DEBUG 2025-11-22 16:15:38,547 connectionpool Starting new HTTP connection (1): localhost:8084
matplotlib DEBUG 2025-11-22 16:15:44,078 __init__ matplotlib data path: /Users/kws/.local/lib/python3.11/site-packages/matplotlib/mpl-data
matplotlib DEBUG 2025-11-22 16:15:44,082 __init__ CONFIGDIR=/Users/kws/.matplotlib
matplotlib DEBUG 2025-11-22 16:15:44,082 __init__ interactive is False
matplotlib DEBUG 2025-11-22 16:15:44,082 __init__ platform is darwin
matplotlib DEBUG 2025-11-22 16:15:44,113 __init__ CACHEDIR=/Users/kws/.matplotlib
matplotlib.font_manager DEBUG 2025-11-22 16:15:44,115 font_manager Using fontManager instance from /Users/kws/.matplotlib/fontlist-v390.json
urllib3.connectionpool DEBUG 2025-11-22 16:15:44,284 connectionpool Starting new HTTPS connection (1): dataverse.harvard.edu:443
urllib3.connectionpool DEBUG 2025-11-22 16:15:44,973 connectionpool https://dataverse.harvard.edu:443 "GET /api/datasets/:persistentId?persistentId=doi:10.7910/DVN/EWCNL5 HTTP/1.1" 200 None
urllib3.connectionpool DEBUG 2025-11-22 16:15:44,984 connectionpool Starting new HTTPS connection (1): dataverse.harvard.edu:443
urllib3.connectionpool DEBUG 2025-11-22 16:15:45,572 connectionpool https://dataverse.harvard.edu:443 "GET /api/access/datafile/2902687 HTTP/1.1" 303 0
urllib3.connectionpool DEBUG 2025-11-22 16:15:45,580 connectionpool Starting new HTTPS connection (1): dvn-cloud.s3.amazonaws.com:443
urllib3.connectionpool DEBUG 2025-11-22 16:15:45,994 connectionpool https://dvn-cloud.s3.amazonaws.com:443 "GET /10.7910/DVN/EWCNL5/157bb43e038-2856c7e44170?response-content-disposition=attachment%3B%20filename%2A%3DUTF-8%27%27SFD_dust_4096_ngp.fits&response-content-type=application%2Ffits&X-Amz-Algorithm=AWS4-HMAC-SHA256&X-Amz-Date=20251122T161545Z&X-Amz-SignedHeaders=host&X-Amz-Credential=AKIAIEJ3NV7UYCSRJC7A%2F20251122%2Fus-east-1%2Fs3%2Faws4_request&X-Amz-Expires=3600&X-Amz-Signature=1efff257d2b3604aa8f10f8e5bafe6c3c93738e7facb15befba552b6e7bdf39b HTTP/1.1" 200 67115520
urllib3.connectionpool DEBUG 2025-11-22 16:15:49,598 connectionpool Starting new HTTPS connection (1): dataverse.harvard.edu:443
urllib3.connectionpool DEBUG 2025-11-22 16:15:50,308 connectionpool https://dataverse.harvard.edu:443 "GET /api/datasets/:persistentId?persistentId=doi:10.7910/DVN/EWCNL5 HTTP/1.1" 200 None
urllib3.connectionpool DEBUG 2025-11-22 16:15:50,318 connectionpool Starting new HTTPS connection (1): dataverse.harvard.edu:443
urllib3.connectionpool DEBUG 2025-11-22 16:15:50,957 connectionpool https://dataverse.harvard.edu:443 "GET /api/access/datafile/2902695 HTTP/1.1" 303 0
urllib3.connectionpool DEBUG 2025-11-22 16:15:50,966 connectionpool Starting new HTTPS connection (1): dvn-cloud.s3.amazonaws.com:443
urllib3.connectionpool DEBUG 2025-11-22 16:15:51,361 connectionpool https://dvn-cloud.s3.amazonaws.com:443 "GET /10.7910/DVN/EWCNL5/157bb8a4df2-7537b98d9920?response-content-disposition=attachment%3B%20filename%2A%3DUTF-8%27%27SFD_dust_4096_sgp.fits&response-content-type=application%2Ffits&X-Amz-Algorithm=AWS4-HMAC-SHA256&X-Amz-Date=20251122T161550Z&X-Amz-SignedHeaders=host&X-Amz-Credential=AKIAIEJ3NV7UYCSRJC7A%2F20251122%2Fus-east-1%2Fs3%2Faws4_request&X-Amz-Expires=3600&X-Amz-Signature=ea69bf1f5f02f7f7002826fc34960bb83e0ab31920514666cbae448e1b503a3e HTTP/1.1" 200 67115520
accounts.utils DEBUG 2025-11-22 16:33:07,017 utils Checking if user ken.smith needs to change password.
accounts.utils DEBUG 2025-11-22 16:33:07,018 utils User profile: ken.smith Profile
matplotlib DEBUG 2025-11-22 16:33:07,437 __init__ matplotlib data path: /Users/kws/.local/lib/python3.11/site-packages/matplotlib/mpl-data
matplotlib DEBUG 2025-11-22 16:33:07,439 __init__ CONFIGDIR=/Users/kws/.matplotlib
matplotlib DEBUG 2025-11-22 16:33:07,440 __init__ interactive is False
matplotlib DEBUG 2025-11-22 16:33:07,440 __init__ platform is darwin
matplotlib DEBUG 2025-11-22 16:33:07,455 __init__ CACHEDIR=/Users/kws/.matplotlib
matplotlib.font_manager DEBUG 2025-11-22 16:33:07,456 font_manager Using fontManager instance from /Users/kws/.matplotlib/fontlist-v390.json
atlas.views DEBUG 2025-11-22 16:33:07,695 views User can edit observations: True
urllib3.connectionpool DEBUG 2025-11-22 16:33:07,877 connectionpool Starting new HTTPS connection (1): lasair-ztf.lsst.ac.uk:443
urllib3.connectionpool DEBUG 2025-11-22 16:33:08,018 connectionpool https://lasair-ztf.lsst.ac.uk:443 "POST /api/cone/ HTTP/1.1" 200 2
urllib3.connectionpool DEBUG 2025-11-22 16:33:08,022 connectionpool Starting new HTTP connection (1): localhost:8084
accounts.utils DEBUG 2025-11-22 16:41:14,922 utils Checking if user ken.smith needs to change password.
accounts.utils DEBUG 2025-11-22 16:41:14,923 utils User profile: ken.smith Profile
matplotlib DEBUG 2025-11-22 16:41:15,348 __init__ matplotlib data path: /Users/kws/.local/lib/python3.11/site-packages/matplotlib/mpl-data
matplotlib DEBUG 2025-11-22 16:41:15,350 __init__ CONFIGDIR=/Users/kws/.matplotlib
matplotlib DEBUG 2025-11-22 16:41:15,351 __init__ interactive is False
matplotlib DEBUG 2025-11-22 16:41:15,351 __init__ platform is darwin
matplotlib DEBUG 2025-11-22 16:41:15,365 __init__ CACHEDIR=/Users/kws/.matplotlib
matplotlib.font_manager DEBUG 2025-11-22 16:41:15,366 font_manager Using fontManager instance from /Users/kws/.matplotlib/fontlist-v390.json
atlas.views DEBUG 2025-11-22 16:41:15,586 views User can edit observations: True
urllib3.connectionpool DEBUG 2025-11-22 16:41:15,764 connectionpool Starting new HTTPS connection (1): lasair-ztf.lsst.ac.uk:443
urllib3.connectionpool DEBUG 2025-11-22 16:41:15,922 connectionpool https://lasair-ztf.lsst.ac.uk:443 "POST /api/cone/ HTTP/1.1" 200 2
urllib3.connectionpool DEBUG 2025-11-22 16:41:15,930 connectionpool Starting new HTTP connection (1): localhost:8084
accounts.utils DEBUG 2025-11-22 16:42:08,485 utils Checking if user ken.smith needs to change password.
accounts.utils DEBUG 2025-11-22 16:42:08,486 utils User profile: ken.smith Profile
matplotlib DEBUG 2025-11-22 16:42:08,912 __init__ matplotlib data path: /Users/kws/.local/lib/python3.11/site-packages/matplotlib/mpl-data
matplotlib DEBUG 2025-11-22 16:42:08,914 __init__ CONFIGDIR=/Users/kws/.matplotlib
matplotlib DEBUG 2025-11-22 16:42:08,915 __init__ interactive is False
matplotlib DEBUG 2025-11-22 16:42:08,915 __init__ platform is darwin
matplotlib DEBUG 2025-11-22 16:42:08,929 __init__ CACHEDIR=/Users/kws/.matplotlib
matplotlib.font_manager DEBUG 2025-11-22 16:42:08,931 font_manager Using fontManager instance from /Users/kws/.matplotlib/fontlist-v390.json
atlas.views DEBUG 2025-11-22 16:42:09,151 views User can edit observations: True
urllib3.connectionpool DEBUG 2025-11-22 16:42:09,328 connectionpool Starting new HTTPS connection (1): lasair-ztf.lsst.ac.uk:443
urllib3.connectionpool DEBUG 2025-11-22 16:42:09,433 connectionpool https://lasair-ztf.lsst.ac.uk:443 "POST /api/cone/ HTTP/1.1" 200 2
urllib3.connectionpool DEBUG 2025-11-22 16:42:09,435 connectionpool Starting new HTTP connection (1): localhost:8084
accounts.utils DEBUG 2025-11-22 16:43:49,175 utils Checking if user ken.smith needs to change password.
accounts.utils DEBUG 2025-11-22 16:43:49,176 utils User profile: ken.smith Profile
matplotlib DEBUG 2025-11-22 16:43:49,511 __init__ matplotlib data path: /Users/kws/.local/lib/python3.11/site-packages/matplotlib/mpl-data
matplotlib DEBUG 2025-11-22 16:43:49,513 __init__ CONFIGDIR=/Users/kws/.matplotlib
matplotlib DEBUG 2025-11-22 16:43:49,514 __init__ interactive is False
matplotlib DEBUG 2025-11-22 16:43:49,514 __init__ platform is darwin
matplotlib DEBUG 2025-11-22 16:43:49,525 __init__ CACHEDIR=/Users/kws/.matplotlib
matplotlib.font_manager DEBUG 2025-11-22 16:43:49,526 font_manager Using fontManager instance from /Users/kws/.matplotlib/fontlist-v390.json
atlas.views DEBUG 2025-11-22 16:43:49,657 views User can edit observations: True
urllib3.connectionpool DEBUG 2025-11-22 16:43:49,828 connectionpool Starting new HTTPS connection (1): lasair-ztf.lsst.ac.uk:443
urllib3.connectionpool DEBUG 2025-11-22 16:43:49,932 connectionpool https://lasair-ztf.lsst.ac.uk:443 "POST /api/cone/ HTTP/1.1" 200 2
urllib3.connectionpool DEBUG 2025-11-22 16:43:49,934 connectionpool Starting new HTTP connection (1): localhost:8084
accounts.utils DEBUG 2025-11-22 16:49:52,230 utils Checking if user ken.smith needs to change password.
accounts.utils DEBUG 2025-11-22 16:49:52,231 utils User profile: ken.smith Profile
matplotlib DEBUG 2025-11-22 16:49:52,569 __init__ matplotlib data path: /Users/kws/.local/lib/python3.11/site-packages/matplotlib/mpl-data
matplotlib DEBUG 2025-11-22 16:49:52,571 __init__ CONFIGDIR=/Users/kws/.matplotlib
matplotlib DEBUG 2025-11-22 16:49:52,572 __init__ interactive is False
matplotlib DEBUG 2025-11-22 16:49:52,572 __init__ platform is darwin
matplotlib DEBUG 2025-11-22 16:49:52,582 __init__ CACHEDIR=/Users/kws/.matplotlib
matplotlib.font_manager DEBUG 2025-11-22 16:49:52,584 font_manager Using fontManager instance from /Users/kws/.matplotlib/fontlist-v390.json
atlas.views DEBUG 2025-11-22 16:49:52,721 views User can edit observations: True
urllib3.connectionpool DEBUG 2025-11-22 16:49:52,904 connectionpool Starting new HTTPS connection (1): lasair-ztf.lsst.ac.uk:443
urllib3.connectionpool DEBUG 2025-11-22 16:49:53,006 connectionpool https://lasair-ztf.lsst.ac.uk:443 "POST /api/cone/ HTTP/1.1" 200 2
urllib3.connectionpool DEBUG 2025-11-22 16:49:53,009 connectionpool Starting new HTTP connection (1): localhost:8084
accounts.utils DEBUG 2025-11-22 16:53:38,600 utils Checking if user ken.smith needs to change password.
accounts.utils DEBUG 2025-11-22 16:53:38,601 utils User profile: ken.smith Profile
matplotlib DEBUG 2025-11-22 16:53:38,941 __init__ matplotlib data path: /Users/kws/.local/lib/python3.11/site-packages/matplotlib/mpl-data
matplotlib DEBUG 2025-11-22 16:53:38,943 __init__ CONFIGDIR=/Users/kws/.matplotlib
matplotlib DEBUG 2025-11-22 16:53:38,943 __init__ interactive is False
matplotlib DEBUG 2025-11-22 16:53:38,943 __init__ platform is darwin
matplotlib DEBUG 2025-11-22 16:53:38,954 __init__ CACHEDIR=/Users/kws/.matplotlib
matplotlib.font_manager DEBUG 2025-11-22 16:53:38,955 font_manager Using fontManager instance from /Users/kws/.matplotlib/fontlist-v390.json
atlas.views DEBUG 2025-11-22 16:53:39,087 views User can edit observations: True
urllib3.connectionpool DEBUG 2025-11-22 16:53:39,260 connectionpool Starting new HTTPS connection (1): lasair-ztf.lsst.ac.uk:443
urllib3.connectionpool DEBUG 2025-11-22 16:53:39,378 connectionpool https://lasair-ztf.lsst.ac.uk:443 "POST /api/cone/ HTTP/1.1" 200 2
urllib3.connectionpool DEBUG 2025-11-22 16:53:39,380 connectionpool Starting new HTTP connection (1): localhost:8084
accounts.utils DEBUG 2025-11-22 16:56:37,381 utils Checking if user ken.smith needs to change password.
accounts.utils DEBUG 2025-11-22 16:56:37,382 utils User profile: ken.smith Profile
matplotlib DEBUG 2025-11-22 16:56:37,719 __init__ matplotlib data path: /Users/kws/.local/lib/python3.11/site-packages/matplotlib/mpl-data
matplotlib DEBUG 2025-11-22 16:56:37,721 __init__ CONFIGDIR=/Users/kws/.matplotlib
matplotlib DEBUG 2025-11-22 16:56:37,721 __init__ interactive is False
matplotlib DEBUG 2025-11-22 16:56:37,722 __init__ platform is darwin
matplotlib DEBUG 2025-11-22 16:56:37,732 __init__ CACHEDIR=/Users/kws/.matplotlib
matplotlib.font_manager DEBUG 2025-11-22 16:56:37,733 font_manager Using fontManager instance from /Users/kws/.matplotlib/fontlist-v390.json
atlas.views DEBUG 2025-11-22 16:56:37,870 views User can edit observations: True
urllib3.connectionpool DEBUG 2025-11-22 16:56:38,044 connectionpool Starting new HTTPS connection (1): lasair-ztf.lsst.ac.uk:443
urllib3.connectionpool DEBUG 2025-11-22 16:56:38,178 connectionpool https://lasair-ztf.lsst.ac.uk:443 "POST /api/cone/ HTTP/1.1" 200 2
urllib3.connectionpool DEBUG 2025-11-22 16:56:38,181 connectionpool Starting new HTTP connection (1): localhost:8084
accounts.utils DEBUG 2025-11-22 16:58:50,480 utils Checking if user ken.smith needs to change password.
accounts.utils DEBUG 2025-11-22 16:58:50,481 utils User profile: ken.smith Profile
matplotlib DEBUG 2025-11-22 16:58:50,817 __init__ matplotlib data path: /Users/kws/.local/lib/python3.11/site-packages/matplotlib/mpl-data
matplotlib DEBUG 2025-11-22 16:58:50,819 __init__ CONFIGDIR=/Users/kws/.matplotlib
matplotlib DEBUG 2025-11-22 16:58:50,819 __init__ interactive is False
matplotlib DEBUG 2025-11-22 16:58:50,819 __init__ platform is darwin
matplotlib DEBUG 2025-11-22 16:58:50,830 __init__ CACHEDIR=/Users/kws/.matplotlib
matplotlib.font_manager DEBUG 2025-11-22 16:58:50,831 font_manager Using fontManager instance from /Users/kws/.matplotlib/fontlist-v390.json
atlas.views DEBUG 2025-11-22 16:58:50,968 views User can edit observations: True
urllib3.connectionpool DEBUG 2025-11-22 16:58:51,145 connectionpool Starting new HTTPS connection (1): lasair-ztf.lsst.ac.uk:443
urllib3.connectionpool DEBUG 2025-11-22 16:58:51,296 connectionpool https://lasair-ztf.lsst.ac.uk:443 "POST /api/cone/ HTTP/1.1" 200 2
urllib3.connectionpool DEBUG 2025-11-22 16:58:51,300 connectionpool Starting new HTTP connection (1): localhost:8084
accounts.utils DEBUG 2025-11-22 17:02:04,219 utils Checking if user ken.smith needs to change password.
accounts.utils DEBUG 2025-11-22 17:02:04,220 utils User profile: ken.smith Profile
matplotlib DEBUG 2025-11-22 17:02:04,553 __init__ matplotlib data path: /Users/kws/.local/lib/python3.11/site-packages/matplotlib/mpl-data
matplotlib DEBUG 2025-11-22 17:02:04,555 __init__ CONFIGDIR=/Users/kws/.matplotlib
matplotlib DEBUG 2025-11-22 17:02:04,555 __init__ interactive is False
matplotlib DEBUG 2025-11-22 17:02:04,556 __init__ platform is darwin
matplotlib DEBUG 2025-11-22 17:02:04,567 __init__ CACHEDIR=/Users/kws/.matplotlib
matplotlib.font_manager DEBUG 2025-11-22 17:02:04,568 font_manager Using fontManager instance from /Users/kws/.matplotlib/fontlist-v390.json
atlas.views DEBUG 2025-11-22 17:02:04,707 views User can edit observations: True
urllib3.connectionpool DEBUG 2025-11-22 17:02:04,879 connectionpool Starting new HTTPS connection (1): lasair-ztf.lsst.ac.uk:443
urllib3.connectionpool DEBUG 2025-11-22 17:02:04,985 connectionpool https://lasair-ztf.lsst.ac.uk:443 "POST /api/cone/ HTTP/1.1" 200 2
urllib3.connectionpool DEBUG 2025-11-22 17:02:04,987 connectionpool Starting new HTTP connection (1): localhost:8084
accounts.utils DEBUG 2025-11-22 17:04:32,113 utils Checking if user ken.smith needs to change password.
accounts.utils DEBUG 2025-11-22 17:04:32,113 utils User profile: ken.smith Profile
matplotlib DEBUG 2025-11-22 17:04:32,446 __init__ matplotlib data path: /Users/kws/.local/lib/python3.11/site-packages/matplotlib/mpl-data
matplotlib DEBUG 2025-11-22 17:04:32,448 __init__ CONFIGDIR=/Users/kws/.matplotlib
matplotlib DEBUG 2025-11-22 17:04:32,448 __init__ interactive is False
matplotlib DEBUG 2025-11-22 17:04:32,449 __init__ platform is darwin
matplotlib DEBUG 2025-11-22 17:04:32,459 __init__ CACHEDIR=/Users/kws/.matplotlib
matplotlib.font_manager DEBUG 2025-11-22 17:04:32,460 font_manager Using fontManager instance from /Users/kws/.matplotlib/fontlist-v390.json
atlas.views DEBUG 2025-11-22 17:04:32,592 views User can edit observations: True
urllib3.connectionpool DEBUG 2025-11-22 17:04:32,765 connectionpool Starting new HTTPS connection (1): lasair-ztf.lsst.ac.uk:443
urllib3.connectionpool DEBUG 2025-11-22 17:04:32,866 connectionpool https://lasair-ztf.lsst.ac.uk:443 "POST /api/cone/ HTTP/1.1" 200 2
urllib3.connectionpool DEBUG 2025-11-22 17:04:32,868 connectionpool Starting new HTTP connection (1): localhost:8084
accounts.utils DEBUG 2025-11-22 17:05:54,605 utils Checking if user ken.smith needs to change password.
accounts.utils DEBUG 2025-11-22 17:05:54,605 utils User profile: ken.smith Profile
matplotlib DEBUG 2025-11-22 17:05:54,941 __init__ matplotlib data path: /Users/kws/.local/lib/python3.11/site-packages/matplotlib/mpl-data
matplotlib DEBUG 2025-11-22 17:05:54,944 __init__ CONFIGDIR=/Users/kws/.matplotlib
matplotlib DEBUG 2025-11-22 17:05:54,944 __init__ interactive is False
matplotlib DEBUG 2025-11-22 17:05:54,944 __init__ platform is darwin
matplotlib DEBUG 2025-11-22 17:05:54,955 __init__ CACHEDIR=/Users/kws/.matplotlib
matplotlib.font_manager DEBUG 2025-11-22 17:05:54,956 font_manager Using fontManager instance from /Users/kws/.matplotlib/fontlist-v390.json
atlas.views DEBUG 2025-11-22 17:05:55,087 views User can edit observations: True
urllib3.connectionpool DEBUG 2025-11-22 17:05:55,260 connectionpool Starting new HTTPS connection (1): lasair-ztf.lsst.ac.uk:443
urllib3.connectionpool DEBUG 2025-11-22 17:05:55,367 connectionpool https://lasair-ztf.lsst.ac.uk:443 "POST /api/cone/ HTTP/1.1" 200 2
urllib3.connectionpool DEBUG 2025-11-22 17:05:55,369 connectionpool Starting new HTTP connection (1): localhost:8084
accounts.utils DEBUG 2025-11-22 17:07:59,061 utils Checking if user ken.smith needs to change password.
accounts.utils DEBUG 2025-11-22 17:07:59,062 utils User profile: ken.smith Profile
matplotlib DEBUG 2025-11-22 17:07:59,400 __init__ matplotlib data path: /Users/kws/.local/lib/python3.11/site-packages/matplotlib/mpl-data
matplotlib DEBUG 2025-11-22 17:07:59,402 __init__ CONFIGDIR=/Users/kws/.matplotlib
matplotlib DEBUG 2025-11-22 17:07:59,402 __init__ interactive is False
matplotlib DEBUG 2025-11-22 17:07:59,403 __init__ platform is darwin
matplotlib DEBUG 2025-11-22 17:07:59,413 __init__ CACHEDIR=/Users/kws/.matplotlib
matplotlib.font_manager DEBUG 2025-11-22 17:07:59,414 font_manager Using fontManager instance from /Users/kws/.matplotlib/fontlist-v390.json
atlas.views DEBUG 2025-11-22 17:07:59,553 views User can edit observations: True
urllib3.connectionpool DEBUG 2025-11-22 17:07:59,722 connectionpool Starting new HTTPS connection (1): lasair-ztf.lsst.ac.uk:443
urllib3.connectionpool DEBUG 2025-11-22 17:07:59,826 connectionpool https://lasair-ztf.lsst.ac.uk:443 "POST /api/cone/ HTTP/1.1" 200 2
urllib3.connectionpool DEBUG 2025-11-22 17:07:59,828 connectionpool Starting new HTTP connection (1): localhost:8084
accounts.utils DEBUG 2025-11-22 17:13:17,137 utils Checking if user ken.smith needs to change password.
accounts.utils DEBUG 2025-11-22 17:13:17,138 utils User profile: ken.smith Profile
matplotlib DEBUG 2025-11-22 17:13:17,547 __init__ matplotlib data path: /Users/kws/.local/lib/python3.11/site-packages/matplotlib/mpl-data
matplotlib DEBUG 2025-11-22 17:13:17,550 __init__ CONFIGDIR=/Users/kws/.matplotlib
matplotlib DEBUG 2025-11-22 17:13:17,551 __init__ interactive is False
matplotlib DEBUG 2025-11-22 17:13:17,551 __init__ platform is darwin
matplotlib DEBUG 2025-11-22 17:13:17,565 __init__ CACHEDIR=/Users/kws/.matplotlib
matplotlib.font_manager DEBUG 2025-11-22 17:13:17,566 font_manager Using fontManager instance from /Users/kws/.matplotlib/fontlist-v390.json
atlas.views DEBUG 2025-11-22 17:13:17,787 views User can edit observations: True
urllib3.connectionpool DEBUG 2025-11-22 17:13:17,963 connectionpool Starting new HTTPS connection (1): lasair-ztf.lsst.ac.uk:443
urllib3.connectionpool DEBUG 2025-11-22 17:13:18,075 connectionpool https://lasair-ztf.lsst.ac.uk:443 "POST /api/cone/ HTTP/1.1" 200 2
urllib3.connectionpool DEBUG 2025-11-22 17:13:18,078 connectionpool Starting new HTTP connection (1): localhost:8084
accounts.utils DEBUG 2025-11-22 17:13:59,210 utils Checking if user ken.smith needs to change password.
accounts.utils DEBUG 2025-11-22 17:13:59,210 utils User profile: ken.smith Profile
matplotlib DEBUG 2025-11-22 17:13:59,551 __init__ matplotlib data path: /Users/kws/.local/lib/python3.11/site-packages/matplotlib/mpl-data
matplotlib DEBUG 2025-11-22 17:13:59,553 __init__ CONFIGDIR=/Users/kws/.matplotlib
matplotlib DEBUG 2025-11-22 17:13:59,553 __init__ interactive is False
matplotlib DEBUG 2025-11-22 17:13:59,554 __init__ platform is darwin
matplotlib DEBUG 2025-11-22 17:13:59,564 __init__ CACHEDIR=/Users/kws/.matplotlib
matplotlib.font_manager DEBUG 2025-11-22 17:13:59,566 font_manager Using fontManager instance from /Users/kws/.matplotlib/fontlist-v390.json
atlas.views DEBUG 2025-11-22 17:13:59,709 views User can edit observations: True
urllib3.connectionpool DEBUG 2025-11-22 17:13:59,876 connectionpool Starting new HTTPS connection (1): lasair-ztf.lsst.ac.uk:443
urllib3.connectionpool DEBUG 2025-11-22 17:13:59,987 connectionpool https://lasair-ztf.lsst.ac.uk:443 "POST /api/cone/ HTTP/1.1" 200 2
urllib3.connectionpool DEBUG 2025-11-22 17:13:59,989 connectionpool Starting new HTTP connection (1): localhost:8084
accounts.utils DEBUG 2025-11-22 17:14:34,014 utils Checking if user ken.smith needs to change password.
accounts.utils DEBUG 2025-11-22 17:14:34,015 utils User profile: ken.smith Profile
matplotlib DEBUG 2025-11-22 17:14:34,348 __init__ matplotlib data path: /Users/kws/.local/lib/python3.11/site-packages/matplotlib/mpl-data
matplotlib DEBUG 2025-11-22 17:14:34,350 __init__ CONFIGDIR=/Users/kws/.matplotlib
matplotlib DEBUG 2025-11-22 17:14:34,350 __init__ interactive is False
matplotlib DEBUG 2025-11-22 17:14:34,351 __init__ platform is darwin
matplotlib DEBUG 2025-11-22 17:14:34,362 __init__ CACHEDIR=/Users/kws/.matplotlib
matplotlib.font_manager DEBUG 2025-11-22 17:14:34,363 font_manager Using fontManager instance from /Users/kws/.matplotlib/fontlist-v390.json
atlas.views DEBUG 2025-11-22 17:14:34,497 views User can edit observations: True
urllib3.connectionpool DEBUG 2025-11-22 17:14:34,683 connectionpool Starting new HTTPS connection (1): lasair-ztf.lsst.ac.uk:443
urllib3.connectionpool DEBUG 2025-11-22 17:14:34,784 connectionpool https://lasair-ztf.lsst.ac.uk:443 "POST /api/cone/ HTTP/1.1" 200 2
urllib3.connectionpool DEBUG 2025-11-22 17:14:34,787 connectionpool Starting new HTTP connection (1): localhost:8084
matplotlib DEBUG 2025-11-22 17:30:27,406 __init__ matplotlib data path: /Users/kws/.local/lib/python3.11/site-packages/matplotlib/mpl-data
matplotlib DEBUG 2025-11-22 17:30:27,409 __init__ CONFIGDIR=/Users/kws/.matplotlib
matplotlib DEBUG 2025-11-22 17:30:27,409 __init__ interactive is False
matplotlib DEBUG 2025-11-22 17:30:27,409 __init__ platform is darwin
matplotlib DEBUG 2025-11-22 17:30:27,420 __init__ CACHEDIR=/Users/kws/.matplotlib
matplotlib.font_manager DEBUG 2025-11-22 17:30:27,422 font_manager Using fontManager instance from /Users/kws/.matplotlib/fontlist-v390.json
django.request ERROR 2025-11-22 17:30:27,560 log Internal Server Error: /fruitbat/atel/1135713330251442500/
Traceback (most recent call last):
  File "/Users/kws/anaconda3/envs/atlas311/lib/python3.11/site-packages/django/template/smartif.py", line 180, in translate_token
    op = OPERATORS[token]
         ~~~~~~~~~^^^^^^^
KeyError: '(stats.0.earliest_filter'

During handling of the above exception, another exception occurred:

Traceback (most recent call last):
  File "/Users/kws/anaconda3/envs/atlas311/lib/python3.11/site-packages/django/core/handlers/exception.py", line 55, in inner
    response = get_response(request)
               ^^^^^^^^^^^^^^^^^^^^^
  File "/Users/kws/anaconda3/envs/atlas311/lib/python3.11/site-packages/django/core/handlers/base.py", line 197, in _get_response
    response = wrapped_callback(request, *callback_args, **callback_kwargs)
               ^^^^^^^^^^^^^^^^^^^^^^^^^^^^^^^^^^^^^^^^^^^^^^^^^^^^^^^^^^^^
  File "/Users/kws/Documents/code/gitdev/psat-server-web/psat_server_web/atlas/atlas/views.py", line 1826, in atel
    return render(request, 'atlas/atelfasttrackobject.txt',{'transient': transient, 'sxm': sxm, 'stats': stats, 'extinction': extinction}, content_type="text/plain")
           ^^^^^^^^^^^^^^^^^^^^^^^^^^^^^^^^^^^^^^^^^^^^^^^^^^^^^^^^^^^^^^^^^^^^^^^^^^^^^^^^^^^^^^^^^^^^^^^^^^^^^^^^^^^^^^^^^^^^^^^^^^^^^^^^^^^^^^^^^^^^^^^^^^^^^^^^^^
  File "/Users/kws/anaconda3/envs/atlas311/lib/python3.11/site-packages/django/shortcuts.py", line 25, in render
    content = loader.render_to_string(template_name, context, request, using=using)
              ^^^^^^^^^^^^^^^^^^^^^^^^^^^^^^^^^^^^^^^^^^^^^^^^^^^^^^^^^^^^^^^^^^^^^
  File "/Users/kws/anaconda3/envs/atlas311/lib/python3.11/site-packages/django/template/loader.py", line 61, in render_to_string
    template = get_template(template_name, using=using)
               ^^^^^^^^^^^^^^^^^^^^^^^^^^^^^^^^^^^^^^^^
  File "/Users/kws/anaconda3/envs/atlas311/lib/python3.11/site-packages/django/template/loader.py", line 15, in get_template
    return engine.get_template(template_name)
           ^^^^^^^^^^^^^^^^^^^^^^^^^^^^^^^^^^
  File "/Users/kws/anaconda3/envs/atlas311/lib/python3.11/site-packages/django/template/backends/django.py", line 79, in get_template
    return Template(self.engine.get_template(template_name), self)
                    ^^^^^^^^^^^^^^^^^^^^^^^^^^^^^^^^^^^^^^^
  File "/Users/kws/anaconda3/envs/atlas311/lib/python3.11/site-packages/django/template/engine.py", line 177, in get_template
    template, origin = self.find_template(template_name)
                       ^^^^^^^^^^^^^^^^^^^^^^^^^^^^^^^^^
  File "/Users/kws/anaconda3/envs/atlas311/lib/python3.11/site-packages/django/template/engine.py", line 159, in find_template
    template = loader.get_template(name, skip=skip)
               ^^^^^^^^^^^^^^^^^^^^^^^^^^^^^^^^^^^^
  File "/Users/kws/anaconda3/envs/atlas311/lib/python3.11/site-packages/django/template/loaders/cached.py", line 57, in get_template
    template = super().get_template(template_name, skip)
               ^^^^^^^^^^^^^^^^^^^^^^^^^^^^^^^^^^^^^^^^^
  File "/Users/kws/anaconda3/envs/atlas311/lib/python3.11/site-packages/django/template/loaders/base.py", line 28, in get_template
    return Template(
           ^^^^^^^^^
  File "/Users/kws/anaconda3/envs/atlas311/lib/python3.11/site-packages/django/template/base.py", line 154, in __init__
    self.nodelist = self.compile_nodelist()
                    ^^^^^^^^^^^^^^^^^^^^^^^
  File "/Users/kws/anaconda3/envs/atlas311/lib/python3.11/site-packages/django/template/base.py", line 196, in compile_nodelist
    nodelist = parser.parse()
               ^^^^^^^^^^^^^^
  File "/Users/kws/anaconda3/envs/atlas311/lib/python3.11/site-packages/django/template/base.py", line 518, in parse
    raise self.error(token, e)
  File "/Users/kws/anaconda3/envs/atlas311/lib/python3.11/site-packages/django/template/base.py", line 516, in parse
    compiled_result = compile_func(self, token)
                      ^^^^^^^^^^^^^^^^^^^^^^^^^
  File "/Users/kws/anaconda3/envs/atlas311/lib/python3.11/site-packages/django/template/defaulttags.py", line 961, in do_if
    condition = TemplateIfParser(parser, bits).parse()
                ^^^^^^^^^^^^^^^^^^^^^^^^^^^^^^
  File "/Users/kws/anaconda3/envs/atlas311/lib/python3.11/site-packages/django/template/defaulttags.py", line 894, in __init__
    super().__init__(*args, **kwargs)
  File "/Users/kws/anaconda3/envs/atlas311/lib/python3.11/site-packages/django/template/smartif.py", line 171, in __init__
    mapped_tokens.append(self.translate_token(token))
                         ^^^^^^^^^^^^^^^^^^^^^^^^^^^
  File "/Users/kws/anaconda3/envs/atlas311/lib/python3.11/site-packages/django/template/smartif.py", line 182, in translate_token
    return self.create_var(token)
           ^^^^^^^^^^^^^^^^^^^^^^
  File "/Users/kws/anaconda3/envs/atlas311/lib/python3.11/site-packages/django/template/defaulttags.py", line 897, in create_var
    return TemplateLiteral(self.template_parser.compile_filter(value), value)
                           ^^^^^^^^^^^^^^^^^^^^^^^^^^^^^^^^^^^^^^^^^^
  File "/Users/kws/anaconda3/envs/atlas311/lib/python3.11/site-packages/django/template/base.py", line 609, in compile_filter
    return FilterExpression(token, self)
           ^^^^^^^^^^^^^^^^^^^^^^^^^^^^^
  File "/Users/kws/anaconda3/envs/atlas311/lib/python3.11/site-packages/django/template/base.py", line 710, in __init__
    raise TemplateSyntaxError(
django.template.exceptions.TemplateSyntaxError: Could not parse the remainder: '(stats.0.earliest_filter' from '(stats.0.earliest_filter'
django.request WARNING 2025-11-22 17:30:27,589 log Not Found: /fruitbat/atel/1135713330251442500/css/main_bootstrap.css
django.request WARNING 2025-11-22 17:30:27,592 log Not Found: /fruitbat/atel/1135713330251442500/css/aladin.css
django.request WARNING 2025-11-22 17:30:27,593 log Not Found: /fruitbat/atel/1135713330251442500/css/fontawesome.css
django.request WARNING 2025-11-22 17:30:27,594 log Not Found: /fruitbat/atel/1135713330251442500/css/brands.css
django.request WARNING 2025-11-22 17:30:27,595 log Not Found: /fruitbat/atel/1135713330251442500/css/solid.css
django.request WARNING 2025-11-22 17:30:27,596 log Not Found: /fruitbat/atel/1135713330251442500/images/atlas_logo.png
matplotlib DEBUG 2025-11-22 17:32:06,596 __init__ matplotlib data path: /Users/kws/.local/lib/python3.11/site-packages/matplotlib/mpl-data
matplotlib DEBUG 2025-11-22 17:32:06,598 __init__ CONFIGDIR=/Users/kws/.matplotlib
matplotlib DEBUG 2025-11-22 17:32:06,598 __init__ interactive is False
matplotlib DEBUG 2025-11-22 17:32:06,599 __init__ platform is darwin
matplotlib DEBUG 2025-11-22 17:32:06,610 __init__ CACHEDIR=/Users/kws/.matplotlib
matplotlib.font_manager DEBUG 2025-11-22 17:32:06,611 font_manager Using fontManager instance from /Users/kws/.matplotlib/fontlist-v390.json
django.request ERROR 2025-11-22 17:32:06,750 log Internal Server Error: /fruitbat/atel/1135713330251442500/
Traceback (most recent call last):
  File "/Users/kws/anaconda3/envs/atlas311/lib/python3.11/site-packages/django/template/smartif.py", line 180, in translate_token
    op = OPERATORS[token]
         ~~~~~~~~~^^^^^^^
KeyError: '(stats.0.earliest_filter'

During handling of the above exception, another exception occurred:

Traceback (most recent call last):
  File "/Users/kws/anaconda3/envs/atlas311/lib/python3.11/site-packages/django/core/handlers/exception.py", line 55, in inner
    response = get_response(request)
               ^^^^^^^^^^^^^^^^^^^^^
  File "/Users/kws/anaconda3/envs/atlas311/lib/python3.11/site-packages/django/core/handlers/base.py", line 197, in _get_response
    response = wrapped_callback(request, *callback_args, **callback_kwargs)
               ^^^^^^^^^^^^^^^^^^^^^^^^^^^^^^^^^^^^^^^^^^^^^^^^^^^^^^^^^^^^
  File "/Users/kws/Documents/code/gitdev/psat-server-web/psat_server_web/atlas/atlas/views.py", line 1826, in atel
    return render(request, 'atlas/atelfasttrackobject.txt',{'transient': transient, 'sxm': sxm, 'stats': stats, 'extinction': extinction}, content_type="text/plain")
           ^^^^^^^^^^^^^^^^^^^^^^^^^^^^^^^^^^^^^^^^^^^^^^^^^^^^^^^^^^^^^^^^^^^^^^^^^^^^^^^^^^^^^^^^^^^^^^^^^^^^^^^^^^^^^^^^^^^^^^^^^^^^^^^^^^^^^^^^^^^^^^^^^^^^^^^^^^
  File "/Users/kws/anaconda3/envs/atlas311/lib/python3.11/site-packages/django/shortcuts.py", line 25, in render
    content = loader.render_to_string(template_name, context, request, using=using)
              ^^^^^^^^^^^^^^^^^^^^^^^^^^^^^^^^^^^^^^^^^^^^^^^^^^^^^^^^^^^^^^^^^^^^^
  File "/Users/kws/anaconda3/envs/atlas311/lib/python3.11/site-packages/django/template/loader.py", line 61, in render_to_string
    template = get_template(template_name, using=using)
               ^^^^^^^^^^^^^^^^^^^^^^^^^^^^^^^^^^^^^^^^
  File "/Users/kws/anaconda3/envs/atlas311/lib/python3.11/site-packages/django/template/loader.py", line 15, in get_template
    return engine.get_template(template_name)
           ^^^^^^^^^^^^^^^^^^^^^^^^^^^^^^^^^^
  File "/Users/kws/anaconda3/envs/atlas311/lib/python3.11/site-packages/django/template/backends/django.py", line 79, in get_template
    return Template(self.engine.get_template(template_name), self)
                    ^^^^^^^^^^^^^^^^^^^^^^^^^^^^^^^^^^^^^^^
  File "/Users/kws/anaconda3/envs/atlas311/lib/python3.11/site-packages/django/template/engine.py", line 177, in get_template
    template, origin = self.find_template(template_name)
                       ^^^^^^^^^^^^^^^^^^^^^^^^^^^^^^^^^
  File "/Users/kws/anaconda3/envs/atlas311/lib/python3.11/site-packages/django/template/engine.py", line 159, in find_template
    template = loader.get_template(name, skip=skip)
               ^^^^^^^^^^^^^^^^^^^^^^^^^^^^^^^^^^^^
  File "/Users/kws/anaconda3/envs/atlas311/lib/python3.11/site-packages/django/template/loaders/cached.py", line 57, in get_template
    template = super().get_template(template_name, skip)
               ^^^^^^^^^^^^^^^^^^^^^^^^^^^^^^^^^^^^^^^^^
  File "/Users/kws/anaconda3/envs/atlas311/lib/python3.11/site-packages/django/template/loaders/base.py", line 28, in get_template
    return Template(
           ^^^^^^^^^
  File "/Users/kws/anaconda3/envs/atlas311/lib/python3.11/site-packages/django/template/base.py", line 154, in __init__
    self.nodelist = self.compile_nodelist()
                    ^^^^^^^^^^^^^^^^^^^^^^^
  File "/Users/kws/anaconda3/envs/atlas311/lib/python3.11/site-packages/django/template/base.py", line 196, in compile_nodelist
    nodelist = parser.parse()
               ^^^^^^^^^^^^^^
  File "/Users/kws/anaconda3/envs/atlas311/lib/python3.11/site-packages/django/template/base.py", line 518, in parse
    raise self.error(token, e)
  File "/Users/kws/anaconda3/envs/atlas311/lib/python3.11/site-packages/django/template/base.py", line 516, in parse
    compiled_result = compile_func(self, token)
                      ^^^^^^^^^^^^^^^^^^^^^^^^^
  File "/Users/kws/anaconda3/envs/atlas311/lib/python3.11/site-packages/django/template/defaulttags.py", line 961, in do_if
    condition = TemplateIfParser(parser, bits).parse()
                ^^^^^^^^^^^^^^^^^^^^^^^^^^^^^^
  File "/Users/kws/anaconda3/envs/atlas311/lib/python3.11/site-packages/django/template/defaulttags.py", line 894, in __init__
    super().__init__(*args, **kwargs)
  File "/Users/kws/anaconda3/envs/atlas311/lib/python3.11/site-packages/django/template/smartif.py", line 171, in __init__
    mapped_tokens.append(self.translate_token(token))
                         ^^^^^^^^^^^^^^^^^^^^^^^^^^^
  File "/Users/kws/anaconda3/envs/atlas311/lib/python3.11/site-packages/django/template/smartif.py", line 182, in translate_token
    return self.create_var(token)
           ^^^^^^^^^^^^^^^^^^^^^^
  File "/Users/kws/anaconda3/envs/atlas311/lib/python3.11/site-packages/django/template/defaulttags.py", line 897, in create_var
    return TemplateLiteral(self.template_parser.compile_filter(value), value)
                           ^^^^^^^^^^^^^^^^^^^^^^^^^^^^^^^^^^^^^^^^^^
  File "/Users/kws/anaconda3/envs/atlas311/lib/python3.11/site-packages/django/template/base.py", line 609, in compile_filter
    return FilterExpression(token, self)
           ^^^^^^^^^^^^^^^^^^^^^^^^^^^^^
  File "/Users/kws/anaconda3/envs/atlas311/lib/python3.11/site-packages/django/template/base.py", line 710, in __init__
    raise TemplateSyntaxError(
django.template.exceptions.TemplateSyntaxError: Could not parse the remainder: '(stats.0.earliest_filter' from '(stats.0.earliest_filter'
django.request WARNING 2025-11-22 17:32:06,768 log Not Found: /fruitbat/atel/1135713330251442500/css/main_bootstrap.css
django.request WARNING 2025-11-22 17:32:06,768 log Not Found: /fruitbat/atel/1135713330251442500/css/aladin.css
django.request WARNING 2025-11-22 17:32:06,769 log Not Found: /fruitbat/atel/1135713330251442500/css/brands.css
django.request WARNING 2025-11-22 17:32:06,770 log Not Found: /fruitbat/atel/1135713330251442500/css/fontawesome.css
django.request WARNING 2025-11-22 17:32:06,770 log Not Found: /fruitbat/atel/1135713330251442500/css/solid.css
django.request WARNING 2025-11-22 17:32:06,771 log Not Found: /fruitbat/atel/1135713330251442500/images/atlas_logo.png
django.request ERROR 2025-11-22 17:32:11,915 log Internal Server Error: /fruitbat/atel/1135713330251442500/
Traceback (most recent call last):
  File "/Users/kws/anaconda3/envs/atlas311/lib/python3.11/site-packages/django/template/smartif.py", line 180, in translate_token
    op = OPERATORS[token]
         ~~~~~~~~~^^^^^^^
KeyError: '(stats.0.earliest_filter'

During handling of the above exception, another exception occurred:

Traceback (most recent call last):
  File "/Users/kws/anaconda3/envs/atlas311/lib/python3.11/site-packages/django/core/handlers/exception.py", line 55, in inner
    response = get_response(request)
               ^^^^^^^^^^^^^^^^^^^^^
  File "/Users/kws/anaconda3/envs/atlas311/lib/python3.11/site-packages/django/core/handlers/base.py", line 197, in _get_response
    response = wrapped_callback(request, *callback_args, **callback_kwargs)
               ^^^^^^^^^^^^^^^^^^^^^^^^^^^^^^^^^^^^^^^^^^^^^^^^^^^^^^^^^^^^
  File "/Users/kws/Documents/code/gitdev/psat-server-web/psat_server_web/atlas/atlas/views.py", line 1826, in atel
    return render(request, 'atlas/atelfasttrackobject.txt',{'transient': transient, 'sxm': sxm, 'stats': stats, 'extinction': extinction}, content_type="text/plain")
           ^^^^^^^^^^^^^^^^^^^^^^^^^^^^^^^^^^^^^^^^^^^^^^^^^^^^^^^^^^^^^^^^^^^^^^^^^^^^^^^^^^^^^^^^^^^^^^^^^^^^^^^^^^^^^^^^^^^^^^^^^^^^^^^^^^^^^^^^^^^^^^^^^^^^^^^^^^
  File "/Users/kws/anaconda3/envs/atlas311/lib/python3.11/site-packages/django/shortcuts.py", line 25, in render
    content = loader.render_to_string(template_name, context, request, using=using)
              ^^^^^^^^^^^^^^^^^^^^^^^^^^^^^^^^^^^^^^^^^^^^^^^^^^^^^^^^^^^^^^^^^^^^^
  File "/Users/kws/anaconda3/envs/atlas311/lib/python3.11/site-packages/django/template/loader.py", line 61, in render_to_string
    template = get_template(template_name, using=using)
               ^^^^^^^^^^^^^^^^^^^^^^^^^^^^^^^^^^^^^^^^
  File "/Users/kws/anaconda3/envs/atlas311/lib/python3.11/site-packages/django/template/loader.py", line 15, in get_template
    return engine.get_template(template_name)
           ^^^^^^^^^^^^^^^^^^^^^^^^^^^^^^^^^^
  File "/Users/kws/anaconda3/envs/atlas311/lib/python3.11/site-packages/django/template/backends/django.py", line 79, in get_template
    return Template(self.engine.get_template(template_name), self)
                    ^^^^^^^^^^^^^^^^^^^^^^^^^^^^^^^^^^^^^^^
  File "/Users/kws/anaconda3/envs/atlas311/lib/python3.11/site-packages/django/template/engine.py", line 177, in get_template
    template, origin = self.find_template(template_name)
                       ^^^^^^^^^^^^^^^^^^^^^^^^^^^^^^^^^
  File "/Users/kws/anaconda3/envs/atlas311/lib/python3.11/site-packages/django/template/engine.py", line 159, in find_template
    template = loader.get_template(name, skip=skip)
               ^^^^^^^^^^^^^^^^^^^^^^^^^^^^^^^^^^^^
  File "/Users/kws/anaconda3/envs/atlas311/lib/python3.11/site-packages/django/template/loaders/cached.py", line 57, in get_template
    template = super().get_template(template_name, skip)
               ^^^^^^^^^^^^^^^^^^^^^^^^^^^^^^^^^^^^^^^^^
  File "/Users/kws/anaconda3/envs/atlas311/lib/python3.11/site-packages/django/template/loaders/base.py", line 28, in get_template
    return Template(
           ^^^^^^^^^
  File "/Users/kws/anaconda3/envs/atlas311/lib/python3.11/site-packages/django/template/base.py", line 154, in __init__
    self.nodelist = self.compile_nodelist()
                    ^^^^^^^^^^^^^^^^^^^^^^^
  File "/Users/kws/anaconda3/envs/atlas311/lib/python3.11/site-packages/django/template/base.py", line 196, in compile_nodelist
    nodelist = parser.parse()
               ^^^^^^^^^^^^^^
  File "/Users/kws/anaconda3/envs/atlas311/lib/python3.11/site-packages/django/template/base.py", line 518, in parse
    raise self.error(token, e)
  File "/Users/kws/anaconda3/envs/atlas311/lib/python3.11/site-packages/django/template/base.py", line 516, in parse
    compiled_result = compile_func(self, token)
                      ^^^^^^^^^^^^^^^^^^^^^^^^^
  File "/Users/kws/anaconda3/envs/atlas311/lib/python3.11/site-packages/django/template/defaulttags.py", line 961, in do_if
    condition = TemplateIfParser(parser, bits).parse()
                ^^^^^^^^^^^^^^^^^^^^^^^^^^^^^^
  File "/Users/kws/anaconda3/envs/atlas311/lib/python3.11/site-packages/django/template/defaulttags.py", line 894, in __init__
    super().__init__(*args, **kwargs)
  File "/Users/kws/anaconda3/envs/atlas311/lib/python3.11/site-packages/django/template/smartif.py", line 171, in __init__
    mapped_tokens.append(self.translate_token(token))
                         ^^^^^^^^^^^^^^^^^^^^^^^^^^^
  File "/Users/kws/anaconda3/envs/atlas311/lib/python3.11/site-packages/django/template/smartif.py", line 182, in translate_token
    return self.create_var(token)
           ^^^^^^^^^^^^^^^^^^^^^^
  File "/Users/kws/anaconda3/envs/atlas311/lib/python3.11/site-packages/django/template/defaulttags.py", line 897, in create_var
    return TemplateLiteral(self.template_parser.compile_filter(value), value)
                           ^^^^^^^^^^^^^^^^^^^^^^^^^^^^^^^^^^^^^^^^^^
  File "/Users/kws/anaconda3/envs/atlas311/lib/python3.11/site-packages/django/template/base.py", line 609, in compile_filter
    return FilterExpression(token, self)
           ^^^^^^^^^^^^^^^^^^^^^^^^^^^^^
  File "/Users/kws/anaconda3/envs/atlas311/lib/python3.11/site-packages/django/template/base.py", line 710, in __init__
    raise TemplateSyntaxError(
django.template.exceptions.TemplateSyntaxError: Could not parse the remainder: '(stats.0.earliest_filter' from '(stats.0.earliest_filter'
django.request WARNING 2025-11-22 17:32:11,929 log Not Found: /fruitbat/atel/1135713330251442500/css/main_bootstrap.css
django.request WARNING 2025-11-22 17:32:11,930 log Not Found: /fruitbat/atel/1135713330251442500/css/aladin.css
django.request WARNING 2025-11-22 17:32:11,931 log Not Found: /fruitbat/atel/1135713330251442500/css/fontawesome.css
django.request WARNING 2025-11-22 17:32:11,932 log Not Found: /fruitbat/atel/1135713330251442500/css/solid.css
django.request WARNING 2025-11-22 17:32:11,933 log Not Found: /fruitbat/atel/1135713330251442500/css/brands.css
django.request WARNING 2025-11-22 17:32:11,934 log Not Found: /fruitbat/atel/1135713330251442500/images/atlas_logo.png
matplotlib DEBUG 2025-11-22 17:42:16,768 __init__ matplotlib data path: /Users/kws/.local/lib/python3.11/site-packages/matplotlib/mpl-data
matplotlib DEBUG 2025-11-22 17:42:16,770 __init__ CONFIGDIR=/Users/kws/.matplotlib
matplotlib DEBUG 2025-11-22 17:42:16,771 __init__ interactive is False
matplotlib DEBUG 2025-11-22 17:42:16,771 __init__ platform is darwin
matplotlib DEBUG 2025-11-22 17:42:16,787 __init__ CACHEDIR=/Users/kws/.matplotlib
matplotlib.font_manager DEBUG 2025-11-22 17:42:16,789 font_manager Using fontManager instance from /Users/kws/.matplotlib/fontlist-v390.json
accounts.utils DEBUG 2025-11-22 17:42:48,149 utils Checking if user ken.smith needs to change password.
accounts.utils DEBUG 2025-11-22 17:42:48,152 utils User profile: ken.smith Profile
atlas.views DEBUG 2025-11-22 17:42:48,292 views User can edit observations: True
urllib3.connectionpool DEBUG 2025-11-22 17:42:48,501 connectionpool Starting new HTTPS connection (1): lasair-ztf.lsst.ac.uk:443
urllib3.connectionpool DEBUG 2025-11-22 17:42:48,663 connectionpool https://lasair-ztf.lsst.ac.uk:443 "POST /api/cone/ HTTP/1.1" 200 2
urllib3.connectionpool DEBUG 2025-11-22 17:42:48,669 connectionpool Starting new HTTP connection (1): localhost:8084
accounts.utils DEBUG 2025-11-22 17:43:45,075 utils Checking if user ken.smith needs to change password.
accounts.utils DEBUG 2025-11-22 17:43:45,079 utils User profile: ken.smith Profile
atlas.views DEBUG 2025-11-22 17:43:45,141 views User can edit observations: True
urllib3.connectionpool DEBUG 2025-11-22 17:43:45,768 connectionpool Starting new HTTPS connection (1): lasair-ztf.lsst.ac.uk:443
urllib3.connectionpool DEBUG 2025-11-22 17:43:45,871 connectionpool https://lasair-ztf.lsst.ac.uk:443 "POST /api/cone/ HTTP/1.1" 200 2
urllib3.connectionpool DEBUG 2025-11-22 17:43:45,874 connectionpool Starting new HTTP connection (1): localhost:8084
accounts.utils DEBUG 2025-11-22 17:44:09,256 utils Checking if user ken.smith needs to change password.
accounts.utils DEBUG 2025-11-22 17:44:09,265 utils User profile: ken.smith Profile
atlas.views DEBUG 2025-11-22 17:44:09,325 views User can edit observations: True
urllib3.connectionpool DEBUG 2025-11-22 17:44:10,104 connectionpool Starting new HTTPS connection (1): lasair-ztf.lsst.ac.uk:443
urllib3.connectionpool DEBUG 2025-11-22 17:44:10,216 connectionpool https://lasair-ztf.lsst.ac.uk:443 "POST /api/cone/ HTTP/1.1" 200 2
urllib3.connectionpool DEBUG 2025-11-22 17:44:10,218 connectionpool Starting new HTTP connection (1): localhost:8084
accounts.utils DEBUG 2025-11-22 17:44:31,873 utils Checking if user ken.smith needs to change password.
accounts.utils DEBUG 2025-11-22 17:44:31,878 utils User profile: ken.smith Profile
atlas.views DEBUG 2025-11-22 17:44:31,946 views User can edit observations: True
urllib3.connectionpool DEBUG 2025-11-22 17:44:32,558 connectionpool Starting new HTTPS connection (1): lasair-ztf.lsst.ac.uk:443
urllib3.connectionpool DEBUG 2025-11-22 17:44:32,662 connectionpool https://lasair-ztf.lsst.ac.uk:443 "POST /api/cone/ HTTP/1.1" 200 60
urllib3.connectionpool DEBUG 2025-11-22 17:44:32,663 connectionpool Starting new HTTP connection (1): localhost:8084
accounts.utils DEBUG 2025-11-22 17:44:48,829 utils Checking if user ken.smith needs to change password.
accounts.utils DEBUG 2025-11-22 17:44:48,833 utils User profile: ken.smith Profile
atlas.views DEBUG 2025-11-22 17:44:48,901 views User can edit observations: True
urllib3.connectionpool DEBUG 2025-11-22 17:44:49,283 connectionpool Starting new HTTPS connection (1): lasair-ztf.lsst.ac.uk:443
urllib3.connectionpool DEBUG 2025-11-22 17:44:49,388 connectionpool https://lasair-ztf.lsst.ac.uk:443 "POST /api/cone/ HTTP/1.1" 200 2
urllib3.connectionpool DEBUG 2025-11-22 17:44:49,394 connectionpool Starting new HTTP connection (1): localhost:8084
