This file contains any messages produced by compilers while
running configure, to aid debugging if configure makes a mistake.

It was created by semigroups configure GAP package, which was
generated by GNU Autoconf 2.72.  Invocation command line was

  $ ./configure --prefix=/Users/runner/sage-local --libdir=/Users/runner/sage-local/lib --disable-static --disable-maintainer-mode --disable-dependency-tracking --with-gaproot=/Users/runner/sage-local/lib/gap/ --with-external-libsemigroups

## --------- ##
## Platform. ##
## --------- ##

hostname = iad20-fj922-67ac99e3-48bd-4b5a-982e-c14eeecd0f10-3A0B3FAAFF2E.local
uname -m = arm64
uname -r = 23.6.0
uname -s = Darwin
uname -v = Darwin Kernel Version 23.6.0: Wed Nov  5 21:47:27 PST 2025; root:xnu-10063.141.1.708.2~1/RELEASE_ARM64_VMAPPLE

/usr/bin/uname -p = arm
/bin/uname -X     = unknown

/bin/arch              = unknown
/usr/bin/arch -k       = unknown
/usr/convex/getsysinfo = unknown
/usr/bin/hostinfo      = Mach kernel version:
	 Darwin Kernel Version 23.6.0: Wed Nov  5 21:47:27 PST 2025; root:xnu-10063.141.1.708.2~1/RELEASE_ARM64_VMAPPLE
Kernel configured for up to 3 processors.
3 processors are physically available.
3 processors are logically available.
Processor type: arm64e (ARM64E)
Processors active: 0 1 2
Primary memory available: 7.00 gigabytes
Default processor set: 544 tasks, 1499 threads, 3 processors
Load average: 17.34, Mach factor: 0.16
/bin/machine           = unknown
/usr/bin/oslevel       = unknown
/bin/universe          = unknown

PATH: /Users/runner/sage-local/libexec/ccache/
PATH: /Users/runner/work/passagemath/passagemath/build/bin/
PATH: /Users/runner/work/passagemath/passagemath/tools/
PATH: /Users/runner/sage-local/var/lib/sage/venv-python3.9/bin/
PATH: /Users/runner/sage-local/bin/
PATH: /Users/runner/sage-local/libexec/ccache/
PATH: /Users/runner/work/passagemath/passagemath/build/bin/
PATH: /Users/runner/work/passagemath/passagemath/tools/
PATH: /Users/runner/sage-local/bin/
PATH: /Users/runner/work/passagemath/passagemath/src/bin/
PATH: /Users/runner/sage-local/bin/
PATH: /Users/runner/work/passagemath/passagemath/build/bin/
PATH: /Users/runner/work/passagemath/passagemath/src/bin/
PATH: /Users/runner/sage-local/bin/
PATH: /opt/homebrew/opt/make/libexec/gnubin/
PATH: /opt/homebrew/opt/texinfo/bin/
PATH: /opt/homebrew/opt/bzip2/bin/
PATH: /Users/runner/work/passagemath/passagemath/prefix/bin/
PATH: /opt/homebrew/lib/ruby/gems/3.3.0/bin/
PATH: /opt/homebrew/opt/ruby@3.3/bin/
PATH: /Users/runner/.local/bin/
PATH: /opt/homebrew/bin/
PATH: /opt/homebrew/sbin/
PATH: /Users/runner/.cargo/bin/
PATH: /usr/local/opt/curl/bin/
PATH: /usr/local/bin/
PATH: /usr/local/sbin/
PATH: /Users/runner/bin/
PATH: /Users/runner/.yarn/bin/
PATH: /Users/runner/Library/Android/sdk/tools/
PATH: /Users/runner/Library/Android/sdk/platform-tools/
PATH: /Library/Frameworks/Python.framework/Versions/Current/bin/
PATH: /Library/Frameworks/Mono.framework/Versions/Current/Commands/
PATH: /usr/bin/
PATH: /bin/
PATH: /usr/sbin/
PATH: /sbin/
PATH: /Users/runner/.dotnet/tools/


## ----------- ##
## Core tests. ##
## ----------- ##

configure:2600: looking for aux files: config.guess config.sub
configure:2613:  trying ./
configure:2642:   ./config.guess found
configure:2642:   ./config.sub found
configure:2895: checking for C++ compiler version
configure:2904: g++ -std=gnu++11 -std=gnu++17 --version >&5
Apple clang version 15.0.0 (clang-1500.3.9.4)
Target: arm64-apple-darwin23.6.0
Thread model: posix
InstalledDir: /Applications/Xcode_15.4.app/Contents/Developer/Toolchains/XcodeDefault.xctoolchain/usr/bin
configure:2915: $? = 0
configure:2904: g++ -std=gnu++11 -std=gnu++17 -v >&5
Apple clang version 15.0.0 (clang-1500.3.9.4)
Target: arm64-apple-darwin23.6.0
Thread model: posix
InstalledDir: /Applications/Xcode_15.4.app/Contents/Developer/Toolchains/XcodeDefault.xctoolchain/usr/bin
configure:2915: $? = 0
configure:2904: g++ -std=gnu++11 -std=gnu++17 -V >&5
clang: error: argument to '-V' is missing (expected 1 value)
clang: error: no input files
configure:2915: $? = 1
configure:2904: g++ -std=gnu++11 -std=gnu++17 -qversion >&5
clang: error: unknown argument '-qversion'; did you mean '--version'?
clang: error: no input files
configure:2915: $? = 1
configure:2935: checking whether the C++ compiler works
configure:2957: g++ -std=gnu++11 -std=gnu++17 -g -O2  -L/Users/runner/sage-local/lib -L/Users/runner/sage-local/lib -L/Users/runner/sage-local/lib -Wl,-ld_classic -Wl,-headerpad_max_install_names  -Wl,-ld_classic conftest.cpp  >&5
configure:2961: $? = 0
configure:3012: result: yes
configure:3016: checking for C++ compiler default output file name
configure:3018: result: a.out
configure:3024: checking for suffix of executables
configure:3031: g++ -std=gnu++11 -std=gnu++17 -o conftest -g -O2  -L/Users/runner/sage-local/lib -L/Users/runner/sage-local/lib -L/Users/runner/sage-local/lib -Wl,-ld_classic -Wl,-headerpad_max_install_names  -Wl,-ld_classic conftest.cpp  >&5
configure:3035: $? = 0
configure:3059: result: 
configure:3083: checking whether we are cross compiling
configure:3091: g++ -std=gnu++11 -std=gnu++17 -o conftest -g -O2  -L/Users/runner/sage-local/lib -L/Users/runner/sage-local/lib -L/Users/runner/sage-local/lib -Wl,-ld_classic -Wl,-headerpad_max_install_names  -Wl,-ld_classic conftest.cpp  >&5
configure:3095: $? = 0
configure:3102: ./conftest
configure:3106: $? = 0
configure:3121: result: no
configure:3127: checking for suffix of object files
configure:3150: g++ -std=gnu++11 -std=gnu++17 -c -g -O2  conftest.cpp >&5
configure:3154: $? = 0
configure:3178: result: o
configure:3182: checking whether the compiler supports GNU C++
configure:3202: g++ -std=gnu++11 -std=gnu++17 -c -g -O2  conftest.cpp >&5
configure:3202: $? = 0
configure:3214: result: yes
configure:3225: checking whether g++ -std=gnu++11 -std=gnu++17 accepts -g
configure:3246: g++ -std=gnu++11 -std=gnu++17 -c -g  conftest.cpp >&5
configure:3246: $? = 0
configure:3293: result: yes
configure:3313: checking for g++ -std=gnu++11 -std=gnu++17 option to enable C++11 features
configure:3328: g++ -std=gnu++11 -std=gnu++17  -c -g -O2  conftest.cpp >&5
conftest.cpp:175:25: warning: empty parentheses interpreted as a function declaration [-Wvexing-parse]
  cxx11test::delegate d2();
                        ^~
conftest.cpp:175:25: note: remove parentheses to declare a variable
  cxx11test::delegate d2();
                        ^~
1 warning generated.
configure:3328: $? = 0
configure:3347: result: none needed
configure:3432: checking whether g++ -std=gnu++11 -std=gnu++17 supports C++14 features by default
configure:3853: g++ -std=gnu++11 -std=gnu++17 -c -g -O2  conftest.cpp >&5
configure:3853: $? = 0
configure:3863: result: yes
configure:4816: checking for GAP root directory
configure:4833: result: /Users/runner/sage-local/lib/gap
configure:4857: checking for GAP architecture
configure:4864: result: aarch64-apple-darwin23-default64-kv10
configure:4915: checking build system type
configure:4931: result: aarch64-apple-darwin23.6.0
configure:4951: checking host system type
configure:4966: result: aarch64-apple-darwin23.6.0
configure:5049: checking for gcc
configure:5082: result: gcc
configure:5441: checking for C compiler version
configure:5450: gcc --version >&5
Apple clang version 15.0.0 (clang-1500.3.9.4)
Target: arm64-apple-darwin23.6.0
Thread model: posix
InstalledDir: /Applications/Xcode_15.4.app/Contents/Developer/Toolchains/XcodeDefault.xctoolchain/usr/bin
configure:5461: $? = 0
configure:5450: gcc -v >&5
Apple clang version 15.0.0 (clang-1500.3.9.4)
Target: arm64-apple-darwin23.6.0
Thread model: posix
InstalledDir: /Applications/Xcode_15.4.app/Contents/Developer/Toolchains/XcodeDefault.xctoolchain/usr/bin
configure:5461: $? = 0
configure:5450: gcc -V >&5
clang: error: argument to '-V' is missing (expected 1 value)
clang: error: no input files
configure:5461: $? = 1
configure:5450: gcc -qversion >&5
clang: error: unknown argument '-qversion'; did you mean '--version'?
clang: error: no input files
configure:5461: $? = 1
configure:5450: gcc -version >&5
clang: error: unknown argument '-version'; did you mean '--version'?
clang: error: no input files
configure:5461: $? = 1
configure:5465: checking whether the compiler supports GNU C
configure:5485: gcc -c -g -O2  conftest.c >&5
configure:5485: $? = 0
configure:5497: result: yes
configure:5508: checking whether gcc accepts -g
configure:5529: gcc -c -g  conftest.c >&5
configure:5529: $? = 0
configure:5576: result: yes
configure:5596: checking for gcc option to enable C11 features
configure:5611: gcc  -c -g -O2  conftest.c >&5
configure:5611: $? = 0
configure:5630: result: none needed
configure:5748: checking for a sed that does not truncate output
configure:5820: result: /usr/bin/sed
configure:5831: checking how to run the C preprocessor
configure:5857: gcc -E  conftest.c
configure:5857: $? = 0
configure:5873: gcc -E  conftest.c
conftest.c:10:10: fatal error: 'ac_nonexistent.h' file not found
#include <ac_nonexistent.h>
         ^~~~~~~~~~~~~~~~~~
1 error generated.
configure:5873: $? = 1
configure: failed program was:
| /* confdefs.h */
| #define PACKAGE_NAME "semigroups"
| #define PACKAGE_TARNAME "semigroups"
| #define PACKAGE_VERSION "GAP package"
| #define PACKAGE_STRING "semigroups GAP package"
| #define PACKAGE_BUGREPORT ""
| #define PACKAGE_URL ""
| #define HAVE_CXX14 1
| /* end confdefs.h.  */
| #include <ac_nonexistent.h>
configure:5902: result: gcc -E
configure:5916: gcc -E  conftest.c
configure:5916: $? = 0
configure:5932: gcc -E  conftest.c
conftest.c:10:10: fatal error: 'ac_nonexistent.h' file not found
#include <ac_nonexistent.h>
         ^~~~~~~~~~~~~~~~~~
1 error generated.
configure:5932: $? = 1
configure: failed program was:
| /* confdefs.h */
| #define PACKAGE_NAME "semigroups"
| #define PACKAGE_TARNAME "semigroups"
| #define PACKAGE_VERSION "GAP package"
| #define PACKAGE_STRING "semigroups GAP package"
| #define PACKAGE_BUGREPORT ""
| #define PACKAGE_URL ""
| #define HAVE_CXX14 1
| /* end confdefs.h.  */
| #include <ac_nonexistent.h>
configure:5965: checking for egrep -e
configure:6095: result: /usr/bin/grep -E
configure:6265: checking whether gcc is Clang
configure:6293: result: yes
configure:6359: checking whether pthreads work with "-pthread" and "-lpthread"
configure:6471: gcc -o conftest -g -O2 -pthread  -L/Users/runner/sage-local/lib -L/Users/runner/sage-local/lib -L/Users/runner/sage-local/lib -Wl,-ld_classic -Wl,-headerpad_max_install_names  -Wl,-ld_classic conftest.c -lpthread  >&5
configure:6471: $? = 0
configure:6481: result: yes
configure:6530: checking whether Clang needs flag to prevent "argument unused" warning when linking with -pthread
configure:6557: gcc -o conftest -Werror -Wunknown-warning-option  -pthread -g -O2  -L/Users/runner/sage-local/lib -L/Users/runner/sage-local/lib -L/Users/runner/sage-local/lib -Wl,-ld_classic -Wl,-headerpad_max_install_names  -Wl,-ld_classic conftest.c  >&5
configure:6557: $? = 0
configure:6564: (gcc -c -Werror -Wunknown-warning-option  -pthread -g -O2  conftest.c >&5) && (echo ==== >&5) && (gcc -o conftest -Werror -Wunknown-warning-option  -pthread -g -O2  -L/Users/runner/sage-local/lib -L/Users/runner/sage-local/lib -L/Users/runner/sage-local/lib -Wl,-ld_classic -Wl,-headerpad_max_install_names  -Wl,-ld_classic conftest.o  >&5)
====
configure:6564: $? = 0
configure:6585: result: no
configure:6605: checking for joinable pthread attribute
configure:6624: gcc -o conftest -g -O2 -pthread  -L/Users/runner/sage-local/lib -L/Users/runner/sage-local/lib -L/Users/runner/sage-local/lib -Wl,-ld_classic -Wl,-headerpad_max_install_names  -Wl,-ld_classic conftest.c -lpthread  >&5
configure:6624: $? = 0
configure:6634: result: PTHREAD_CREATE_JOINABLE
configure:6647: checking whether more special flags are required for pthreads
configure:6662: result: no
configure:6671: checking for PTHREAD_PRIO_INHERIT
configure:6689: gcc -o conftest -g -O2 -pthread  -L/Users/runner/sage-local/lib -L/Users/runner/sage-local/lib -L/Users/runner/sage-local/lib -Wl,-ld_classic -Wl,-headerpad_max_install_names  -Wl,-ld_classic conftest.c -lpthread  >&5
configure:6689: $? = 0
configure:6701: result: yes
configure:6878: checking for pthread_create in -lpthread
configure:6900: g++ -std=gnu++11 -std=gnu++17 -o conftest -g -O2  -L/Users/runner/sage-local/lib -L/Users/runner/sage-local/lib -L/Users/runner/sage-local/lib -Wl,-ld_classic -Wl,-headerpad_max_install_names  -Wl,-ld_classic conftest.cpp -lpthread   >&5
configure:6900: $? = 0
configure:6912: result: yes
configure:6989: checking for pkg-config
configure:7012: found /opt/homebrew/bin/pkg-config
configure:7025: result: /opt/homebrew/bin/pkg-config
configure:7050: checking pkg-config is at least version 0.9.0
configure:7053: result: yes
configure:7068: checking for gawk
configure:7104: result: no
configure:7068: checking for mawk
configure:7104: result: no
configure:7068: checking for nawk
configure:7104: result: no
configure:7068: checking for awk
configure:7089: found /usr/bin/awk
configure:7101: result: awk
configure:7128: checking for libsemigroups >= 2.7.4
configure:7135: $PKG_CONFIG --exists --print-errors "libsemigroups >= $REQUI_LIBSEMIGROUPS_VERSION"
configure:7138: $? = 0
configure:7152: $PKG_CONFIG --exists --print-errors "libsemigroups >= $REQUI_LIBSEMIGROUPS_VERSION"
configure:7155: $? = 0
configure:7193: result: yes
configure:7282: using external libsemigroups 2.7.4
configure:7289: $PKG_CONFIG --exists --print-errors "libsemigroups"
configure:7292: $? = 0
configure:7333: checking whether to enable debug mode
configure:7335: result: no
configure:7345: checking for stdio.h
configure:7345: g++ -std=gnu++11 -std=gnu++17 -c -g -O2  conftest.cpp >&5
configure:7345: $? = 0
configure:7345: result: yes
configure:7345: checking for stdlib.h
configure:7345: g++ -std=gnu++11 -std=gnu++17 -c -g -O2  conftest.cpp >&5
configure:7345: $? = 0
configure:7345: result: yes
configure:7345: checking for string.h
configure:7345: g++ -std=gnu++11 -std=gnu++17 -c -g -O2  conftest.cpp >&5
configure:7345: $? = 0
configure:7345: result: yes
configure:7345: checking for inttypes.h
configure:7345: g++ -std=gnu++11 -std=gnu++17 -c -g -O2  conftest.cpp >&5
configure:7345: $? = 0
configure:7345: result: yes
configure:7345: checking for stdint.h
configure:7345: g++ -std=gnu++11 -std=gnu++17 -c -g -O2  conftest.cpp >&5
configure:7345: $? = 0
configure:7345: result: yes
configure:7345: checking for strings.h
configure:7345: g++ -std=gnu++11 -std=gnu++17 -c -g -O2  conftest.cpp >&5
configure:7345: $? = 0
configure:7345: result: yes
configure:7345: checking for sys/stat.h
configure:7345: g++ -std=gnu++11 -std=gnu++17 -c -g -O2  conftest.cpp >&5
configure:7345: $? = 0
configure:7345: result: yes
configure:7345: checking for sys/types.h
configure:7345: g++ -std=gnu++11 -std=gnu++17 -c -g -O2  conftest.cpp >&5
configure:7345: $? = 0
configure:7345: result: yes
configure:7345: checking for unistd.h
configure:7345: g++ -std=gnu++11 -std=gnu++17 -c -g -O2  conftest.cpp >&5
configure:7345: $? = 0
configure:7345: result: yes
configure:7382: checking whether to enable HPCombi
configure:7384: result: yes
configure:7402: checking the required version of HPCombi
configure:7405: result: 0.0.6
configure:7411: checking the version of HPCombi that's present
configure:7414: result: 0.0.6
configure:7462: checking whether C++ compiler accepts -mavx
configure:7482: g++ -std=gnu++11 -std=gnu++17 -c -g -O2  -mavx  conftest.cpp >&5
clang: warning: argument unused during compilation: '-mavx' [-Wunused-command-line-argument]
configure:7482: $? = 0
configure:7493: result: yes
configure:7522: : HPCOMBI_CXXFLAGS="$HPCOMBI_CXXFLAGS"
configure:7525: $? = 0
configure:7542: checking whether C++ compiler accepts -flax-vector-conversions
configure:7562: g++ -std=gnu++11 -std=gnu++17 -c -g -O2  -flax-vector-conversions  conftest.cpp >&5
configure:7562: $? = 0
configure:7573: result: yes
configure:7591: : HPCOMBI_CXXFLAGS="$HPCOMBI_CXXFLAGS"
configure:7594: $? = 0
configure:7624: checking for x86intrin.h
configure:7624: g++ -std=gnu++11 -std=gnu++17 -c -g -O2  conftest.cpp >&5
In file included from conftest.cpp:51:
In file included from /Applications/Xcode_15.4.app/Contents/Developer/Toolchains/XcodeDefault.xctoolchain/usr/lib/clang/15.0.0/include/x86intrin.h:13:
/Applications/Xcode_15.4.app/Contents/Developer/Toolchains/XcodeDefault.xctoolchain/usr/lib/clang/15.0.0/include/ia32intrin.h:200:10: error: use of undeclared identifier '__builtin_ia32_readeflags_u32'
  return __builtin_ia32_readeflags_u32();
         ^
/Applications/Xcode_15.4.app/Contents/Developer/Toolchains/XcodeDefault.xctoolchain/usr/lib/clang/15.0.0/include/ia32intrin.h:206:3: error: use of undeclared identifier '__builtin_ia32_writeeflags_u32'
  __builtin_ia32_writeeflags_u32(__f);
  ^
/Applications/Xcode_15.4.app/Contents/Developer/Toolchains/XcodeDefault.xctoolchain/usr/lib/clang/15.0.0/include/ia32intrin.h:288:10: error: use of undeclared identifier '__builtin_ia32_crc32qi'
  return __builtin_ia32_crc32qi(__C, __D);
         ^
/Applications/Xcode_15.4.app/Contents/Developer/Toolchains/XcodeDefault.xctoolchain/usr/lib/clang/15.0.0/include/ia32intrin.h:309:10: error: use of undeclared identifier '__builtin_ia32_crc32hi'; did you mean '__builtin_arm_crc32h'?
  return __builtin_ia32_crc32hi(__C, __D);
         ^
/Applications/Xcode_15.4.app/Contents/Developer/Toolchains/XcodeDefault.xctoolchain/usr/lib/clang/15.0.0/include/ia32intrin.h:309:10: note: '__builtin_arm_crc32h' declared here
/Applications/Xcode_15.4.app/Contents/Developer/Toolchains/XcodeDefault.xctoolchain/usr/lib/clang/15.0.0/include/ia32intrin.h:330:10: error: use of undeclared identifier '__builtin_ia32_crc32si'
  return __builtin_ia32_crc32si(__C, __D);
         ^
/Applications/Xcode_15.4.app/Contents/Developer/Toolchains/XcodeDefault.xctoolchain/usr/lib/clang/15.0.0/include/ia32intrin.h:358:10: error: use of undeclared identifier '__builtin_ia32_rdpmc'; did you mean '__builtin_arm_dmb'?
  return __builtin_ia32_rdpmc(__A);
         ^
/Applications/Xcode_15.4.app/Contents/Developer/Toolchains/XcodeDefault.xctoolchain/usr/lib/clang/15.0.0/include/ia32intrin.h:358:10: note: '__builtin_arm_dmb' declared here
/Applications/Xcode_15.4.app/Contents/Developer/Toolchains/XcodeDefault.xctoolchain/usr/lib/clang/15.0.0/include/ia32intrin.h:358:10: error: argument to '__builtin_arm_dmb' must be a constant integer
  return __builtin_ia32_rdpmc(__A);
         ^                    ~~~
/Applications/Xcode_15.4.app/Contents/Developer/Toolchains/XcodeDefault.xctoolchain/usr/lib/clang/15.0.0/include/ia32intrin.h:364:10: error: use of undeclared identifier '__builtin_ia32_rdtscp'; did you mean '__builtin_arm_rsrp'?
  return __builtin_ia32_rdtscp(__A);
         ^
/Applications/Xcode_15.4.app/Contents/Developer/Toolchains/XcodeDefault.xctoolchain/usr/lib/clang/15.0.0/include/ia32intrin.h:364:10: note: '__builtin_arm_rsrp' declared here
/Applications/Xcode_15.4.app/Contents/Developer/Toolchains/XcodeDefault.xctoolchain/usr/lib/clang/15.0.0/include/ia32intrin.h:364:32: error: cannot initialize a parameter of type 'const char *' with an lvalue of type 'unsigned int *'
  return __builtin_ia32_rdtscp(__A);
                               ^~~
/Applications/Xcode_15.4.app/Contents/Developer/Toolchains/XcodeDefault.xctoolchain/usr/lib/clang/15.0.0/include/ia32intrin.h:373:3: error: use of undeclared identifier '__builtin_ia32_wbinvd'
  __builtin_ia32_wbinvd();
  ^
In file included from conftest.cpp:51:
In file included from /Applications/Xcode_15.4.app/Contents/Developer/Toolchains/XcodeDefault.xctoolchain/usr/lib/clang/15.0.0/include/x86intrin.h:15:
/Applications/Xcode_15.4.app/Contents/Developer/Toolchains/XcodeDefault.xctoolchain/usr/lib/clang/15.0.0/include/immintrin.h:14:2: error: "This header is only meant to be used on x86 and x64 architecture"
#error "This header is only meant to be used on x86 and x64 architecture"
 ^
In file included from conftest.cpp:51:
In file included from /Applications/Xcode_15.4.app/Contents/Developer/Toolchains/XcodeDefault.xctoolchain/usr/lib/clang/15.0.0/include/x86intrin.h:15:
In file included from /Applications/Xcode_15.4.app/Contents/Developer/Toolchains/XcodeDefault.xctoolchain/usr/lib/clang/15.0.0/include/immintrin.h:17:
In file included from /Applications/Xcode_15.4.app/Contents/Developer/Toolchains/XcodeDefault.xctoolchain/usr/lib/clang/15.0.0/include/x86gprintrin.h:15:
/Applications/Xcode_15.4.app/Contents/Developer/Toolchains/XcodeDefault.xctoolchain/usr/lib/clang/15.0.0/include/hresetintrin.h:42:27: error: invalid input constraint 'a' in asm
  __asm__ ("hreset $0" :: "a"(__eax));
                          ^
In file included from conftest.cpp:51:
In file included from /Applications/Xcode_15.4.app/Contents/Developer/Toolchains/XcodeDefault.xctoolchain/usr/lib/clang/15.0.0/include/x86intrin.h:15:
In file included from /Applications/Xcode_15.4.app/Contents/Developer/Toolchains/XcodeDefault.xctoolchain/usr/lib/clang/15.0.0/include/immintrin.h:17:
In file included from /Applications/Xcode_15.4.app/Contents/Developer/Toolchains/XcodeDefault.xctoolchain/usr/lib/clang/15.0.0/include/x86gprintrin.h:25:
/Applications/Xcode_15.4.app/Contents/Developer/Toolchains/XcodeDefault.xctoolchain/usr/lib/clang/15.0.0/include/crc32intrin.h:33:10: error: use of undeclared identifier '__builtin_ia32_crc32qi'
  return __builtin_ia32_crc32qi(__C, __D);
         ^
/Applications/Xcode_15.4.app/Contents/Developer/Toolchains/XcodeDefault.xctoolchain/usr/lib/clang/15.0.0/include/crc32intrin.h:53:10: error: use of undeclared identifier '__builtin_ia32_crc32hi'; did you mean '__builtin_arm_crc32h'?
  return __builtin_ia32_crc32hi(__C, __D);
         ^
/Applications/Xcode_15.4.app/Contents/Developer/Toolchains/XcodeDefault.xctoolchain/usr/lib/clang/15.0.0/include/ia32intrin.h:309:10: note: '__builtin_arm_crc32h' declared here
  return __builtin_ia32_crc32hi(__C, __D);
         ^
In file included from conftest.cpp:51:
In file included from /Applications/Xcode_15.4.app/Contents/Developer/Toolchains/XcodeDefault.xctoolchain/usr/lib/clang/15.0.0/include/x86intrin.h:15:
In file included from /Applications/Xcode_15.4.app/Contents/Developer/Toolchains/XcodeDefault.xctoolchain/usr/lib/clang/15.0.0/include/immintrin.h:17:
In file included from /Applications/Xcode_15.4.app/Contents/Developer/Toolchains/XcodeDefault.xctoolchain/usr/lib/clang/15.0.0/include/x86gprintrin.h:25:
/Applications/Xcode_15.4.app/Contents/Developer/Toolchains/XcodeDefault.xctoolchain/usr/lib/clang/15.0.0/include/crc32intrin.h:73:10: error: use of undeclared identifier '__builtin_ia32_crc32si'
  return __builtin_ia32_crc32si(__C, __D);
         ^
In file included from conftest.cpp:51:
In file included from /Applications/Xcode_15.4.app/Contents/Developer/Toolchains/XcodeDefault.xctoolchain/usr/lib/clang/15.0.0/include/x86intrin.h:15:
In file included from /Applications/Xcode_15.4.app/Contents/Developer/Toolchains/XcodeDefault.xctoolchain/usr/lib/clang/15.0.0/include/immintrin.h:21:
/Applications/Xcode_15.4.app/Contents/Developer/Toolchains/XcodeDefault.xctoolchain/usr/lib/clang/15.0.0/include/mmintrin.h:14:2: error: "This header is only meant to be used on x86 and x64 architecture"
#error "This header is only meant to be used on x86 and x64 architecture"
 ^
/Applications/Xcode_15.4.app/Contents/Developer/Toolchains/XcodeDefault.xctoolchain/usr/lib/clang/15.0.0/include/mmintrin.h:37:5: error: use of undeclared identifier '__builtin_ia32_emms'; did you mean '__builtin_isless'?
    __builtin_ia32_emms();
    ^
/Applications/Xcode_15.4.app/Contents/Developer/Toolchains/XcodeDefault.xctoolchain/usr/lib/clang/15.0.0/include/mmintrin.h:37:5: note: '__builtin_isless' declared here
/Applications/Xcode_15.4.app/Contents/Developer/Toolchains/XcodeDefault.xctoolchain/usr/lib/clang/15.0.0/include/mmintrin.h:37:25: error: too few arguments to function call, expected 2, have 0
    __builtin_ia32_emms();
    ~~~~~~~~~~~~~~~~~~~~^
/Applications/Xcode_15.4.app/Contents/Developer/Toolchains/XcodeDefault.xctoolchain/usr/lib/clang/15.0.0/include/mmintrin.h:54:19: error: use of undeclared identifier '__builtin_ia32_vec_init_v2si'
    return (__m64)__builtin_ia32_vec_init_v2si(__i, 0);
                  ^
fatal error: too many errors emitted, stopping now [-ferror-limit=]
20 errors generated.
configure:7624: $? = 1
configure: failed program was:
| /* confdefs.h */
| #define PACKAGE_NAME "semigroups"
| #define PACKAGE_TARNAME "semigroups"
| #define PACKAGE_VERSION "GAP package"
| #define PACKAGE_STRING "semigroups GAP package"
| #define PACKAGE_BUGREPORT ""
| #define PACKAGE_URL ""
| #define HAVE_CXX14 1
| #define HAVE_PTHREAD_PRIO_INHERIT 1
| #define HAVE_PTHREAD 1
| #define HAVE_LIBPTHREAD 1
| #define HAVE_STDIO_H 1
| #define HAVE_STDLIB_H 1
| #define HAVE_STRING_H 1
| #define HAVE_INTTYPES_H 1
| #define HAVE_STDINT_H 1
| #define HAVE_STRINGS_H 1
| #define HAVE_SYS_STAT_H 1
| #define HAVE_SYS_TYPES_H 1
| #define HAVE_UNISTD_H 1
| #define STDC_HEADERS 1
| /* end confdefs.h.  */
| #include <stddef.h>
| #ifdef HAVE_STDIO_H
| # include <stdio.h>
| #endif
| #ifdef HAVE_STDLIB_H
| # include <stdlib.h>
| #endif
| #ifdef HAVE_STRING_H
| # include <string.h>
| #endif
| #ifdef HAVE_INTTYPES_H
| # include <inttypes.h>
| #endif
| #ifdef HAVE_STDINT_H
| # include <stdint.h>
| #endif
| #ifdef HAVE_STRINGS_H
| # include <strings.h>
| #endif
| #ifdef HAVE_SYS_TYPES_H
| # include <sys/types.h>
| #endif
| #ifdef HAVE_SYS_STAT_H
| # include <sys/stat.h>
| #endif
| #ifdef HAVE_UNISTD_H
| # include <unistd.h>
| #endif
| #include <x86intrin.h>
configure:7624: result: no
configure:7630: WARNING: header x86intrin.h is required for HPCombi, HPCombi is disabled
configure:8336: creating ./config.status

## ---------------------- ##
## Running config.status. ##
## ---------------------- ##

This file was extended by semigroups config.status GAP package, which was
generated by GNU Autoconf 2.72.  Invocation command line was

  CONFIG_FILES    = 
  CONFIG_HEADERS  = 
  CONFIG_LINKS    = 
  CONFIG_COMMANDS = 
  $ ./config.status 

on iad20-fj922-67ac99e3-48bd-4b5a-982e-c14eeecd0f10-3A0B3FAAFF2E.local

config.status:847: creating GNUmakefile
config.status:847: creating gen/pkgconfig.h
config.status:1031: executing src/semigroups-config.hpp commands
config.status:1069: creating src/semigroups-config.hpp - prefix SEMIGROUPS for gen/pkgconfig.h defines

## ---------------- ##
## Cache variables. ##
## ---------------- ##

ac_cv_build=aarch64-apple-darwin23.6.0
ac_cv_c_compiler_gnu=yes
ac_cv_cxx_compiler_gnu=yes
ac_cv_env_CCC_set=
ac_cv_env_CCC_value=
ac_cv_env_CC_set=set
ac_cv_env_CC_value=gcc
ac_cv_env_CFLAGS_set=set
ac_cv_env_CFLAGS_value='-g -O2'
ac_cv_env_CPPFLAGS_set=
ac_cv_env_CPPFLAGS_value=
ac_cv_env_CPP_set=
ac_cv_env_CPP_value=
ac_cv_env_CXXFLAGS_set=set
ac_cv_env_CXXFLAGS_value='-g -O2'
ac_cv_env_CXX_set=set
ac_cv_env_CXX_value='g++ -std=gnu++11 -std=gnu++17'
ac_cv_env_LDFLAGS_set=set
ac_cv_env_LDFLAGS_value='-L/Users/runner/sage-local/lib -L/Users/runner/sage-local/lib -L/Users/runner/sage-local/lib -Wl,-ld_classic -Wl,-headerpad_max_install_names  -Wl,-ld_classic'
ac_cv_env_LIBSEMIGROUPS_CFLAGS_set=
ac_cv_env_LIBSEMIGROUPS_CFLAGS_value=
ac_cv_env_LIBSEMIGROUPS_LIBS_set=
ac_cv_env_LIBSEMIGROUPS_LIBS_value=
ac_cv_env_LIBSEMIGROUPS_RPATH_set=
ac_cv_env_LIBSEMIGROUPS_RPATH_value=
ac_cv_env_LIBS_set=
ac_cv_env_LIBS_value=
ac_cv_env_PKG_CONFIG_LIBDIR_set=
ac_cv_env_PKG_CONFIG_LIBDIR_value=
ac_cv_env_PKG_CONFIG_PATH_set=set
ac_cv_env_PKG_CONFIG_PATH_value=/Users/runner/sage-local/lib/pkgconfig:/Users/runner/sage-local/lib/pkgconfig:/opt/homebrew/opt/sqlite/lib/pkgconfig:/opt/homebrew/opt/readline/lib/pkgconfig:/opt/homebrew/opt/openssl/lib/pkgconfig:/opt/homebrew/lib/pkgconfig:/Users/runner/work/passagemath/passagemath/prefix/lib/pkgconfig:
ac_cv_env_PKG_CONFIG_set=
ac_cv_env_PKG_CONFIG_value=
ac_cv_env_build_alias_set=
ac_cv_env_build_alias_value=
ac_cv_env_host_alias_set=
ac_cv_env_host_alias_value=
ac_cv_env_target_alias_set=
ac_cv_env_target_alias_value=
ac_cv_header_inttypes_h=yes
ac_cv_header_stdint_h=yes
ac_cv_header_stdio_h=yes
ac_cv_header_stdlib_h=yes
ac_cv_header_string_h=yes
ac_cv_header_strings_h=yes
ac_cv_header_sys_stat_h=yes
ac_cv_header_sys_types_h=yes
ac_cv_header_unistd_h=yes
ac_cv_header_x86intrin_h=no
ac_cv_host=aarch64-apple-darwin23.6.0
ac_cv_lib_pthread_pthread_create=yes
ac_cv_objext=o
ac_cv_path_EGREP_TRADITIONAL='/usr/bin/grep -E'
ac_cv_path_SED=/usr/bin/sed
ac_cv_path_ac_pt_PKG_CONFIG=/opt/homebrew/bin/pkg-config
ac_cv_prog_AWK=awk
ac_cv_prog_CPP='gcc -E'
ac_cv_prog_ac_ct_CC=gcc
ac_cv_prog_cc_c11=
ac_cv_prog_cc_g=yes
ac_cv_prog_cc_stdc=
ac_cv_prog_cxx_cxx11=
ac_cv_prog_cxx_g=yes
ac_cv_prog_cxx_stdcxx=
ax_cv_PTHREAD_CLANG=yes
ax_cv_PTHREAD_CLANG_NO_WARN_FLAG=no
ax_cv_PTHREAD_JOINABLE_ATTR=PTHREAD_CREATE_JOINABLE
ax_cv_PTHREAD_PRIO_INHERIT=yes
ax_cv_PTHREAD_SPECIAL_FLAGS=no
ax_cv_check_cxxflags___flax_vector_conversions=yes
ax_cv_check_cxxflags___mavx=yes
ax_cv_cxx_compile_cxx14=yes
pkg_cv_LIBSEMIGROUPS_CFLAGS=
pkg_cv_LIBSEMIGROUPS_LIBS=-lsemigroups
pkg_cv_LIBSEMIGROUPS_RPATH=/Users/runner/sage-local/lib

## ----------------- ##
## Output variables. ##
## ----------------- ##

AWK='awk'
CC='gcc'
CFLAGS='-g -O2'
CPP='gcc -E'
CPPFLAGS=''
CXX='g++ -std=gnu++11 -std=gnu++17'
CXXFLAGS='-g -O2'
DEFS='-DHAVE_CONFIG_H'
ECHO_C='\c'
ECHO_N=''
ECHO_T=''
EXEEXT=''
GAPARCH='aarch64-apple-darwin23-default64-kv10'
GAPROOT='/Users/runner/sage-local/lib/gap'
GAP_CFLAGS=' -pthread -g -O2'
GAP_CPPFLAGS='-I/Users/runner/sage-local/include/gap/extra -DUSE_GASMAN=1'
GAP_LDFLAGS=''
HAVE_CXX14='1'
HPCOMBI_CONSTEXPR_FUN_ARGS=''
HPCOMBI_CXXFLAGS='-mavx -flax-vector-conversions'
KERNEL_DEBUG='no'
LDFLAGS='-L/Users/runner/sage-local/lib -L/Users/runner/sage-local/lib -L/Users/runner/sage-local/lib -Wl,-ld_classic -Wl,-headerpad_max_install_names  -Wl,-ld_classic'
LIBOBJS=''
LIBS='-lpthread '
LIBSEMIGROUPS_CFLAGS=''
LIBSEMIGROUPS_HPCOMBI_ENABLED=''
LIBSEMIGROUPS_LIBS='-lsemigroups'
LIBSEMIGROUPS_RPATH='-Wl,-rpath,/Users/runner/sage-local/lib'
LTLIBOBJS=''
OBJEXT='o'
PACKAGE_BUGREPORT=''
PACKAGE_NAME='semigroups'
PACKAGE_STRING='semigroups GAP package'
PACKAGE_TARNAME='semigroups'
PACKAGE_URL=''
PACKAGE_VERSION='GAP package'
PATH_SEPARATOR=':'
PKG_CONFIG='/opt/homebrew/bin/pkg-config'
PKG_CONFIG_LIBDIR=''
PKG_CONFIG_PATH='/Users/runner/sage-local/lib/pkgconfig:/Users/runner/sage-local/lib/pkgconfig:/opt/homebrew/opt/sqlite/lib/pkgconfig:/opt/homebrew/opt/readline/lib/pkgconfig:/opt/homebrew/opt/openssl/lib/pkgconfig:/opt/homebrew/lib/pkgconfig:/Users/runner/work/passagemath/passagemath/prefix/lib/pkgconfig:'
PTHREAD_CC='gcc'
PTHREAD_CFLAGS='-pthread'
PTHREAD_CXX='g++ -std=gnu++11 -std=gnu++17'
PTHREAD_LIBS='-lpthread'
SED='/usr/bin/sed'
SHELL='/bin/bash'
SYS_IS_CYGWIN=''
WITH_INCLUDED_LIBSEMIGROUPS=''
ac_ct_CC='gcc'
ac_ct_CXX=''
ax_pthread_config=''
bindir='${exec_prefix}/bin'
build='aarch64-apple-darwin23.6.0'
build_alias=''
build_cpu='aarch64'
build_os='darwin23.6.0'
build_vendor='apple'
datadir='${datarootdir}'
datarootdir='${prefix}/share'
docdir='${datarootdir}/doc/${PACKAGE_TARNAME}'
dvidir='${docdir}'
exec_prefix='${prefix}'
host='aarch64-apple-darwin23.6.0'
host_alias=''
host_cpu='aarch64'
host_os='darwin23.6.0'
host_vendor='apple'
htmldir='${docdir}'
includedir='${prefix}/include'
infodir='${datarootdir}/info'
libdir='/Users/runner/sage-local/lib'
libexecdir='${exec_prefix}/libexec'
localedir='${datarootdir}/locale'
localstatedir='${prefix}/var'
mandir='${datarootdir}/man'
oldincludedir='/usr/include'
pdfdir='${docdir}'
prefix='/Users/runner/sage-local'
program_transform_name='s,x,x,'
psdir='${docdir}'
runstatedir='${localstatedir}/run'
sbindir='${exec_prefix}/sbin'
sharedstatedir='${prefix}/com'
subdirs=''
sysconfdir='${prefix}/etc'
target_alias=''

## ----------- ##
## confdefs.h. ##
## ----------- ##

/* confdefs.h */
#define PACKAGE_NAME "semigroups"
#define PACKAGE_TARNAME "semigroups"
#define PACKAGE_VERSION "GAP package"
#define PACKAGE_STRING "semigroups GAP package"
#define PACKAGE_BUGREPORT ""
#define PACKAGE_URL ""
#define HAVE_CXX14 1
#define HAVE_PTHREAD_PRIO_INHERIT 1
#define HAVE_PTHREAD 1
#define HAVE_LIBPTHREAD 1
#define HAVE_STDIO_H 1
#define HAVE_STDLIB_H 1
#define HAVE_STRING_H 1
#define HAVE_INTTYPES_H 1
#define HAVE_STDINT_H 1
#define HAVE_STRINGS_H 1
#define HAVE_SYS_STAT_H 1
#define HAVE_SYS_TYPES_H 1
#define HAVE_UNISTD_H 1
#define STDC_HEADERS 1

configure: exit 0

## ---------------------- ##
## Running config.status. ##
## ---------------------- ##

This file was extended by semigroups config.status GAP package, which was
generated by GNU Autoconf 2.72.  Invocation command line was

  CONFIG_FILES    = 
  CONFIG_HEADERS  = 
  CONFIG_LINKS    = 
  CONFIG_COMMANDS = 
  $ ./config.status gen/pkgconfig.h

on iad20-fj922-67ac99e3-48bd-4b5a-982e-c14eeecd0f10-3A0B3FAAFF2E.local

config.status:847: creating gen/pkgconfig.h
config.status:1017: gen/pkgconfig.h is unchanged
