This file contains any messages produced by compilers while
running configure, to aid debugging if configure makes a mistake.

It was created by semigroups configure GAP package, which was
generated by GNU Autoconf 2.72.  Invocation command line was

  $ ./configure --prefix=/host/sage-musllinux_1_2_x86_64 --libdir=/host/sage-musllinux_1_2_x86_64/lib --disable-static --disable-maintainer-mode --disable-dependency-tracking --with-gaproot=/host/sage-musllinux_1_2_x86_64/lib/gap/ --with-external-libsemigroups

## --------- ##
## Platform. ##
## --------- ##

hostname = 59e2497ae63d
uname -m = x86_64
uname -r = 6.11.0-1018-azure
uname -s = Linux
uname -v = #18~24.04.1-Ubuntu SMP Sat Jun 28 04:46:03 UTC 2025

/usr/bin/uname -p = unknown
/bin/uname -X     = unknown

/bin/arch              = x86_64
/usr/bin/arch -k       = unknown
/usr/convex/getsysinfo = unknown
/usr/bin/hostinfo      = unknown
/bin/machine           = unknown
/usr/bin/oslevel       = unknown
/bin/universe          = unknown

PATH: /host/sage-musllinux_1_2_x86_64/libexec/ccache/
PATH: /project/build/bin/
PATH: /project/tools/
PATH: /host/sage-musllinux_1_2_x86_64/var/lib/sage/venv-python3.9/bin/
PATH: /host/sage-musllinux_1_2_x86_64/bin/
PATH: /host/sage-musllinux_1_2_x86_64/libexec/ccache/
PATH: /project/build/bin/
PATH: /project/tools/
PATH: /host/sage-musllinux_1_2_x86_64/bin/
PATH: /project/src/bin/
PATH: /host/sage-musllinux_1_2_x86_64/bin/
PATH: /project/build/bin/
PATH: /project/src/bin/
PATH: /host/sage-musllinux_1_2_x86_64/bin/
PATH: /project/prefix/bin/
PATH: /opt/python/cp39-cp39/bin/
PATH: /usr/local/sbin/
PATH: /usr/local/bin/
PATH: /usr/sbin/
PATH: /usr/bin/
PATH: /sbin/
PATH: /bin/


## ----------- ##
## Core tests. ##
## ----------- ##

configure:2600: looking for aux files: config.guess config.sub
configure:2613:  trying ./
configure:2642:   ./config.guess found
configure:2642:   ./config.sub found
configure:2895: checking for C++ compiler version
configure:2904: g++ --version >&5
g++ (Alpine 14.2.0) 14.2.0
Copyright (C) 2024 Free Software Foundation, Inc.
This is free software; see the source for copying conditions.  There is NO
warranty; not even for MERCHANTABILITY or FITNESS FOR A PARTICULAR PURPOSE.

configure:2915: $? = 0
configure:2904: g++ -v >&5
Using built-in specs.
COLLECT_GCC=/usr/bin/g++
COLLECT_LTO_WRAPPER=/usr/libexec/gcc/x86_64-alpine-linux-musl/14.2.0/lto-wrapper
Target: x86_64-alpine-linux-musl
Configured with: /home/buildozer/aports/main/gcc/src/gcc-14.2.0/configure --prefix=/usr --mandir=/usr/share/man --infodir=/usr/share/info --build=x86_64-alpine-linux-musl --host=x86_64-alpine-linux-musl --target=x86_64-alpine-linux-musl --enable-checking=release --disable-cet --disable-fixed-point --disable-libstdcxx-pch --disable-multilib --disable-nls --disable-werror --disable-symvers --enable-__cxa_atexit --enable-default-pie --enable-default-ssp --enable-languages=c,c++,d,objc,go,fortran,ada --enable-link-serialization=2 --enable-linker-build-id --disable-libssp --disable-libsanitizer --enable-shared --enable-threads --enable-tls --with-bugurl=https://gitlab.alpinelinux.org/alpine/aports/-/issues --with-system-zlib --with-linker-hash-style=gnu --with-pkgversion='Alpine 14.2.0'
Thread model: posix
Supported LTO compression algorithms: zlib
gcc version 14.2.0 (Alpine 14.2.0) 
configure:2915: $? = 0
configure:2904: g++ -V >&5
g++: error: unrecognized command-line option '-V'
g++: fatal error: no input files
compilation terminated.
configure:2915: $? = 1
configure:2904: g++ -qversion >&5
g++: error: unrecognized command-line option '-qversion'; did you mean '--version'?
g++: fatal error: no input files
compilation terminated.
configure:2915: $? = 1
configure:2935: checking whether the C++ compiler works
configure:2957: g++ -g -O2  -Wl,-rpath-link,/host/sage-musllinux_1_2_x86_64/lib -L/host/sage-musllinux_1_2_x86_64/lib -Wl,-rpath,/host/sage-musllinux_1_2_x86_64/lib -L/host/sage-musllinux_1_2_x86_64/lib -Wl,-rpath-link,/host/sage-musllinux_1_2_x86_64/lib -L/host/sage-musllinux_1_2_x86_64/lib -Wl,-rpath,/host/sage-musllinux_1_2_x86_64/lib  conftest.cpp  >&5
configure:2961: $? = 0
configure:3012: result: yes
configure:3016: checking for C++ compiler default output file name
configure:3018: result: a.out
configure:3024: checking for suffix of executables
configure:3031: g++ -o conftest -g -O2  -Wl,-rpath-link,/host/sage-musllinux_1_2_x86_64/lib -L/host/sage-musllinux_1_2_x86_64/lib -Wl,-rpath,/host/sage-musllinux_1_2_x86_64/lib -L/host/sage-musllinux_1_2_x86_64/lib -Wl,-rpath-link,/host/sage-musllinux_1_2_x86_64/lib -L/host/sage-musllinux_1_2_x86_64/lib -Wl,-rpath,/host/sage-musllinux_1_2_x86_64/lib  conftest.cpp  >&5
configure:3035: $? = 0
configure:3059: result: 
configure:3083: checking whether we are cross compiling
configure:3091: g++ -o conftest -g -O2  -Wl,-rpath-link,/host/sage-musllinux_1_2_x86_64/lib -L/host/sage-musllinux_1_2_x86_64/lib -Wl,-rpath,/host/sage-musllinux_1_2_x86_64/lib -L/host/sage-musllinux_1_2_x86_64/lib -Wl,-rpath-link,/host/sage-musllinux_1_2_x86_64/lib -L/host/sage-musllinux_1_2_x86_64/lib -Wl,-rpath,/host/sage-musllinux_1_2_x86_64/lib  conftest.cpp  >&5
configure:3095: $? = 0
configure:3102: ./conftest
configure:3106: $? = 0
configure:3121: result: no
configure:3127: checking for suffix of object files
configure:3150: g++ -c -g -O2  conftest.cpp >&5
configure:3154: $? = 0
configure:3178: result: o
configure:3182: checking whether the compiler supports GNU C++
configure:3202: g++ -c -g -O2  conftest.cpp >&5
configure:3202: $? = 0
configure:3214: result: yes
configure:3225: checking whether g++ accepts -g
configure:3246: g++ -c -g  conftest.cpp >&5
configure:3246: $? = 0
configure:3293: result: yes
configure:3313: checking for g++ option to enable C++11 features
configure:3328: g++  -c -g -O2  conftest.cpp >&5
conftest.cpp: In function 'int main(int, char**)':
conftest.cpp:175:25: warning: empty parentheses were disambiguated as a function declaration [-Wvexing-parse]
  175 |   cxx11test::delegate d2();
      |                         ^~
conftest.cpp:175:25: note: remove parentheses to default-initialize a variable
  175 |   cxx11test::delegate d2();
      |                         ^~
      |                         --
conftest.cpp:175:25: note: or replace parentheses with braces to value-initialize a variable
configure:3328: $? = 0
configure:3347: result: none needed
configure:3432: checking whether g++ supports C++14 features by default
configure:3853: g++ -c -g -O2  conftest.cpp >&5
configure:3853: $? = 0
configure:3863: result: yes
configure:4816: checking for GAP root directory
configure:4833: result: /host/sage-musllinux_1_2_x86_64/lib/gap
configure:4857: checking for GAP architecture
configure:4864: result: x86_64-pc-linux-musl-default64-kv10
configure:4915: checking build system type
configure:4931: result: x86_64-pc-linux-musl
configure:4951: checking host system type
configure:4966: result: x86_64-pc-linux-musl
configure:5049: checking for gcc
configure:5082: result: gcc
configure:5441: checking for C compiler version
configure:5450: gcc --version >&5
gcc (Alpine 14.2.0) 14.2.0
Copyright (C) 2024 Free Software Foundation, Inc.
This is free software; see the source for copying conditions.  There is NO
warranty; not even for MERCHANTABILITY or FITNESS FOR A PARTICULAR PURPOSE.

configure:5461: $? = 0
configure:5450: gcc -v >&5
Using built-in specs.
COLLECT_GCC=/usr/bin/gcc
COLLECT_LTO_WRAPPER=/usr/libexec/gcc/x86_64-alpine-linux-musl/14.2.0/lto-wrapper
Target: x86_64-alpine-linux-musl
Configured with: /home/buildozer/aports/main/gcc/src/gcc-14.2.0/configure --prefix=/usr --mandir=/usr/share/man --infodir=/usr/share/info --build=x86_64-alpine-linux-musl --host=x86_64-alpine-linux-musl --target=x86_64-alpine-linux-musl --enable-checking=release --disable-cet --disable-fixed-point --disable-libstdcxx-pch --disable-multilib --disable-nls --disable-werror --disable-symvers --enable-__cxa_atexit --enable-default-pie --enable-default-ssp --enable-languages=c,c++,d,objc,go,fortran,ada --enable-link-serialization=2 --enable-linker-build-id --disable-libssp --disable-libsanitizer --enable-shared --enable-threads --enable-tls --with-bugurl=https://gitlab.alpinelinux.org/alpine/aports/-/issues --with-system-zlib --with-linker-hash-style=gnu --with-pkgversion='Alpine 14.2.0'
Thread model: posix
Supported LTO compression algorithms: zlib
gcc version 14.2.0 (Alpine 14.2.0) 
configure:5461: $? = 0
configure:5450: gcc -V >&5
gcc: error: unrecognized command-line option '-V'
gcc: fatal error: no input files
compilation terminated.
configure:5461: $? = 1
configure:5450: gcc -qversion >&5
gcc: error: unrecognized command-line option '-qversion'; did you mean '--version'?
gcc: fatal error: no input files
compilation terminated.
configure:5461: $? = 1
configure:5450: gcc -version >&5
gcc: error: unrecognized command-line option '-version'
gcc: fatal error: no input files
compilation terminated.
configure:5461: $? = 1
configure:5465: checking whether the compiler supports GNU C
configure:5485: gcc -c -g -O2  conftest.c >&5
configure:5485: $? = 0
configure:5497: result: yes
configure:5508: checking whether gcc accepts -g
configure:5529: gcc -c -g  conftest.c >&5
configure:5529: $? = 0
configure:5576: result: yes
configure:5596: checking for gcc option to enable C11 features
configure:5611: gcc  -c -g -O2  conftest.c >&5
configure:5611: $? = 0
configure:5630: result: none needed
configure:5748: checking for a sed that does not truncate output
configure:5820: result: /bin/sed
configure:5831: checking how to run the C preprocessor
configure:5857: gcc -E  conftest.c
configure:5857: $? = 0
configure:5873: gcc -E  conftest.c
conftest.c:10:10: fatal error: ac_nonexistent.h: No such file or directory
   10 | #include <ac_nonexistent.h>
      |          ^~~~~~~~~~~~~~~~~~
compilation terminated.
configure:5873: $? = 1
configure: failed program was:
| /* confdefs.h */
| #define PACKAGE_NAME "semigroups"
| #define PACKAGE_TARNAME "semigroups"
| #define PACKAGE_VERSION "GAP package"
| #define PACKAGE_STRING "semigroups GAP package"
| #define PACKAGE_BUGREPORT ""
| #define PACKAGE_URL ""
| #define HAVE_CXX14 1
| /* end confdefs.h.  */
| #include <ac_nonexistent.h>
configure:5902: result: gcc -E
configure:5916: gcc -E  conftest.c
configure:5916: $? = 0
configure:5932: gcc -E  conftest.c
conftest.c:10:10: fatal error: ac_nonexistent.h: No such file or directory
   10 | #include <ac_nonexistent.h>
      |          ^~~~~~~~~~~~~~~~~~
compilation terminated.
configure:5932: $? = 1
configure: failed program was:
| /* confdefs.h */
| #define PACKAGE_NAME "semigroups"
| #define PACKAGE_TARNAME "semigroups"
| #define PACKAGE_VERSION "GAP package"
| #define PACKAGE_STRING "semigroups GAP package"
| #define PACKAGE_BUGREPORT ""
| #define PACKAGE_URL ""
| #define HAVE_CXX14 1
| /* end confdefs.h.  */
| #include <ac_nonexistent.h>
configure:5965: checking for egrep -e
configure:6095: result: /bin/grep -E
configure:6265: checking whether gcc is Clang
configure:6293: result: no
configure:6359: checking whether pthreads work with "-pthread" and "-lpthread"
configure:6471: gcc -o conftest -g -O2 -pthread  -Wl,-rpath-link,/host/sage-musllinux_1_2_x86_64/lib -L/host/sage-musllinux_1_2_x86_64/lib -Wl,-rpath,/host/sage-musllinux_1_2_x86_64/lib -L/host/sage-musllinux_1_2_x86_64/lib -Wl,-rpath-link,/host/sage-musllinux_1_2_x86_64/lib -L/host/sage-musllinux_1_2_x86_64/lib -Wl,-rpath,/host/sage-musllinux_1_2_x86_64/lib  conftest.c -lpthread  >&5
configure:6471: $? = 0
configure:6481: result: yes
configure:6605: checking for joinable pthread attribute
configure:6624: gcc -o conftest -g -O2 -pthread  -Wl,-rpath-link,/host/sage-musllinux_1_2_x86_64/lib -L/host/sage-musllinux_1_2_x86_64/lib -Wl,-rpath,/host/sage-musllinux_1_2_x86_64/lib -L/host/sage-musllinux_1_2_x86_64/lib -Wl,-rpath-link,/host/sage-musllinux_1_2_x86_64/lib -L/host/sage-musllinux_1_2_x86_64/lib -Wl,-rpath,/host/sage-musllinux_1_2_x86_64/lib  conftest.c -lpthread  >&5
configure:6624: $? = 0
configure:6634: result: PTHREAD_CREATE_JOINABLE
configure:6647: checking whether more special flags are required for pthreads
configure:6662: result: no
configure:6671: checking for PTHREAD_PRIO_INHERIT
configure:6689: gcc -o conftest -g -O2 -pthread  -Wl,-rpath-link,/host/sage-musllinux_1_2_x86_64/lib -L/host/sage-musllinux_1_2_x86_64/lib -Wl,-rpath,/host/sage-musllinux_1_2_x86_64/lib -L/host/sage-musllinux_1_2_x86_64/lib -Wl,-rpath-link,/host/sage-musllinux_1_2_x86_64/lib -L/host/sage-musllinux_1_2_x86_64/lib -Wl,-rpath,/host/sage-musllinux_1_2_x86_64/lib  conftest.c -lpthread  >&5
configure:6689: $? = 0
configure:6701: result: yes
configure:6878: checking for pthread_create in -lpthread
configure:6900: g++ -o conftest -g -O2  -Wl,-rpath-link,/host/sage-musllinux_1_2_x86_64/lib -L/host/sage-musllinux_1_2_x86_64/lib -Wl,-rpath,/host/sage-musllinux_1_2_x86_64/lib -L/host/sage-musllinux_1_2_x86_64/lib -Wl,-rpath-link,/host/sage-musllinux_1_2_x86_64/lib -L/host/sage-musllinux_1_2_x86_64/lib -Wl,-rpath,/host/sage-musllinux_1_2_x86_64/lib  conftest.cpp -lpthread   >&5
configure:6900: $? = 0
configure:6912: result: yes
configure:6989: checking for pkg-config
configure:7012: found /usr/bin/pkg-config
configure:7025: result: /usr/bin/pkg-config
configure:7050: checking pkg-config is at least version 0.9.0
configure:7053: result: yes
configure:7068: checking for gawk
configure:7104: result: no
configure:7068: checking for mawk
configure:7104: result: no
configure:7068: checking for nawk
configure:7104: result: no
configure:7068: checking for awk
configure:7089: found /usr/bin/awk
configure:7101: result: awk
configure:7128: checking for libsemigroups >= 2.7.4
configure:7135: $PKG_CONFIG --exists --print-errors "libsemigroups >= $REQUI_LIBSEMIGROUPS_VERSION"
configure:7138: $? = 0
configure:7152: $PKG_CONFIG --exists --print-errors "libsemigroups >= $REQUI_LIBSEMIGROUPS_VERSION"
configure:7155: $? = 0
configure:7193: result: yes
configure:7282: using external libsemigroups 2.7.4
configure:7289: $PKG_CONFIG --exists --print-errors "libsemigroups"
configure:7292: $? = 0
configure:7333: checking whether to enable debug mode
configure:7335: result: no
configure:7345: checking for stdio.h
configure:7345: g++ -c -g -O2  conftest.cpp >&5
configure:7345: $? = 0
configure:7345: result: yes
configure:7345: checking for stdlib.h
configure:7345: g++ -c -g -O2  conftest.cpp >&5
configure:7345: $? = 0
configure:7345: result: yes
configure:7345: checking for string.h
configure:7345: g++ -c -g -O2  conftest.cpp >&5
configure:7345: $? = 0
configure:7345: result: yes
configure:7345: checking for inttypes.h
configure:7345: g++ -c -g -O2  conftest.cpp >&5
configure:7345: $? = 0
configure:7345: result: yes
configure:7345: checking for stdint.h
configure:7345: g++ -c -g -O2  conftest.cpp >&5
configure:7345: $? = 0
configure:7345: result: yes
configure:7345: checking for strings.h
configure:7345: g++ -c -g -O2  conftest.cpp >&5
configure:7345: $? = 0
configure:7345: result: yes
configure:7345: checking for sys/stat.h
configure:7345: g++ -c -g -O2  conftest.cpp >&5
configure:7345: $? = 0
configure:7345: result: yes
configure:7345: checking for sys/types.h
configure:7345: g++ -c -g -O2  conftest.cpp >&5
configure:7345: $? = 0
configure:7345: result: yes
configure:7345: checking for unistd.h
configure:7345: g++ -c -g -O2  conftest.cpp >&5
configure:7345: $? = 0
configure:7345: result: yes
configure:7382: checking whether to enable HPCombi
configure:7384: result: yes
configure:7402: checking the required version of HPCombi
configure:7405: result: 0.0.6
configure:7411: checking the version of HPCombi that's present
configure:7414: result: 0.0.6
configure:7462: checking whether C++ compiler accepts -mavx
configure:7482: g++ -c -g -O2  -mavx  conftest.cpp >&5
configure:7482: $? = 0
configure:7493: result: yes
configure:7522: : HPCOMBI_CXXFLAGS="$HPCOMBI_CXXFLAGS"
configure:7525: $? = 0
configure:7542: checking whether C++ compiler accepts -flax-vector-conversions
configure:7562: g++ -c -g -O2  -flax-vector-conversions  conftest.cpp >&5
configure:7562: $? = 0
configure:7573: result: yes
configure:7591: : HPCOMBI_CXXFLAGS="$HPCOMBI_CXXFLAGS"
configure:7594: $? = 0
configure:7624: checking for x86intrin.h
configure:7624: g++ -c -g -O2  conftest.cpp >&5
configure:7624: $? = 0
configure:7624: result: yes
configure:7646: checking for _mm_blendv_epi8
configure:7663: g++ -o conftest -mavx -flax-vector-conversions  -Wl,-rpath-link,/host/sage-musllinux_1_2_x86_64/lib -L/host/sage-musllinux_1_2_x86_64/lib -Wl,-rpath,/host/sage-musllinux_1_2_x86_64/lib -L/host/sage-musllinux_1_2_x86_64/lib -Wl,-rpath-link,/host/sage-musllinux_1_2_x86_64/lib -L/host/sage-musllinux_1_2_x86_64/lib -Wl,-rpath,/host/sage-musllinux_1_2_x86_64/lib  conftest.cpp -lpthread  >&5
configure:7663: $? = 0
configure:7673: result: yes
configure:7680: checking for _mm_cmpeq_epi8
configure:7697: g++ -o conftest -mavx -flax-vector-conversions  -Wl,-rpath-link,/host/sage-musllinux_1_2_x86_64/lib -L/host/sage-musllinux_1_2_x86_64/lib -Wl,-rpath,/host/sage-musllinux_1_2_x86_64/lib -L/host/sage-musllinux_1_2_x86_64/lib -Wl,-rpath-link,/host/sage-musllinux_1_2_x86_64/lib -L/host/sage-musllinux_1_2_x86_64/lib -Wl,-rpath,/host/sage-musllinux_1_2_x86_64/lib  conftest.cpp -lpthread  >&5
configure:7697: $? = 0
configure:7707: result: yes
configure:7714: checking for _mm_cmpestri
configure:7731: g++ -o conftest -mavx -flax-vector-conversions  -Wl,-rpath-link,/host/sage-musllinux_1_2_x86_64/lib -L/host/sage-musllinux_1_2_x86_64/lib -Wl,-rpath,/host/sage-musllinux_1_2_x86_64/lib -L/host/sage-musllinux_1_2_x86_64/lib -Wl,-rpath-link,/host/sage-musllinux_1_2_x86_64/lib -L/host/sage-musllinux_1_2_x86_64/lib -Wl,-rpath,/host/sage-musllinux_1_2_x86_64/lib  conftest.cpp -lpthread  >&5
configure:7731: $? = 0
configure:7741: result: yes
configure:7748: checking for _mm_cmpestrm
configure:7765: g++ -o conftest -mavx -flax-vector-conversions  -Wl,-rpath-link,/host/sage-musllinux_1_2_x86_64/lib -L/host/sage-musllinux_1_2_x86_64/lib -Wl,-rpath,/host/sage-musllinux_1_2_x86_64/lib -L/host/sage-musllinux_1_2_x86_64/lib -Wl,-rpath-link,/host/sage-musllinux_1_2_x86_64/lib -L/host/sage-musllinux_1_2_x86_64/lib -Wl,-rpath,/host/sage-musllinux_1_2_x86_64/lib  conftest.cpp -lpthread  >&5
configure:7765: $? = 0
configure:7775: result: yes
configure:7782: checking for _mm_cmplt_epi8
configure:7799: g++ -o conftest -mavx -flax-vector-conversions  -Wl,-rpath-link,/host/sage-musllinux_1_2_x86_64/lib -L/host/sage-musllinux_1_2_x86_64/lib -Wl,-rpath,/host/sage-musllinux_1_2_x86_64/lib -L/host/sage-musllinux_1_2_x86_64/lib -Wl,-rpath-link,/host/sage-musllinux_1_2_x86_64/lib -L/host/sage-musllinux_1_2_x86_64/lib -Wl,-rpath,/host/sage-musllinux_1_2_x86_64/lib  conftest.cpp -lpthread  >&5
configure:7799: $? = 0
configure:7809: result: yes
configure:7816: checking for _mm_extract_epi64
configure:7833: g++ -o conftest -mavx -flax-vector-conversions  -Wl,-rpath-link,/host/sage-musllinux_1_2_x86_64/lib -L/host/sage-musllinux_1_2_x86_64/lib -Wl,-rpath,/host/sage-musllinux_1_2_x86_64/lib -L/host/sage-musllinux_1_2_x86_64/lib -Wl,-rpath-link,/host/sage-musllinux_1_2_x86_64/lib -L/host/sage-musllinux_1_2_x86_64/lib -Wl,-rpath,/host/sage-musllinux_1_2_x86_64/lib  conftest.cpp -lpthread  >&5
configure:7833: $? = 0
configure:7843: result: yes
configure:7850: checking for _mm_max_epi8
configure:7867: g++ -o conftest -mavx -flax-vector-conversions  -Wl,-rpath-link,/host/sage-musllinux_1_2_x86_64/lib -L/host/sage-musllinux_1_2_x86_64/lib -Wl,-rpath,/host/sage-musllinux_1_2_x86_64/lib -L/host/sage-musllinux_1_2_x86_64/lib -Wl,-rpath-link,/host/sage-musllinux_1_2_x86_64/lib -L/host/sage-musllinux_1_2_x86_64/lib -Wl,-rpath,/host/sage-musllinux_1_2_x86_64/lib  conftest.cpp -lpthread  >&5
configure:7867: $? = 0
configure:7877: result: yes
configure:7884: checking for _mm_max_epu8
configure:7901: g++ -o conftest -mavx -flax-vector-conversions  -Wl,-rpath-link,/host/sage-musllinux_1_2_x86_64/lib -L/host/sage-musllinux_1_2_x86_64/lib -Wl,-rpath,/host/sage-musllinux_1_2_x86_64/lib -L/host/sage-musllinux_1_2_x86_64/lib -Wl,-rpath-link,/host/sage-musllinux_1_2_x86_64/lib -L/host/sage-musllinux_1_2_x86_64/lib -Wl,-rpath,/host/sage-musllinux_1_2_x86_64/lib  conftest.cpp -lpthread  >&5
configure:7901: $? = 0
configure:7911: result: yes
configure:7918: checking for _mm_min_epi8
configure:7935: g++ -o conftest -mavx -flax-vector-conversions  -Wl,-rpath-link,/host/sage-musllinux_1_2_x86_64/lib -L/host/sage-musllinux_1_2_x86_64/lib -Wl,-rpath,/host/sage-musllinux_1_2_x86_64/lib -L/host/sage-musllinux_1_2_x86_64/lib -Wl,-rpath-link,/host/sage-musllinux_1_2_x86_64/lib -L/host/sage-musllinux_1_2_x86_64/lib -Wl,-rpath,/host/sage-musllinux_1_2_x86_64/lib  conftest.cpp -lpthread  >&5
configure:7935: $? = 0
configure:7945: result: yes
configure:7952: checking for _mm_min_epu8
configure:7969: g++ -o conftest -mavx -flax-vector-conversions  -Wl,-rpath-link,/host/sage-musllinux_1_2_x86_64/lib -L/host/sage-musllinux_1_2_x86_64/lib -Wl,-rpath,/host/sage-musllinux_1_2_x86_64/lib -L/host/sage-musllinux_1_2_x86_64/lib -Wl,-rpath-link,/host/sage-musllinux_1_2_x86_64/lib -L/host/sage-musllinux_1_2_x86_64/lib -Wl,-rpath,/host/sage-musllinux_1_2_x86_64/lib  conftest.cpp -lpthread  >&5
configure:7969: $? = 0
configure:7979: result: yes
configure:7986: checking for _mm_movemask_epi8
configure:8003: g++ -o conftest -mavx -flax-vector-conversions  -Wl,-rpath-link,/host/sage-musllinux_1_2_x86_64/lib -L/host/sage-musllinux_1_2_x86_64/lib -Wl,-rpath,/host/sage-musllinux_1_2_x86_64/lib -L/host/sage-musllinux_1_2_x86_64/lib -Wl,-rpath-link,/host/sage-musllinux_1_2_x86_64/lib -L/host/sage-musllinux_1_2_x86_64/lib -Wl,-rpath,/host/sage-musllinux_1_2_x86_64/lib  conftest.cpp -lpthread  >&5
configure:8003: $? = 0
configure:8013: result: yes
configure:8020: checking for _mm_popcnt_u32
configure:8037: g++ -o conftest -mavx -flax-vector-conversions  -Wl,-rpath-link,/host/sage-musllinux_1_2_x86_64/lib -L/host/sage-musllinux_1_2_x86_64/lib -Wl,-rpath,/host/sage-musllinux_1_2_x86_64/lib -L/host/sage-musllinux_1_2_x86_64/lib -Wl,-rpath-link,/host/sage-musllinux_1_2_x86_64/lib -L/host/sage-musllinux_1_2_x86_64/lib -Wl,-rpath,/host/sage-musllinux_1_2_x86_64/lib  conftest.cpp -lpthread  >&5
configure:8037: $? = 0
configure:8047: result: yes
configure:8054: checking for _mm_set_epi64x
configure:8071: g++ -o conftest -mavx -flax-vector-conversions  -Wl,-rpath-link,/host/sage-musllinux_1_2_x86_64/lib -L/host/sage-musllinux_1_2_x86_64/lib -Wl,-rpath,/host/sage-musllinux_1_2_x86_64/lib -L/host/sage-musllinux_1_2_x86_64/lib -Wl,-rpath-link,/host/sage-musllinux_1_2_x86_64/lib -L/host/sage-musllinux_1_2_x86_64/lib -Wl,-rpath,/host/sage-musllinux_1_2_x86_64/lib  conftest.cpp -lpthread  >&5
configure:8071: $? = 0
configure:8081: result: yes
configure:8088: checking for _mm_shuffle_epi8
configure:8105: g++ -o conftest -mavx -flax-vector-conversions  -Wl,-rpath-link,/host/sage-musllinux_1_2_x86_64/lib -L/host/sage-musllinux_1_2_x86_64/lib -Wl,-rpath,/host/sage-musllinux_1_2_x86_64/lib -L/host/sage-musllinux_1_2_x86_64/lib -Wl,-rpath-link,/host/sage-musllinux_1_2_x86_64/lib -L/host/sage-musllinux_1_2_x86_64/lib -Wl,-rpath,/host/sage-musllinux_1_2_x86_64/lib  conftest.cpp -lpthread  >&5
configure:8105: $? = 0
configure:8115: result: yes
configure:8122: checking for _mm_slli_epi32
configure:8139: g++ -o conftest -mavx -flax-vector-conversions  -Wl,-rpath-link,/host/sage-musllinux_1_2_x86_64/lib -L/host/sage-musllinux_1_2_x86_64/lib -Wl,-rpath,/host/sage-musllinux_1_2_x86_64/lib -L/host/sage-musllinux_1_2_x86_64/lib -Wl,-rpath-link,/host/sage-musllinux_1_2_x86_64/lib -L/host/sage-musllinux_1_2_x86_64/lib -Wl,-rpath,/host/sage-musllinux_1_2_x86_64/lib  conftest.cpp -lpthread  >&5
configure:8139: $? = 0
configure:8149: result: yes
configure:8179: checking for HPCOMBI_CONSTEXPR_FUN_ARGS
configure:8195: g++ -c -g -O2  conftest.cpp >&5
configure:8195: $? = 0
configure:8204: result: yes
configure:8328: creating ./config.status

## ---------------------- ##
## Running config.status. ##
## ---------------------- ##

This file was extended by semigroups config.status GAP package, which was
generated by GNU Autoconf 2.72.  Invocation command line was

  CONFIG_FILES    = 
  CONFIG_HEADERS  = 
  CONFIG_LINKS    = 
  CONFIG_COMMANDS = 
  $ ./config.status 

on 59e2497ae63d

config.status:849: creating GNUmakefile
config.status:849: creating gen/pkgconfig.h
config.status:1033: executing src/semigroups-config.hpp commands
config.status:1071: creating src/semigroups-config.hpp - prefix SEMIGROUPS for gen/pkgconfig.h defines

## ---------------- ##
## Cache variables. ##
## ---------------- ##

ac_cv_build=x86_64-pc-linux-musl
ac_cv_c_compiler_gnu=yes
ac_cv_cxx_compiler_gnu=yes
ac_cv_env_CCC_set=
ac_cv_env_CCC_value=
ac_cv_env_CC_set=set
ac_cv_env_CC_value=gcc
ac_cv_env_CFLAGS_set=set
ac_cv_env_CFLAGS_value='-g -O2'
ac_cv_env_CPPFLAGS_set=
ac_cv_env_CPPFLAGS_value=
ac_cv_env_CPP_set=
ac_cv_env_CPP_value=
ac_cv_env_CXXFLAGS_set=set
ac_cv_env_CXXFLAGS_value='-g -O2'
ac_cv_env_CXX_set=set
ac_cv_env_CXX_value=g++
ac_cv_env_LDFLAGS_set=set
ac_cv_env_LDFLAGS_value='-Wl,-rpath-link,/host/sage-musllinux_1_2_x86_64/lib -L/host/sage-musllinux_1_2_x86_64/lib -Wl,-rpath,/host/sage-musllinux_1_2_x86_64/lib -L/host/sage-musllinux_1_2_x86_64/lib -Wl,-rpath-link,/host/sage-musllinux_1_2_x86_64/lib -L/host/sage-musllinux_1_2_x86_64/lib -Wl,-rpath,/host/sage-musllinux_1_2_x86_64/lib '
ac_cv_env_LIBSEMIGROUPS_CFLAGS_set=
ac_cv_env_LIBSEMIGROUPS_CFLAGS_value=
ac_cv_env_LIBSEMIGROUPS_LIBS_set=
ac_cv_env_LIBSEMIGROUPS_LIBS_value=
ac_cv_env_LIBSEMIGROUPS_RPATH_set=
ac_cv_env_LIBSEMIGROUPS_RPATH_value=
ac_cv_env_LIBS_set=
ac_cv_env_LIBS_value=
ac_cv_env_PKG_CONFIG_LIBDIR_set=
ac_cv_env_PKG_CONFIG_LIBDIR_value=
ac_cv_env_PKG_CONFIG_PATH_set=set
ac_cv_env_PKG_CONFIG_PATH_value=/host/sage-musllinux_1_2_x86_64/lib/pkgconfig:/host/sage-musllinux_1_2_x86_64/lib/pkgconfig:/project/prefix/lib/pkgconfig:/usr/local/lib/pkgconfig
ac_cv_env_PKG_CONFIG_set=
ac_cv_env_PKG_CONFIG_value=
ac_cv_env_build_alias_set=
ac_cv_env_build_alias_value=
ac_cv_env_host_alias_set=
ac_cv_env_host_alias_value=
ac_cv_env_target_alias_set=
ac_cv_env_target_alias_value=
ac_cv_header_inttypes_h=yes
ac_cv_header_stdint_h=yes
ac_cv_header_stdio_h=yes
ac_cv_header_stdlib_h=yes
ac_cv_header_string_h=yes
ac_cv_header_strings_h=yes
ac_cv_header_sys_stat_h=yes
ac_cv_header_sys_types_h=yes
ac_cv_header_unistd_h=yes
ac_cv_header_x86intrin_h=yes
ac_cv_host=x86_64-pc-linux-musl
ac_cv_lib_pthread_pthread_create=yes
ac_cv_objext=o
ac_cv_path_EGREP_TRADITIONAL='/bin/grep -E'
ac_cv_path_SED=/bin/sed
ac_cv_path_ac_pt_PKG_CONFIG=/usr/bin/pkg-config
ac_cv_prog_AWK=awk
ac_cv_prog_CPP='gcc -E'
ac_cv_prog_ac_ct_CC=gcc
ac_cv_prog_cc_c11=
ac_cv_prog_cc_g=yes
ac_cv_prog_cc_stdc=
ac_cv_prog_cxx_cxx11=
ac_cv_prog_cxx_g=yes
ac_cv_prog_cxx_stdcxx=
ax_cv_PTHREAD_CLANG=no
ax_cv_PTHREAD_JOINABLE_ATTR=PTHREAD_CREATE_JOINABLE
ax_cv_PTHREAD_PRIO_INHERIT=yes
ax_cv_PTHREAD_SPECIAL_FLAGS=no
ax_cv_check_cxxflags___flax_vector_conversions=yes
ax_cv_check_cxxflags___mavx=yes
ax_cv_cxx_compile_cxx14=yes
pkg_cv_LIBSEMIGROUPS_CFLAGS=
pkg_cv_LIBSEMIGROUPS_LIBS=-lsemigroups
pkg_cv_LIBSEMIGROUPS_RPATH=/host/sage-musllinux_1_2_x86_64/lib

## ----------------- ##
## Output variables. ##
## ----------------- ##

AWK='awk'
CC='gcc'
CFLAGS='-g -O2'
CPP='gcc -E'
CPPFLAGS=''
CXX='g++'
CXXFLAGS='-g -O2'
DEFS='-DHAVE_CONFIG_H'
ECHO_C=''
ECHO_N='-n'
ECHO_T=''
EXEEXT=''
GAPARCH='x86_64-pc-linux-musl-default64-kv10'
GAPROOT='/host/sage-musllinux_1_2_x86_64/lib/gap'
GAP_CFLAGS=' -pthread -g -O2'
GAP_CPPFLAGS='-I/host/sage-musllinux_1_2_x86_64/include/gap/extra -DUSE_GASMAN=1'
GAP_LDFLAGS=''
HAVE_CXX14='1'
HPCOMBI_CONSTEXPR_FUN_ARGS='yes'
HPCOMBI_CXXFLAGS='-mavx -flax-vector-conversions'
KERNEL_DEBUG='no'
LDFLAGS='-Wl,-rpath-link,/host/sage-musllinux_1_2_x86_64/lib -L/host/sage-musllinux_1_2_x86_64/lib -Wl,-rpath,/host/sage-musllinux_1_2_x86_64/lib -L/host/sage-musllinux_1_2_x86_64/lib -Wl,-rpath-link,/host/sage-musllinux_1_2_x86_64/lib -L/host/sage-musllinux_1_2_x86_64/lib -Wl,-rpath,/host/sage-musllinux_1_2_x86_64/lib '
LIBOBJS=''
LIBS='-lpthread '
LIBSEMIGROUPS_CFLAGS=''
LIBSEMIGROUPS_HPCOMBI_ENABLED='yes'
LIBSEMIGROUPS_LIBS='-lsemigroups'
LIBSEMIGROUPS_RPATH='-Wl,-rpath,/host/sage-musllinux_1_2_x86_64/lib'
LTLIBOBJS=''
OBJEXT='o'
PACKAGE_BUGREPORT=''
PACKAGE_NAME='semigroups'
PACKAGE_STRING='semigroups GAP package'
PACKAGE_TARNAME='semigroups'
PACKAGE_URL=''
PACKAGE_VERSION='GAP package'
PATH_SEPARATOR=':'
PKG_CONFIG='/usr/bin/pkg-config'
PKG_CONFIG_LIBDIR=''
PKG_CONFIG_PATH='/host/sage-musllinux_1_2_x86_64/lib/pkgconfig:/host/sage-musllinux_1_2_x86_64/lib/pkgconfig:/project/prefix/lib/pkgconfig:/usr/local/lib/pkgconfig'
PTHREAD_CC='gcc'
PTHREAD_CFLAGS='-pthread'
PTHREAD_CXX='g++'
PTHREAD_LIBS='-lpthread'
SED='/bin/sed'
SHELL='/bin/bash'
SYS_IS_CYGWIN=''
WITH_INCLUDED_LIBSEMIGROUPS=''
ac_ct_CC='gcc'
ac_ct_CXX=''
ax_pthread_config=''
bindir='${exec_prefix}/bin'
build='x86_64-pc-linux-musl'
build_alias=''
build_cpu='x86_64'
build_os='linux-musl'
build_vendor='pc'
datadir='${datarootdir}'
datarootdir='${prefix}/share'
docdir='${datarootdir}/doc/${PACKAGE_TARNAME}'
dvidir='${docdir}'
exec_prefix='${prefix}'
host='x86_64-pc-linux-musl'
host_alias=''
host_cpu='x86_64'
host_os='linux-musl'
host_vendor='pc'
htmldir='${docdir}'
includedir='${prefix}/include'
infodir='${datarootdir}/info'
libdir='/host/sage-musllinux_1_2_x86_64/lib'
libexecdir='${exec_prefix}/libexec'
localedir='${datarootdir}/locale'
localstatedir='${prefix}/var'
mandir='${datarootdir}/man'
oldincludedir='/usr/include'
pdfdir='${docdir}'
prefix='/host/sage-musllinux_1_2_x86_64'
program_transform_name='s,x,x,'
psdir='${docdir}'
runstatedir='${localstatedir}/run'
sbindir='${exec_prefix}/sbin'
sharedstatedir='${prefix}/com'
subdirs=''
sysconfdir='${prefix}/etc'
target_alias=''

## ----------- ##
## confdefs.h. ##
## ----------- ##

/* confdefs.h */
#define PACKAGE_NAME "semigroups"
#define PACKAGE_TARNAME "semigroups"
#define PACKAGE_VERSION "GAP package"
#define PACKAGE_STRING "semigroups GAP package"
#define PACKAGE_BUGREPORT ""
#define PACKAGE_URL ""
#define HAVE_CXX14 1
#define HAVE_PTHREAD_PRIO_INHERIT 1
#define HAVE_PTHREAD 1
#define HAVE_LIBPTHREAD 1
#define HAVE_STDIO_H 1
#define HAVE_STDLIB_H 1
#define HAVE_STRING_H 1
#define HAVE_INTTYPES_H 1
#define HAVE_STDINT_H 1
#define HAVE_STRINGS_H 1
#define HAVE_SYS_STAT_H 1
#define HAVE_SYS_TYPES_H 1
#define HAVE_UNISTD_H 1
#define STDC_HEADERS 1
#define HAVE_X86INTRIN_H 1
#define HPCOMBI_ENABLED 1

configure: exit 0

## ---------------------- ##
## Running config.status. ##
## ---------------------- ##

This file was extended by semigroups config.status GAP package, which was
generated by GNU Autoconf 2.72.  Invocation command line was

  CONFIG_FILES    = 
  CONFIG_HEADERS  = 
  CONFIG_LINKS    = 
  CONFIG_COMMANDS = 
  $ ./config.status gen/pkgconfig.h

on 59e2497ae63d

config.status:849: creating gen/pkgconfig.h
config.status:1019: gen/pkgconfig.h is unchanged
